2020-03-26 11:48:17,268 [9] Orchard.Environment.ShellBuilders.CompositionStrategy - (null) - WARN Identified 'Safarnama.Theme' as an orphaned feature state record in Settings_ShellFeatureRecord.
2020-03-26 11:48:17,306 [9] Orchard.Environment.ShellBuilders.CompositionStrategy - (null) - WARN Identified 'Safarnama.Theme' as an orphaned feature state record in Settings_ShellFeatureRecord.
2020-03-26 11:48:18,412 [9] Orchard.Environment.Extensions.ExtensionManager - (null) - WARN No suitable loader found for extension "Terra"
2020-03-26 11:57:07,825 [5] Orchard.Environment.ShellBuilders.CompositionStrategy - (null) - WARN Identified 'Safarnama.Theme' as an orphaned feature state record in Settings_ShellFeatureRecord.
2020-03-26 11:57:07,854 [5] Orchard.Environment.ShellBuilders.CompositionStrategy - (null) - WARN Identified 'Safarnama.Theme' as an orphaned feature state record in Settings_ShellFeatureRecord.
2020-03-26 11:57:08,201 [5] Orchard.Environment.Extensions.ExtensionManager - (null) - WARN No suitable loader found for extension "Terra"
2020-03-26 11:57:48,152 [6] Orchard.Exceptions.DefaultExceptionPolicy - Default - ERROR An unexpected exception was caught
System.Web.HttpException (0x80004005): The file "~/Themes/SafarnamaTheme/Views/Layout.cshtml" cannot be requested directly because it calls the "RenderBody" method.
   at System.Web.WebPages.WebPageBase.EnsurePageCanBeRequestedDirectly(String methodName)
   at System.Web.WebPages.WebPageBase.RenderBody()
   at ASP._Page_Themes_SafarnamaTheme_Views_Layout_cshtml.Execute() in E:\priyanka\New Project\Orchard-dev\Orchard-dev\src\Orchard.Web\Themes\SafarnamaTheme\Views\Layout.cshtml:line 125
   at System.Web.WebPages.WebPageBase.ExecutePageHierarchy()
   at System.Web.Mvc.WebViewPage.ExecutePageHierarchy()
   at System.Web.WebPages.WebPageBase.ExecutePageHierarchy(WebPageContext pageContext, TextWriter writer, WebPageRenderingBase startPage)
   at System.Web.Mvc.RazorView.RenderView(ViewContext viewContext, TextWriter writer, Object instance)
   at System.Web.Mvc.BuildManagerCompiledView.Render(ViewContext viewContext, TextWriter writer)
   at System.Web.Mvc.HtmlHelper.RenderPartialInternal(String partialViewName, ViewDataDictionary viewData, Object model, TextWriter writer, ViewEngineCollection viewEngineCollection)
   at System.Web.Mvc.Html.PartialExtensions.Partial(HtmlHelper htmlHelper, String partialViewName, Object model, ViewDataDictionary viewData)
   at System.Web.Mvc.Html.PartialExtensions.Partial(HtmlHelper htmlHelper, String partialViewName, Object model)
   at Orchard.DisplayManagement.Descriptors.ShapeTemplateStrategy.ShapeTemplateBindingStrategy.Render(ShapeDescriptor shapeDescriptor, DisplayContext displayContext, HarvestShapeInfo harvestShapeInfo, HarvestShapeHit harvestShapeHit) in E:\priyanka\New Project\Orchard-dev\Orchard-dev\src\Orchard\DisplayManagement\Descriptors\ShapeTemplateStrategy\ShapeTemplateBindingStrategy.cs:line 151
   at Orchard.DisplayManagement.Descriptors.ShapeTemplateStrategy.ShapeTemplateBindingStrategy.<>c__DisplayClass20_7.<Discover>b__14(DisplayContext displayContext) in E:\priyanka\New Project\Orchard-dev\Orchard-dev\src\Orchard\DisplayManagement\Descriptors\ShapeTemplateStrategy\ShapeTemplateBindingStrategy.cs:line 133
   at Orchard.DisplayManagement.Descriptors.ShapeAlterationBuilder.<>c__DisplayClass7_1.<BoundAs>b__1(DisplayContext displayContext) in E:\priyanka\New Project\Orchard-dev\Orchard-dev\src\Orchard\DisplayManagement\Descriptors\ShapeAlterationBuilder.cs:line 56
   at Orchard.DisplayManagement.Implementation.DefaultDisplayManager.Process(ShapeBinding shapeBinding, IShape shape, DisplayContext context) in E:\priyanka\New Project\Orchard-dev\Orchard-dev\src\Orchard\DisplayManagement\Implementation\DefaultDisplayManager.cs:line 207
   at Orchard.DisplayManagement.Implementation.DefaultDisplayManager.Execute(DisplayContext context) in E:\priyanka\New Project\Orchard-dev\Orchard-dev\src\Orchard\DisplayManagement\Implementation\DefaultDisplayManager.cs:line 103
   at Orchard.DisplayManagement.Implementation.DisplayHelper.ShapeExecute(Object shape) in E:\priyanka\New Project\Orchard-dev\Orchard-dev\src\Orchard\DisplayManagement\Implementation\DisplayHelper.cs:line 86
   at Orchard.DisplayManagement.Implementation.DisplayHelper.Invoke(String name, INamedEnumerable`1 parameters) in E:\priyanka\New Project\Orchard-dev\Orchard-dev\src\Orchard\DisplayManagement\Implementation\DisplayHelper.cs:line 44
   at Orchard.DisplayManagement.Implementation.DisplayHelper.TryInvoke(InvokeBinder binder, Object[] args, Object& result) in E:\priyanka\New Project\Orchard-dev\Orchard-dev\src\Orchard\DisplayManagement\Implementation\DisplayHelper.cs:line 29
   at CallSite.Target(Closure , CallSite , Object , Object )
   at System.Dynamic.UpdateDelegates.UpdateAndExecute2[T0,T1,TRet](CallSite site, T0 arg0, T1 arg1)
   at Orchard.Mvc.ViewEngines.ThemeAwareness.LayoutAwareViewEngine.<>c__DisplayClass9_0.<FindView>b__0(ViewContext viewContext, TextWriter writer, IViewDataContainer viewDataContainer) in E:\priyanka\New Project\Orchard-dev\Orchard-dev\src\Orchard\Mvc\ViewEngines\ThemeAwareness\LayoutAwareViewEngine.cs:line 63
   at Orchard.Mvc.ViewEngines.ThemeAwareness.LayoutAwareViewEngine.LayoutView.Render(ViewContext viewContext, TextWriter writer) in E:\priyanka\New Project\Orchard-dev\Orchard-dev\src\Orchard\Mvc\ViewEngines\ThemeAwareness\LayoutAwareViewEngine.cs:line 90
   at System.Web.Mvc.ViewResultBase.ExecuteResult(ControllerContext context)
   at System.Web.Mvc.ControllerActionInvoker.InvokeActionResult(ControllerContext controllerContext, ActionResult actionResult)
   at System.Web.Mvc.ControllerActionInvoker.InvokeActionResultFilterRecursive(IList`1 filters, Int32 filterIndex, ResultExecutingContext preContext, ControllerContext controllerContext, ActionResult actionResult)
   at System.Web.Mvc.ControllerActionInvoker.InvokeActionResultFilterRecursive(IList`1 filters, Int32 filterIndex, ResultExecutingContext preContext, ControllerContext controllerContext, ActionResult actionResult)
   at System.Web.Mvc.ControllerActionInvoker.InvokeActionResultFilterRecursive(IList`1 filters, Int32 filterIndex, ResultExecutingContext preContext, ControllerContext controllerContext, ActionResult actionResult)
   at System.Web.Mvc.ControllerActionInvoker.InvokeActionResultFilterRecursive(IList`1 filters, Int32 filterIndex, ResultExecutingContext preContext, ControllerContext controllerContext, ActionResult actionResult)
   at System.Web.Mvc.ControllerActionInvoker.InvokeActionResultFilterRecursive(IList`1 filters, Int32 filterIndex, ResultExecutingContext preContext, ControllerContext controllerContext, ActionResult actionResult)
   at System.Web.Mvc.ControllerActionInvoker.InvokeActionResultFilterRecursive(IList`1 filters, Int32 filterIndex, ResultExecutingContext preContext, ControllerContext controllerContext, ActionResult actionResult)
   at System.Web.Mvc.ControllerActionInvoker.InvokeActionResultFilterRecursive(IList`1 filters, Int32 filterIndex, ResultExecutingContext preContext, ControllerContext controllerContext, ActionResult actionResult)
   at System.Web.Mvc.ControllerActionInvoker.InvokeActionResultFilterRecursive(IList`1 filters, Int32 filterIndex, ResultExecutingContext preContext, ControllerContext controllerContext, ActionResult actionResult)
   at System.Web.Mvc.ControllerActionInvoker.InvokeActionResultFilterRecursive(IList`1 filters, Int32 filterIndex, ResultExecutingContext preContext, ControllerContext controllerContext, ActionResult actionResult)
2020-03-26 11:57:49,922 [6] Orchard.Exceptions.DefaultExceptionPolicy - Default - ERROR An unexpected exception was caught
System.Web.HttpException (0x80004005): The file "~/Themes/SafarnamaTheme/Views/Layout.cshtml" cannot be requested directly because it calls the "RenderBody" method.
   at System.Web.WebPages.WebPageBase.EnsurePageCanBeRequestedDirectly(String methodName)
   at System.Web.WebPages.WebPageBase.RenderBody()
   at ASP._Page_Themes_SafarnamaTheme_Views_Layout_cshtml.Execute() in E:\priyanka\New Project\Orchard-dev\Orchard-dev\src\Orchard.Web\Themes\SafarnamaTheme\Views\Layout.cshtml:line 125
   at System.Web.WebPages.WebPageBase.ExecutePageHierarchy()
   at System.Web.Mvc.WebViewPage.ExecutePageHierarchy()
   at System.Web.WebPages.WebPageBase.ExecutePageHierarchy(WebPageContext pageContext, TextWriter writer, WebPageRenderingBase startPage)
   at System.Web.Mvc.RazorView.RenderView(ViewContext viewContext, TextWriter writer, Object instance)
   at System.Web.Mvc.BuildManagerCompiledView.Render(ViewContext viewContext, TextWriter writer)
   at System.Web.Mvc.HtmlHelper.RenderPartialInternal(String partialViewName, ViewDataDictionary viewData, Object model, TextWriter writer, ViewEngineCollection viewEngineCollection)
   at System.Web.Mvc.Html.PartialExtensions.Partial(HtmlHelper htmlHelper, String partialViewName, Object model, ViewDataDictionary viewData)
   at System.Web.Mvc.Html.PartialExtensions.Partial(HtmlHelper htmlHelper, String partialViewName, Object model)
   at Orchard.DisplayManagement.Descriptors.ShapeTemplateStrategy.ShapeTemplateBindingStrategy.Render(ShapeDescriptor shapeDescriptor, DisplayContext displayContext, HarvestShapeInfo harvestShapeInfo, HarvestShapeHit harvestShapeHit) in E:\priyanka\New Project\Orchard-dev\Orchard-dev\src\Orchard\DisplayManagement\Descriptors\ShapeTemplateStrategy\ShapeTemplateBindingStrategy.cs:line 151
   at Orchard.DisplayManagement.Descriptors.ShapeTemplateStrategy.ShapeTemplateBindingStrategy.<>c__DisplayClass20_7.<Discover>b__14(DisplayContext displayContext) in E:\priyanka\New Project\Orchard-dev\Orchard-dev\src\Orchard\DisplayManagement\Descriptors\ShapeTemplateStrategy\ShapeTemplateBindingStrategy.cs:line 133
   at Orchard.DisplayManagement.Descriptors.ShapeAlterationBuilder.<>c__DisplayClass7_1.<BoundAs>b__1(DisplayContext displayContext) in E:\priyanka\New Project\Orchard-dev\Orchard-dev\src\Orchard\DisplayManagement\Descriptors\ShapeAlterationBuilder.cs:line 56
   at Orchard.DisplayManagement.Implementation.DefaultDisplayManager.Process(ShapeBinding shapeBinding, IShape shape, DisplayContext context) in E:\priyanka\New Project\Orchard-dev\Orchard-dev\src\Orchard\DisplayManagement\Implementation\DefaultDisplayManager.cs:line 207
   at Orchard.DisplayManagement.Implementation.DefaultDisplayManager.Execute(DisplayContext context) in E:\priyanka\New Project\Orchard-dev\Orchard-dev\src\Orchard\DisplayManagement\Implementation\DefaultDisplayManager.cs:line 103
   at Orchard.DisplayManagement.Implementation.DisplayHelper.ShapeExecute(Object shape) in E:\priyanka\New Project\Orchard-dev\Orchard-dev\src\Orchard\DisplayManagement\Implementation\DisplayHelper.cs:line 86
   at Orchard.DisplayManagement.Implementation.DisplayHelper.Invoke(String name, INamedEnumerable`1 parameters) in E:\priyanka\New Project\Orchard-dev\Orchard-dev\src\Orchard\DisplayManagement\Implementation\DisplayHelper.cs:line 44
   at Orchard.DisplayManagement.Implementation.DisplayHelper.TryInvoke(InvokeBinder binder, Object[] args, Object& result) in E:\priyanka\New Project\Orchard-dev\Orchard-dev\src\Orchard\DisplayManagement\Implementation\DisplayHelper.cs:line 29
   at CallSite.Target(Closure , CallSite , Object , Object )
   at Orchard.Mvc.ViewEngines.ThemeAwareness.LayoutAwareViewEngine.<>c__DisplayClass9_0.<FindView>b__0(ViewContext viewContext, TextWriter writer, IViewDataContainer viewDataContainer) in E:\priyanka\New Project\Orchard-dev\Orchard-dev\src\Orchard\Mvc\ViewEngines\ThemeAwareness\LayoutAwareViewEngine.cs:line 63
   at Orchard.Mvc.ViewEngines.ThemeAwareness.LayoutAwareViewEngine.LayoutView.Render(ViewContext viewContext, TextWriter writer) in E:\priyanka\New Project\Orchard-dev\Orchard-dev\src\Orchard\Mvc\ViewEngines\ThemeAwareness\LayoutAwareViewEngine.cs:line 90
   at System.Web.Mvc.ViewResultBase.ExecuteResult(ControllerContext context)
   at System.Web.Mvc.ControllerActionInvoker.InvokeActionResult(ControllerContext controllerContext, ActionResult actionResult)
   at System.Web.Mvc.ControllerActionInvoker.InvokeActionResultFilterRecursive(IList`1 filters, Int32 filterIndex, ResultExecutingContext preContext, ControllerContext controllerContext, ActionResult actionResult)
   at System.Web.Mvc.ControllerActionInvoker.InvokeActionResultFilterRecursive(IList`1 filters, Int32 filterIndex, ResultExecutingContext preContext, ControllerContext controllerContext, ActionResult actionResult)
   at System.Web.Mvc.ControllerActionInvoker.InvokeActionResultFilterRecursive(IList`1 filters, Int32 filterIndex, ResultExecutingContext preContext, ControllerContext controllerContext, ActionResult actionResult)
   at System.Web.Mvc.ControllerActionInvoker.InvokeActionResultFilterRecursive(IList`1 filters, Int32 filterIndex, ResultExecutingContext preContext, ControllerContext controllerContext, ActionResult actionResult)
   at System.Web.Mvc.ControllerActionInvoker.InvokeActionResultFilterRecursive(IList`1 filters, Int32 filterIndex, ResultExecutingContext preContext, ControllerContext controllerContext, ActionResult actionResult)
   at System.Web.Mvc.ControllerActionInvoker.InvokeActionResultFilterRecursive(IList`1 filters, Int32 filterIndex, ResultExecutingContext preContext, ControllerContext controllerContext, ActionResult actionResult)
   at System.Web.Mvc.ControllerActionInvoker.InvokeActionResultFilterRecursive(IList`1 filters, Int32 filterIndex, ResultExecutingContext preContext, ControllerContext controllerContext, ActionResult actionResult)
   at System.Web.Mvc.ControllerActionInvoker.InvokeActionResultFilterRecursive(IList`1 filters, Int32 filterIndex, ResultExecutingContext preContext, ControllerContext controllerContext, ActionResult actionResult)
   at System.Web.Mvc.ControllerActionInvoker.InvokeActionResultFilterRecursive(IList`1 filters, Int32 filterIndex, ResultExecutingContext preContext, ControllerContext controllerContext, ActionResult actionResult)
2020-03-26 11:58:41,145 [6] Orchard.Exceptions.DefaultExceptionPolicy - Default - ERROR An unexpected exception was caught
System.Web.HttpException (0x80004005): The file "~/Themes/SafarnamaTheme/Views/Layout.cshtml" cannot be requested directly because it calls the "RenderBody" method.
   at System.Web.WebPages.WebPageBase.EnsurePageCanBeRequestedDirectly(String methodName)
   at System.Web.WebPages.WebPageBase.RenderBody()
   at ASP._Page_Themes_SafarnamaTheme_Views_Layout_cshtml.Execute() in E:\priyanka\New Project\Orchard-dev\Orchard-dev\src\Orchard.Web\Themes\SafarnamaTheme\Views\Layout.cshtml:line 125
   at System.Web.WebPages.WebPageBase.ExecutePageHierarchy()
   at System.Web.Mvc.WebViewPage.ExecutePageHierarchy()
   at System.Web.WebPages.WebPageBase.ExecutePageHierarchy(WebPageContext pageContext, TextWriter writer, WebPageRenderingBase startPage)
   at System.Web.Mvc.RazorView.RenderView(ViewContext viewContext, TextWriter writer, Object instance)
   at System.Web.Mvc.BuildManagerCompiledView.Render(ViewContext viewContext, TextWriter writer)
   at System.Web.Mvc.HtmlHelper.RenderPartialInternal(String partialViewName, ViewDataDictionary viewData, Object model, TextWriter writer, ViewEngineCollection viewEngineCollection)
   at System.Web.Mvc.Html.PartialExtensions.Partial(HtmlHelper htmlHelper, String partialViewName, Object model, ViewDataDictionary viewData)
   at System.Web.Mvc.Html.PartialExtensions.Partial(HtmlHelper htmlHelper, String partialViewName, Object model)
   at Orchard.DisplayManagement.Descriptors.ShapeTemplateStrategy.ShapeTemplateBindingStrategy.Render(ShapeDescriptor shapeDescriptor, DisplayContext displayContext, HarvestShapeInfo harvestShapeInfo, HarvestShapeHit harvestShapeHit) in E:\priyanka\New Project\Orchard-dev\Orchard-dev\src\Orchard\DisplayManagement\Descriptors\ShapeTemplateStrategy\ShapeTemplateBindingStrategy.cs:line 151
   at Orchard.DisplayManagement.Descriptors.ShapeTemplateStrategy.ShapeTemplateBindingStrategy.<>c__DisplayClass20_7.<Discover>b__14(DisplayContext displayContext) in E:\priyanka\New Project\Orchard-dev\Orchard-dev\src\Orchard\DisplayManagement\Descriptors\ShapeTemplateStrategy\ShapeTemplateBindingStrategy.cs:line 133
   at Orchard.DisplayManagement.Descriptors.ShapeAlterationBuilder.<>c__DisplayClass7_1.<BoundAs>b__1(DisplayContext displayContext) in E:\priyanka\New Project\Orchard-dev\Orchard-dev\src\Orchard\DisplayManagement\Descriptors\ShapeAlterationBuilder.cs:line 56
   at Orchard.DisplayManagement.Implementation.DefaultDisplayManager.Process(ShapeBinding shapeBinding, IShape shape, DisplayContext context) in E:\priyanka\New Project\Orchard-dev\Orchard-dev\src\Orchard\DisplayManagement\Implementation\DefaultDisplayManager.cs:line 207
   at Orchard.DisplayManagement.Implementation.DefaultDisplayManager.Execute(DisplayContext context) in E:\priyanka\New Project\Orchard-dev\Orchard-dev\src\Orchard\DisplayManagement\Implementation\DefaultDisplayManager.cs:line 103
   at Orchard.DisplayManagement.Implementation.DisplayHelper.ShapeExecute(Object shape) in E:\priyanka\New Project\Orchard-dev\Orchard-dev\src\Orchard\DisplayManagement\Implementation\DisplayHelper.cs:line 86
   at Orchard.DisplayManagement.Implementation.DisplayHelper.Invoke(String name, INamedEnumerable`1 parameters) in E:\priyanka\New Project\Orchard-dev\Orchard-dev\src\Orchard\DisplayManagement\Implementation\DisplayHelper.cs:line 44
   at Orchard.DisplayManagement.Implementation.DisplayHelper.TryInvoke(InvokeBinder binder, Object[] args, Object& result) in E:\priyanka\New Project\Orchard-dev\Orchard-dev\src\Orchard\DisplayManagement\Implementation\DisplayHelper.cs:line 29
   at CallSite.Target(Closure , CallSite , Object , Object )
   at Orchard.Mvc.ViewEngines.ThemeAwareness.LayoutAwareViewEngine.<>c__DisplayClass9_0.<FindView>b__0(ViewContext viewContext, TextWriter writer, IViewDataContainer viewDataContainer) in E:\priyanka\New Project\Orchard-dev\Orchard-dev\src\Orchard\Mvc\ViewEngines\ThemeAwareness\LayoutAwareViewEngine.cs:line 63
   at Orchard.Mvc.ViewEngines.ThemeAwareness.LayoutAwareViewEngine.LayoutView.Render(ViewContext viewContext, TextWriter writer) in E:\priyanka\New Project\Orchard-dev\Orchard-dev\src\Orchard\Mvc\ViewEngines\ThemeAwareness\LayoutAwareViewEngine.cs:line 90
   at System.Web.Mvc.ViewResultBase.ExecuteResult(ControllerContext context)
   at System.Web.Mvc.ControllerActionInvoker.InvokeActionResult(ControllerContext controllerContext, ActionResult actionResult)
   at System.Web.Mvc.ControllerActionInvoker.InvokeActionResultFilterRecursive(IList`1 filters, Int32 filterIndex, ResultExecutingContext preContext, ControllerContext controllerContext, ActionResult actionResult)
   at System.Web.Mvc.ControllerActionInvoker.InvokeActionResultFilterRecursive(IList`1 filters, Int32 filterIndex, ResultExecutingContext preContext, ControllerContext controllerContext, ActionResult actionResult)
   at System.Web.Mvc.ControllerActionInvoker.InvokeActionResultFilterRecursive(IList`1 filters, Int32 filterIndex, ResultExecutingContext preContext, ControllerContext controllerContext, ActionResult actionResult)
   at System.Web.Mvc.ControllerActionInvoker.InvokeActionResultFilterRecursive(IList`1 filters, Int32 filterIndex, ResultExecutingContext preContext, ControllerContext controllerContext, ActionResult actionResult)
   at System.Web.Mvc.ControllerActionInvoker.InvokeActionResultFilterRecursive(IList`1 filters, Int32 filterIndex, ResultExecutingContext preContext, ControllerContext controllerContext, ActionResult actionResult)
   at System.Web.Mvc.ControllerActionInvoker.InvokeActionResultFilterRecursive(IList`1 filters, Int32 filterIndex, ResultExecutingContext preContext, ControllerContext controllerContext, ActionResult actionResult)
   at System.Web.Mvc.ControllerActionInvoker.InvokeActionResultFilterRecursive(IList`1 filters, Int32 filterIndex, ResultExecutingContext preContext, ControllerContext controllerContext, ActionResult actionResult)
   at System.Web.Mvc.ControllerActionInvoker.InvokeActionResultFilterRecursive(IList`1 filters, Int32 filterIndex, ResultExecutingContext preContext, ControllerContext controllerContext, ActionResult actionResult)
   at System.Web.Mvc.ControllerActionInvoker.InvokeActionResultFilterRecursive(IList`1 filters, Int32 filterIndex, ResultExecutingContext preContext, ControllerContext controllerContext, ActionResult actionResult)
2020-03-26 12:01:53,486 [6] Orchard.Exceptions.DefaultExceptionPolicy - Default - ERROR An unexpected exception was caught
System.Web.HttpException (0x80004005): The file "~/Themes/SafarnamaTheme/Views/Layout.cshtml" cannot be requested directly because it calls the "RenderBody" method.
   at System.Web.WebPages.WebPageBase.EnsurePageCanBeRequestedDirectly(String methodName)
   at System.Web.WebPages.WebPageBase.RenderBody()
   at ASP._Page_Themes_SafarnamaTheme_Views_Layout_cshtml.Execute() in E:\priyanka\New Project\Orchard-dev\Orchard-dev\src\Orchard.Web\Themes\SafarnamaTheme\Views\Layout.cshtml:line 125
   at System.Web.WebPages.WebPageBase.ExecutePageHierarchy()
   at System.Web.Mvc.WebViewPage.ExecutePageHierarchy()
   at System.Web.WebPages.WebPageBase.ExecutePageHierarchy(WebPageContext pageContext, TextWriter writer, WebPageRenderingBase startPage)
   at System.Web.Mvc.RazorView.RenderView(ViewContext viewContext, TextWriter writer, Object instance)
   at System.Web.Mvc.BuildManagerCompiledView.Render(ViewContext viewContext, TextWriter writer)
   at System.Web.Mvc.HtmlHelper.RenderPartialInternal(String partialViewName, ViewDataDictionary viewData, Object model, TextWriter writer, ViewEngineCollection viewEngineCollection)
   at System.Web.Mvc.Html.PartialExtensions.Partial(HtmlHelper htmlHelper, String partialViewName, Object model, ViewDataDictionary viewData)
   at System.Web.Mvc.Html.PartialExtensions.Partial(HtmlHelper htmlHelper, String partialViewName, Object model)
   at Orchard.DisplayManagement.Descriptors.ShapeTemplateStrategy.ShapeTemplateBindingStrategy.Render(ShapeDescriptor shapeDescriptor, DisplayContext displayContext, HarvestShapeInfo harvestShapeInfo, HarvestShapeHit harvestShapeHit) in E:\priyanka\New Project\Orchard-dev\Orchard-dev\src\Orchard\DisplayManagement\Descriptors\ShapeTemplateStrategy\ShapeTemplateBindingStrategy.cs:line 151
   at Orchard.DisplayManagement.Descriptors.ShapeTemplateStrategy.ShapeTemplateBindingStrategy.<>c__DisplayClass20_7.<Discover>b__14(DisplayContext displayContext) in E:\priyanka\New Project\Orchard-dev\Orchard-dev\src\Orchard\DisplayManagement\Descriptors\ShapeTemplateStrategy\ShapeTemplateBindingStrategy.cs:line 133
   at Orchard.DisplayManagement.Descriptors.ShapeAlterationBuilder.<>c__DisplayClass7_1.<BoundAs>b__1(DisplayContext displayContext) in E:\priyanka\New Project\Orchard-dev\Orchard-dev\src\Orchard\DisplayManagement\Descriptors\ShapeAlterationBuilder.cs:line 56
   at Orchard.DisplayManagement.Implementation.DefaultDisplayManager.Process(ShapeBinding shapeBinding, IShape shape, DisplayContext context) in E:\priyanka\New Project\Orchard-dev\Orchard-dev\src\Orchard\DisplayManagement\Implementation\DefaultDisplayManager.cs:line 207
   at Orchard.DisplayManagement.Implementation.DefaultDisplayManager.Execute(DisplayContext context) in E:\priyanka\New Project\Orchard-dev\Orchard-dev\src\Orchard\DisplayManagement\Implementation\DefaultDisplayManager.cs:line 103
   at Orchard.DisplayManagement.Implementation.DisplayHelper.ShapeExecute(Object shape) in E:\priyanka\New Project\Orchard-dev\Orchard-dev\src\Orchard\DisplayManagement\Implementation\DisplayHelper.cs:line 86
   at Orchard.DisplayManagement.Implementation.DisplayHelper.Invoke(String name, INamedEnumerable`1 parameters) in E:\priyanka\New Project\Orchard-dev\Orchard-dev\src\Orchard\DisplayManagement\Implementation\DisplayHelper.cs:line 44
   at Orchard.DisplayManagement.Implementation.DisplayHelper.TryInvoke(InvokeBinder binder, Object[] args, Object& result) in E:\priyanka\New Project\Orchard-dev\Orchard-dev\src\Orchard\DisplayManagement\Implementation\DisplayHelper.cs:line 29
   at CallSite.Target(Closure , CallSite , Object , Object )
   at Orchard.Mvc.ViewEngines.ThemeAwareness.LayoutAwareViewEngine.<>c__DisplayClass9_0.<FindView>b__0(ViewContext viewContext, TextWriter writer, IViewDataContainer viewDataContainer) in E:\priyanka\New Project\Orchard-dev\Orchard-dev\src\Orchard\Mvc\ViewEngines\ThemeAwareness\LayoutAwareViewEngine.cs:line 63
   at Orchard.Mvc.ViewEngines.ThemeAwareness.LayoutAwareViewEngine.LayoutView.Render(ViewContext viewContext, TextWriter writer) in E:\priyanka\New Project\Orchard-dev\Orchard-dev\src\Orchard\Mvc\ViewEngines\ThemeAwareness\LayoutAwareViewEngine.cs:line 90
   at System.Web.Mvc.ViewResultBase.ExecuteResult(ControllerContext context)
   at System.Web.Mvc.ControllerActionInvoker.InvokeActionResult(ControllerContext controllerContext, ActionResult actionResult)
   at System.Web.Mvc.ControllerActionInvoker.InvokeActionResultFilterRecursive(IList`1 filters, Int32 filterIndex, ResultExecutingContext preContext, ControllerContext controllerContext, ActionResult actionResult)
   at System.Web.Mvc.ControllerActionInvoker.InvokeActionResultFilterRecursive(IList`1 filters, Int32 filterIndex, ResultExecutingContext preContext, ControllerContext controllerContext, ActionResult actionResult)
   at System.Web.Mvc.ControllerActionInvoker.InvokeActionResultFilterRecursive(IList`1 filters, Int32 filterIndex, ResultExecutingContext preContext, ControllerContext controllerContext, ActionResult actionResult)
   at System.Web.Mvc.ControllerActionInvoker.InvokeActionResultFilterRecursive(IList`1 filters, Int32 filterIndex, ResultExecutingContext preContext, ControllerContext controllerContext, ActionResult actionResult)
   at System.Web.Mvc.ControllerActionInvoker.InvokeActionResultFilterRecursive(IList`1 filters, Int32 filterIndex, ResultExecutingContext preContext, ControllerContext controllerContext, ActionResult actionResult)
   at System.Web.Mvc.ControllerActionInvoker.InvokeActionResultFilterRecursive(IList`1 filters, Int32 filterIndex, ResultExecutingContext preContext, ControllerContext controllerContext, ActionResult actionResult)
   at System.Web.Mvc.ControllerActionInvoker.InvokeActionResultFilterRecursive(IList`1 filters, Int32 filterIndex, ResultExecutingContext preContext, ControllerContext controllerContext, ActionResult actionResult)
   at System.Web.Mvc.ControllerActionInvoker.InvokeActionResultFilterRecursive(IList`1 filters, Int32 filterIndex, ResultExecutingContext preContext, ControllerContext controllerContext, ActionResult actionResult)
   at System.Web.Mvc.ControllerActionInvoker.InvokeActionResultFilterRecursive(IList`1 filters, Int32 filterIndex, ResultExecutingContext preContext, ControllerContext controllerContext, ActionResult actionResult)
2020-03-26 12:19:12,033 [6] Orchard.Environment.ShellBuilders.CompositionStrategy - (null) - WARN Identified 'Safarnama.Theme' as an orphaned feature state record in Settings_ShellFeatureRecord.
2020-03-26 12:19:12,036 [6] Orchard.Environment.ShellBuilders.CompositionStrategy - (null) - WARN Identified 'Safarnama.Theme' as an orphaned feature state record in Settings_ShellFeatureRecord.
2020-03-26 12:19:41,145 [37] Orchard.Environment.ShellBuilders.CompositionStrategy - (null) - WARN Identified 'Safarnama.Theme' as an orphaned feature state record in Settings_ShellFeatureRecord.
2020-03-26 12:19:41,176 [37] Orchard.Environment.ShellBuilders.CompositionStrategy - (null) - WARN Identified 'Safarnama.Theme' as an orphaned feature state record in Settings_ShellFeatureRecord.
2020-03-26 12:19:41,905 [37] Orchard.Environment.Extensions.ExtensionManager - (null) - WARN No suitable loader found for extension "Terra"
2020-03-26 12:54:27,026 [8] Orchard.Environment.ShellBuilders.CompositionStrategy - (null) - WARN Identified 'Safarnama.Theme' as an orphaned feature state record in Settings_ShellFeatureRecord.
2020-03-26 12:54:27,059 [8] Orchard.Environment.ShellBuilders.CompositionStrategy - (null) - WARN Identified 'Safarnama.Theme' as an orphaned feature state record in Settings_ShellFeatureRecord.
2020-03-26 12:54:28,101 [8] Orchard.Environment.Extensions.ExtensionManager - (null) - WARN No suitable loader found for extension "Terra"
2020-03-26 13:13:52,161 [8] Orchard.Environment.ShellBuilders.CompositionStrategy - (null) - WARN Identified 'Safarnama.Theme' as an orphaned feature state record in Settings_ShellFeatureRecord.
2020-03-26 13:13:52,197 [8] Orchard.Environment.ShellBuilders.CompositionStrategy - (null) - WARN Identified 'Safarnama.Theme' as an orphaned feature state record in Settings_ShellFeatureRecord.
2020-03-26 13:13:52,200 [8] Orchard.Environment.ShellBuilders.CompositionStrategy - (null) - WARN Identified 'Terra' as an orphaned feature state record in Settings_ShellFeatureRecord.
2020-03-26 13:13:52,202 [8] Orchard.Environment.ShellBuilders.CompositionStrategy - (null) - WARN Identified 'Terra' as an orphaned feature state record in Settings_ShellFeatureRecord.
2020-03-26 13:13:52,205 [8] Orchard.Environment.ShellBuilders.CompositionStrategy - (null) - WARN Identified 'Terra' as an orphaned feature state record in Settings_ShellFeatureRecord.
2020-03-26 13:13:52,207 [8] Orchard.Environment.ShellBuilders.CompositionStrategy - (null) - WARN Identified 'Terra' as an orphaned feature state record in Settings_ShellFeatureRecord.
2020-03-26 13:13:52,209 [8] Orchard.Environment.ShellBuilders.CompositionStrategy - (null) - WARN Identified 'Terra' as an orphaned feature state record in Settings_ShellFeatureRecord.
2020-03-26 13:13:52,212 [8] Orchard.Environment.ShellBuilders.CompositionStrategy - (null) - WARN Identified 'Terra' as an orphaned feature state record in Settings_ShellFeatureRecord.
2020-03-26 13:13:52,214 [8] Orchard.Environment.ShellBuilders.CompositionStrategy - (null) - WARN Identified 'Terra' as an orphaned feature state record in Settings_ShellFeatureRecord.
2020-03-26 13:13:52,216 [8] Orchard.Environment.ShellBuilders.CompositionStrategy - (null) - WARN Identified 'Terra' as an orphaned feature state record in Settings_ShellFeatureRecord.
2020-03-26 13:13:52,219 [8] Orchard.Environment.ShellBuilders.CompositionStrategy - (null) - WARN Identified 'Terra' as an orphaned feature state record in Settings_ShellFeatureRecord.
2020-03-26 13:13:52,222 [8] Orchard.Environment.ShellBuilders.CompositionStrategy - (null) - WARN Identified 'Terra' as an orphaned feature state record in Settings_ShellFeatureRecord.
2020-03-26 13:13:52,224 [8] Orchard.Environment.ShellBuilders.CompositionStrategy - (null) - WARN Identified 'Terra' as an orphaned feature state record in Settings_ShellFeatureRecord.
2020-03-26 13:13:52,227 [8] Orchard.Environment.ShellBuilders.CompositionStrategy - (null) - WARN Identified 'Terra' as an orphaned feature state record in Settings_ShellFeatureRecord.
2020-03-26 13:13:52,230 [8] Orchard.Environment.ShellBuilders.CompositionStrategy - (null) - WARN Identified 'Terra' as an orphaned feature state record in Settings_ShellFeatureRecord.
2020-03-26 13:13:58,609 [8] Orchard.Mvc.ViewEngines.ThemeAwareness.ThemeAwareViewEngine - Default - ERROR Base theme 'Terra' of theme 'SafarnamaTheme' not found in list of features
2020-03-26 13:31:46,050 [8] Orchard.Environment.ShellBuilders.CompositionStrategy - (null) - WARN Identified 'Safarnama.Theme' as an orphaned feature state record in Settings_ShellFeatureRecord.
2020-03-26 13:31:46,080 [8] Orchard.Environment.ShellBuilders.CompositionStrategy - (null) - WARN Identified 'Safarnama.Theme' as an orphaned feature state record in Settings_ShellFeatureRecord.
2020-03-26 13:31:46,082 [8] Orchard.Environment.ShellBuilders.CompositionStrategy - (null) - WARN Identified 'Terra' as an orphaned feature state record in Settings_ShellFeatureRecord.
2020-03-26 13:31:46,085 [8] Orchard.Environment.ShellBuilders.CompositionStrategy - (null) - WARN Identified 'Terra' as an orphaned feature state record in Settings_ShellFeatureRecord.
2020-03-26 13:31:46,087 [8] Orchard.Environment.ShellBuilders.CompositionStrategy - (null) - WARN Identified 'Terra' as an orphaned feature state record in Settings_ShellFeatureRecord.
2020-03-26 13:31:46,089 [8] Orchard.Environment.ShellBuilders.CompositionStrategy - (null) - WARN Identified 'Terra' as an orphaned feature state record in Settings_ShellFeatureRecord.
2020-03-26 13:31:46,091 [8] Orchard.Environment.ShellBuilders.CompositionStrategy - (null) - WARN Identified 'Terra' as an orphaned feature state record in Settings_ShellFeatureRecord.
2020-03-26 13:31:46,094 [8] Orchard.Environment.ShellBuilders.CompositionStrategy - (null) - WARN Identified 'Terra' as an orphaned feature state record in Settings_ShellFeatureRecord.
2020-03-26 13:31:46,097 [8] Orchard.Environment.ShellBuilders.CompositionStrategy - (null) - WARN Identified 'Terra' as an orphaned feature state record in Settings_ShellFeatureRecord.
2020-03-26 13:31:46,099 [8] Orchard.Environment.ShellBuilders.CompositionStrategy - (null) - WARN Identified 'Terra' as an orphaned feature state record in Settings_ShellFeatureRecord.
2020-03-26 13:31:46,102 [8] Orchard.Environment.ShellBuilders.CompositionStrategy - (null) - WARN Identified 'Terra' as an orphaned feature state record in Settings_ShellFeatureRecord.
2020-03-26 13:31:46,106 [8] Orchard.Environment.ShellBuilders.CompositionStrategy - (null) - WARN Identified 'Terra' as an orphaned feature state record in Settings_ShellFeatureRecord.
2020-03-26 13:31:46,108 [8] Orchard.Environment.ShellBuilders.CompositionStrategy - (null) - WARN Identified 'Terra' as an orphaned feature state record in Settings_ShellFeatureRecord.
2020-03-26 13:31:46,110 [8] Orchard.Environment.ShellBuilders.CompositionStrategy - (null) - WARN Identified 'Terra' as an orphaned feature state record in Settings_ShellFeatureRecord.
2020-03-26 13:31:46,112 [8] Orchard.Environment.ShellBuilders.CompositionStrategy - (null) - WARN Identified 'Terra' as an orphaned feature state record in Settings_ShellFeatureRecord.
2020-03-26 13:31:52,806 [11] Orchard.Mvc.ViewEngines.ThemeAwareness.ThemeAwareViewEngine - Default - ERROR Base theme 'Terra' of theme 'SafarnamaTheme' not found in list of features
2020-03-26 15:42:44,672 [54] Orchard.Environment.ShellBuilders.CompositionStrategy - (null) - WARN Identified 'Safarnama.Theme' as an orphaned feature state record in Settings_ShellFeatureRecord.
2020-03-26 15:42:44,675 [54] Orchard.Environment.ShellBuilders.CompositionStrategy - (null) - WARN Identified 'Safarnama.Theme' as an orphaned feature state record in Settings_ShellFeatureRecord.
2020-03-26 15:42:45,280 [54] Orchard.Environment.ShellBuilders.CompositionStrategy - (null) - WARN Identified 'Safarnama.Theme' as an orphaned feature state record in Settings_ShellFeatureRecord.
2020-03-26 15:42:45,282 [54] Orchard.Environment.ShellBuilders.CompositionStrategy - (null) - WARN Identified 'Safarnama.Theme' as an orphaned feature state record in Settings_ShellFeatureRecord.
2020-03-26 15:42:45,762 [54] Orchard.Environment.ShellBuilders.CompositionStrategy - (null) - WARN Identified 'Safarnama.Theme' as an orphaned feature state record in Settings_ShellFeatureRecord.
2020-03-26 15:42:45,764 [54] Orchard.Environment.ShellBuilders.CompositionStrategy - (null) - WARN Identified 'Safarnama.Theme' as an orphaned feature state record in Settings_ShellFeatureRecord.
2020-03-26 15:42:46,196 [54] Orchard.Environment.ShellBuilders.CompositionStrategy - (null) - WARN Identified 'Safarnama.Theme' as an orphaned feature state record in Settings_ShellFeatureRecord.
2020-03-26 15:42:46,199 [54] Orchard.Environment.ShellBuilders.CompositionStrategy - (null) - WARN Identified 'Safarnama.Theme' as an orphaned feature state record in Settings_ShellFeatureRecord.
2020-03-26 15:42:46,640 [54] Orchard.Environment.ShellBuilders.CompositionStrategy - (null) - WARN Identified 'Safarnama.Theme' as an orphaned feature state record in Settings_ShellFeatureRecord.
2020-03-26 15:42:46,643 [54] Orchard.Environment.ShellBuilders.CompositionStrategy - (null) - WARN Identified 'Safarnama.Theme' as an orphaned feature state record in Settings_ShellFeatureRecord.
2020-03-26 15:42:47,057 [54] Orchard.Environment.ShellBuilders.CompositionStrategy - (null) - WARN Identified 'Safarnama.Theme' as an orphaned feature state record in Settings_ShellFeatureRecord.
2020-03-26 15:42:47,060 [54] Orchard.Environment.ShellBuilders.CompositionStrategy - (null) - WARN Identified 'Safarnama.Theme' as an orphaned feature state record in Settings_ShellFeatureRecord.
2020-03-26 15:42:47,527 [54] Orchard.Environment.ShellBuilders.CompositionStrategy - (null) - WARN Identified 'Safarnama.Theme' as an orphaned feature state record in Settings_ShellFeatureRecord.
2020-03-26 15:42:47,530 [54] Orchard.Environment.ShellBuilders.CompositionStrategy - (null) - WARN Identified 'Safarnama.Theme' as an orphaned feature state record in Settings_ShellFeatureRecord.
2020-03-26 15:42:47,953 [54] Orchard.Environment.ShellBuilders.CompositionStrategy - (null) - WARN Identified 'Safarnama.Theme' as an orphaned feature state record in Settings_ShellFeatureRecord.
2020-03-26 15:42:47,956 [54] Orchard.Environment.ShellBuilders.CompositionStrategy - (null) - WARN Identified 'Safarnama.Theme' as an orphaned feature state record in Settings_ShellFeatureRecord.
2020-03-26 15:42:48,437 [54] Orchard.Environment.ShellBuilders.CompositionStrategy - (null) - WARN Identified 'Safarnama.Theme' as an orphaned feature state record in Settings_ShellFeatureRecord.
2020-03-26 15:42:48,439 [54] Orchard.Environment.ShellBuilders.CompositionStrategy - (null) - WARN Identified 'Safarnama.Theme' as an orphaned feature state record in Settings_ShellFeatureRecord.
2020-03-26 15:42:48,894 [55] Orchard.Environment.ShellBuilders.CompositionStrategy - (null) - WARN Identified 'Safarnama.Theme' as an orphaned feature state record in Settings_ShellFeatureRecord.
2020-03-26 15:42:48,896 [55] Orchard.Environment.ShellBuilders.CompositionStrategy - (null) - WARN Identified 'Safarnama.Theme' as an orphaned feature state record in Settings_ShellFeatureRecord.
2020-03-26 16:07:33,938 [8] Orchard.Environment.ShellBuilders.CompositionStrategy - (null) - WARN Identified 'Safarnama.Theme' as an orphaned feature state record in Settings_ShellFeatureRecord.
2020-03-26 16:07:33,974 [8] Orchard.Environment.ShellBuilders.CompositionStrategy - (null) - WARN Identified 'Safarnama.Theme' as an orphaned feature state record in Settings_ShellFeatureRecord.
2020-03-26 16:07:35,168 [8] Orchard.Environment.Extensions.ExtensionManager - (null) - WARN No suitable loader found for extension "Terra"
2020-03-26 16:37:51,162 [22] Orchard.Environment.ShellBuilders.CompositionStrategy - (null) - WARN Identified 'Safarnama.Theme' as an orphaned feature state record in Settings_ShellFeatureRecord.
2020-03-26 16:37:54,672 [22] Orchard.Environment.ShellBuilders.CompositionStrategy - (null) - WARN Identified 'Safarnama.Theme' as an orphaned feature state record in Settings_ShellFeatureRecord.
2020-03-26 16:37:54,676 [22] Orchard.Environment.ShellBuilders.CompositionStrategy - (null) - WARN Identified 'Safarnama.Theme' as an orphaned feature state record in Settings_ShellFeatureRecord.
2020-03-26 16:37:55,683 [22] Orchard.Environment.ShellBuilders.CompositionStrategy - (null) - WARN Identified 'Safarnama.Theme' as an orphaned feature state record in Settings_ShellFeatureRecord.
2020-03-26 16:37:55,687 [22] Orchard.Environment.ShellBuilders.CompositionStrategy - (null) - WARN Identified 'Safarnama.Theme' as an orphaned feature state record in Settings_ShellFeatureRecord.
2020-03-26 17:55:30,085 [43] Orchard.Environment.ShellBuilders.CompositionStrategy - (null) - WARN Identified 'Safarnama.Theme' as an orphaned feature state record in Settings_ShellFeatureRecord.
2020-03-26 17:55:30,664 [43] Orchard.Environment.ShellBuilders.CompositionStrategy - (null) - WARN Identified 'Safarnama.Theme' as an orphaned feature state record in Settings_ShellFeatureRecord.
2020-03-26 17:55:30,667 [43] Orchard.Environment.ShellBuilders.CompositionStrategy - (null) - WARN Identified 'Safarnama.Theme' as an orphaned feature state record in Settings_ShellFeatureRecord.
2020-03-26 17:55:31,066 [43] Orchard.Environment.ShellBuilders.CompositionStrategy - (null) - WARN Identified 'Safarnama.Theme' as an orphaned feature state record in Settings_ShellFeatureRecord.
2020-03-26 17:55:31,068 [43] Orchard.Environment.ShellBuilders.CompositionStrategy - (null) - WARN Identified 'Safarnama.Theme' as an orphaned feature state record in Settings_ShellFeatureRecord.
2020-03-26 17:55:42,928 [47] Orchard.Environment.ShellBuilders.CompositionStrategy - (null) - WARN Identified 'Safarnama.Theme' as an orphaned feature state record in Settings_ShellFeatureRecord.
2020-03-26 17:55:43,490 [47] Orchard.Environment.ShellBuilders.CompositionStrategy - (null) - WARN Identified 'Safarnama.Theme' as an orphaned feature state record in Settings_ShellFeatureRecord.
2020-03-26 17:55:43,493 [47] Orchard.Environment.ShellBuilders.CompositionStrategy - (null) - WARN Identified 'Safarnama.Theme' as an orphaned feature state record in Settings_ShellFeatureRecord.
2020-03-26 17:55:43,885 [47] Orchard.Environment.ShellBuilders.CompositionStrategy - (null) - WARN Identified 'Safarnama.Theme' as an orphaned feature state record in Settings_ShellFeatureRecord.
2020-03-26 17:55:43,887 [47] Orchard.Environment.ShellBuilders.CompositionStrategy - (null) - WARN Identified 'Safarnama.Theme' as an orphaned feature state record in Settings_ShellFeatureRecord.
