2020-03-16 12:30:52,047 Orchard.Recipes.Services.RecipeManager - Default - INFO Executing recipe 'Default'. [ExecutionId=94b0edc078dd45dab407ba9236c4910f]
2020-03-16 12:30:52,441 Orchard.Recipes.Services.RecipeStepQueue - Default - INFO Enqueuing recipe step 'Feature'. [ExecutionId=94b0edc078dd45dab407ba9236c4910f]
2020-03-16 12:30:52,619 Orchard.Recipes.Services.RecipeStepQueue - Default - INFO Enqueuing recipe step 'ContentDefinition'. [ExecutionId=94b0edc078dd45dab407ba9236c4910f]
2020-03-16 12:30:52,781 Orchard.Recipes.Services.RecipeStepQueue - Default - INFO Enqueuing recipe step 'Settings'. [ExecutionId=94b0edc078dd45dab407ba9236c4910f]
2020-03-16 12:30:53,046 Orchard.Recipes.Services.RecipeStepQueue - Default - INFO Enqueuing recipe step 'Migration'. [ExecutionId=94b0edc078dd45dab407ba9236c4910f]
2020-03-16 12:30:53,124 Orchard.Recipes.Services.RecipeStepQueue - Default - INFO Enqueuing recipe step 'Command'. [ExecutionId=94b0edc078dd45dab407ba9236c4910f]
2020-03-16 12:30:53,267 Orchard.Recipes.Services.RecipeStepQueue - Default - INFO Enqueuing recipe step 'ActivateShell'. [ExecutionId=(null)]
2020-03-16 12:30:54,490 Orchard.Recipes.Services.RecipeStepQueue - Default - INFO Dequeuing recipe steps. [ExecutionId=94b0edc078dd45dab407ba9236c4910f]
2020-03-16 12:30:54,498 Orchard.Recipes.Services.RecipeStepQueue - Default - INFO Dequeuing recipe step 'Feature'. [ExecutionId=94b0edc078dd45dab407ba9236c4910f]
2020-03-16 12:30:54,510 Orchard.Recipes.Services.RecipeStepExecutor - Default - INFO Executing recipe step 'Feature'. [ExecutionId=94b0edc078dd45dab407ba9236c4910f]
2020-03-16 12:30:54,538 Orchard.Recipes.Providers.RecipeHandlers.RecipeExecutionStepHandler - Default - INFO Executing recipe step 'Feature'. [ExecutionId=94b0edc078dd45dab407ba9236c4910f]
2020-03-16 12:30:54,577 Orchard.Recipes.Services.RecipeExecutionLogger - Default - INFO FeatureStep: Enabling features: Orchard.Blogs;Orchard.Comments;Orchard.Tags;Orchard.Alias;Orchard.Autoroute;TinyMce;Orchard.MediaLibrary;Orchard.ContentPicker;Orchard.PublishLater;Orchard.Resources;Orchard.Widgets;Orchard.ContentTypes;Orchard.Scripting;Orchard.Scripting.Lightweight;PackagingServices;Orchard.Packaging;Orchard.Projections;Orchard.Fields;Orchard.OutputCache;Orchard.Taxonomies;Orchard.Workflows;Orchard.Layouts;Orchard.Layouts.Tokens;TheThemeMachine [ExecutionId=94b0edc078dd45dab407ba9236c4910f]
2020-03-16 12:30:54,969 Orchard.Recipes.Providers.RecipeHandlers.RecipeExecutionStepHandler - Default - INFO Finished executing recipe step 'Feature'. [ExecutionId=94b0edc078dd45dab407ba9236c4910f]
2020-03-16 12:30:55,039 Orchard.Recipes.Services.RecipeScheduler - Default - INFO Scheduling next step of recipe. [ExecutionId=94b0edc078dd45dab407ba9236c4910f]
2020-03-16 12:31:08,483 Orchard.Recipes.Services.RecipeStepQueue - Default - INFO Dequeuing recipe steps. [ExecutionId=94b0edc078dd45dab407ba9236c4910f]
2020-03-16 12:31:08,490 Orchard.Recipes.Services.RecipeStepQueue - Default - INFO Dequeuing recipe step 'ContentDefinition'. [ExecutionId=94b0edc078dd45dab407ba9236c4910f]
2020-03-16 12:31:08,510 Orchard.Recipes.Services.RecipeStepExecutor - Default - INFO Executing recipe step 'ContentDefinition'. [ExecutionId=94b0edc078dd45dab407ba9236c4910f]
2020-03-16 12:31:08,516 Orchard.Recipes.Providers.RecipeHandlers.RecipeExecutionStepHandler - Default - INFO Executing recipe step 'ContentDefinition'. [ExecutionId=94b0edc078dd45dab407ba9236c4910f]
2020-03-16 12:31:08,528 Orchard.Recipes.Services.RecipeExecutionLogger - Default - INFO ContentDefinitionStep: Importing content type 'Page'. [ExecutionId=94b0edc078dd45dab407ba9236c4910f]
2020-03-16 12:31:08,801 Orchard.Recipes.Services.RecipeExecutionLogger - Default - INFO ContentDefinitionStep: Importing content type 'BlogPost'. [ExecutionId=94b0edc078dd45dab407ba9236c4910f]
2020-03-16 12:31:08,836 Orchard.Recipes.Services.RecipeExecutionLogger - Default - INFO ContentDefinitionStep: Importing content part 'BodyPart'. [ExecutionId=94b0edc078dd45dab407ba9236c4910f]
2020-03-16 12:31:08,855 Orchard.Recipes.Providers.RecipeHandlers.RecipeExecutionStepHandler - Default - INFO Finished executing recipe step 'ContentDefinition'. [ExecutionId=94b0edc078dd45dab407ba9236c4910f]
2020-03-16 12:31:08,873 Orchard.Recipes.Services.RecipeScheduler - Default - INFO Scheduling next step of recipe. [ExecutionId=94b0edc078dd45dab407ba9236c4910f]
2020-03-16 12:31:09,762 Orchard.Recipes.Services.RecipeStepQueue - Default - INFO Dequeuing recipe steps. [ExecutionId=94b0edc078dd45dab407ba9236c4910f]
2020-03-16 12:31:09,769 Orchard.Recipes.Services.RecipeStepQueue - Default - INFO Dequeuing recipe step 'Settings'. [ExecutionId=94b0edc078dd45dab407ba9236c4910f]
2020-03-16 12:31:09,774 Orchard.Recipes.Services.RecipeStepExecutor - Default - INFO Executing recipe step 'Settings'. [ExecutionId=94b0edc078dd45dab407ba9236c4910f]
2020-03-16 12:31:09,781 Orchard.Recipes.Providers.RecipeHandlers.RecipeExecutionStepHandler - Default - INFO Executing recipe step 'Settings'. [ExecutionId=94b0edc078dd45dab407ba9236c4910f]
2020-03-16 12:31:10,103 Orchard.Recipes.Providers.RecipeHandlers.RecipeExecutionStepHandler - Default - INFO Finished executing recipe step 'Settings'. [ExecutionId=94b0edc078dd45dab407ba9236c4910f]
2020-03-16 12:31:10,116 Orchard.Recipes.Services.RecipeScheduler - Default - INFO Scheduling next step of recipe. [ExecutionId=94b0edc078dd45dab407ba9236c4910f]
2020-03-16 12:31:11,486 Orchard.Recipes.Services.RecipeStepQueue - Default - INFO Dequeuing recipe steps. [ExecutionId=94b0edc078dd45dab407ba9236c4910f]
2020-03-16 12:31:11,494 Orchard.Recipes.Services.RecipeStepQueue - Default - INFO Dequeuing recipe step 'Migration'. [ExecutionId=94b0edc078dd45dab407ba9236c4910f]
2020-03-16 12:31:11,498 Orchard.Recipes.Services.RecipeStepExecutor - Default - INFO Executing recipe step 'Migration'. [ExecutionId=94b0edc078dd45dab407ba9236c4910f]
2020-03-16 12:31:11,510 Orchard.Recipes.Providers.RecipeHandlers.RecipeExecutionStepHandler - Default - INFO Executing recipe step 'Migration'. [ExecutionId=94b0edc078dd45dab407ba9236c4910f]
2020-03-16 12:31:11,649 Orchard.Recipes.Providers.RecipeHandlers.RecipeExecutionStepHandler - Default - INFO Finished executing recipe step 'Migration'. [ExecutionId=94b0edc078dd45dab407ba9236c4910f]
2020-03-16 12:31:11,661 Orchard.Recipes.Services.RecipeScheduler - Default - INFO Scheduling next step of recipe. [ExecutionId=94b0edc078dd45dab407ba9236c4910f]
2020-03-16 12:31:12,195 Orchard.Recipes.Services.RecipeStepQueue - Default - INFO Dequeuing recipe steps. [ExecutionId=94b0edc078dd45dab407ba9236c4910f]
2020-03-16 12:31:12,201 Orchard.Recipes.Services.RecipeStepQueue - Default - INFO Dequeuing recipe step 'Command'. [ExecutionId=94b0edc078dd45dab407ba9236c4910f]
2020-03-16 12:31:12,207 Orchard.Recipes.Services.RecipeStepExecutor - Default - INFO Executing recipe step 'Command'. [ExecutionId=94b0edc078dd45dab407ba9236c4910f]
2020-03-16 12:31:12,211 Orchard.Recipes.Providers.RecipeHandlers.RecipeExecutionStepHandler - Default - INFO Executing recipe step 'Command'. [ExecutionId=94b0edc078dd45dab407ba9236c4910f]
2020-03-16 12:31:12,219 Orchard.Recipes.Services.RecipeExecutionLogger - Default - INFO CommandStep: Executing command: layer create Default /LayerRule:"true" /Description:"The widgets in this layer are displayed on all pages" [ExecutionId=94b0edc078dd45dab407ba9236c4910f]
2020-03-16 12:31:12,743 Orchard.Recipes.Services.RecipeExecutionLogger - Default - INFO CommandStep: Executing command: layer create Authenticated /LayerRule:"authenticated" /Description:"The widgets in this layer are displayed when the user is authenticated" [ExecutionId=94b0edc078dd45dab407ba9236c4910f]
2020-03-16 12:31:12,779 Orchard.Recipes.Services.RecipeExecutionLogger - Default - INFO CommandStep: Executing command: layer create Anonymous /LayerRule:"not authenticated" /Description:"The widgets in this layer are displayed when the user is anonymous" [ExecutionId=94b0edc078dd45dab407ba9236c4910f]
2020-03-16 12:31:12,820 Orchard.Recipes.Services.RecipeExecutionLogger - Default - INFO CommandStep: Executing command: layer create Disabled /LayerRule:"false" /Description:"The widgets in this layer are never displayed" [ExecutionId=94b0edc078dd45dab407ba9236c4910f]
2020-03-16 12:31:12,856 Orchard.Recipes.Services.RecipeExecutionLogger - Default - INFO CommandStep: Executing command: layer create TheHomepage /LayerRule:"url '~/'" /Description:"The widgets in this layer are displayed on the home page" [ExecutionId=94b0edc078dd45dab407ba9236c4910f]
2020-03-16 12:31:12,895 Orchard.Recipes.Services.RecipeExecutionLogger - Default - INFO CommandStep: Executing command: site setting set baseurl [ExecutionId=94b0edc078dd45dab407ba9236c4910f]
2020-03-16 12:31:12,904 Orchard.Recipes.Services.RecipeExecutionLogger - Default - INFO CommandStep: Executing command: menu create /MenuName:"Main Menu" [ExecutionId=94b0edc078dd45dab407ba9236c4910f]
2020-03-16 12:31:12,981 Orchard.Recipes.Services.RecipeExecutionLogger - Default - INFO CommandStep: Executing command: page create /Slug:"welcome-to-orchard" /Title:"Welcome to Orchard!" /Path:"welcome-to-orchard" /Homepage:true /Publish:true /UseWelcomeText:true [ExecutionId=94b0edc078dd45dab407ba9236c4910f]
2020-03-16 12:31:13,590 Orchard.Recipes.Services.RecipeExecutionLogger - Default - INFO CommandStep: Executing command: menuitem create /MenuPosition:"0" /MenuText:"Home" /Url:"~/" /MenuName:"Main Menu" [ExecutionId=94b0edc078dd45dab407ba9236c4910f]
2020-03-16 12:31:13,690 Orchard.Recipes.Services.RecipeExecutionLogger - Default - INFO CommandStep: Executing command: widget create MenuWidget /Title:"Main Menu" /RenderTitle:false /Zone:"Navigation" /Position:"1" /Layer:"Default" /Identity:"MenuWidget1" /MenuName:"Main Menu" [ExecutionId=94b0edc078dd45dab407ba9236c4910f]
2020-03-16 12:31:13,780 Orchard.Recipes.Services.RecipeExecutionLogger - Default - INFO CommandStep: Executing command: theme activate "The Theme Machine" [ExecutionId=94b0edc078dd45dab407ba9236c4910f]
2020-03-16 12:31:13,788 Orchard.Recipes.Providers.RecipeHandlers.RecipeExecutionStepHandler - Default - INFO Finished executing recipe step 'Command'. [ExecutionId=94b0edc078dd45dab407ba9236c4910f]
2020-03-16 12:31:13,802 Orchard.Recipes.Services.RecipeScheduler - Default - INFO Scheduling next step of recipe. [ExecutionId=94b0edc078dd45dab407ba9236c4910f]
2020-03-16 12:31:14,374 Orchard.Recipes.Services.RecipeStepQueue - Default - INFO Dequeuing recipe steps. [ExecutionId=94b0edc078dd45dab407ba9236c4910f]
2020-03-16 12:31:14,387 Orchard.Recipes.Services.RecipeStepQueue - Default - INFO Dequeuing recipe step 'ActivateShell'. [ExecutionId=94b0edc078dd45dab407ba9236c4910f]
2020-03-16 12:31:14,396 Orchard.Recipes.Services.RecipeStepExecutor - Default - INFO Executing recipe step 'ActivateShell'. [ExecutionId=94b0edc078dd45dab407ba9236c4910f]
2020-03-16 12:31:14,400 Orchard.Recipes.Providers.RecipeHandlers.RecipeExecutionStepHandler - Default - INFO Executing recipe step 'ActivateShell'. [ExecutionId=94b0edc078dd45dab407ba9236c4910f]
2020-03-16 12:31:14,410 Orchard.Recipes.Providers.RecipeHandlers.RecipeExecutionStepHandler - Default - INFO Finished executing recipe step 'ActivateShell'. [ExecutionId=94b0edc078dd45dab407ba9236c4910f]
2020-03-16 12:31:14,605 Orchard.Recipes.Services.RecipeScheduler - Default - INFO Scheduling next step of recipe. [ExecutionId=94b0edc078dd45dab407ba9236c4910f]
2020-03-16 12:31:15,025 Orchard.Recipes.Services.RecipeStepQueue - Default - INFO Dequeuing recipe steps. [ExecutionId=94b0edc078dd45dab407ba9236c4910f]
2020-03-16 12:31:15,034 Orchard.Recipes.Services.RecipeStepExecutor - Default - INFO No more recipe steps left to execute. [ExecutionId=94b0edc078dd45dab407ba9236c4910f]
2020-03-16 12:31:15,040 Orchard.Recipes.Services.RecipeScheduler - Default - INFO All recipe steps executed; restarting shell. [ExecutionId=94b0edc078dd45dab407ba9236c4910f]
