2020-03-25 10:28:50,317 [5] Orchard.Environment.ShellBuilders.CompositionStrategy - (null) - WARN Identified 'Safarnama.Theme' as an orphaned feature state record in Settings_ShellFeatureRecord.
2020-03-25 10:28:50,396 [5] Orchard.Environment.ShellBuilders.CompositionStrategy - (null) - WARN Identified 'Safarnama.Theme' as an orphaned feature state record in Settings_ShellFeatureRecord.
2020-03-25 10:28:51,712 [5] Orchard.Environment.Extensions.ExtensionManager - (null) - WARN No suitable loader found for extension "Terra"
2020-03-25 10:44:04,455 [39] Orchard.Environment.ShellBuilders.CompositionStrategy - (null) - WARN Identified 'Safarnama.Theme' as an orphaned feature state record in Settings_ShellFeatureRecord.
2020-03-25 10:44:04,470 [39] Orchard.Environment.ShellBuilders.CompositionStrategy - (null) - WARN Identified 'Safarnama.Theme' as an orphaned feature state record in Settings_ShellFeatureRecord.
2020-03-25 10:46:22,050 [7] Orchard.Environment.ShellBuilders.CompositionStrategy - (null) - WARN Identified 'Safarnama.Theme' as an orphaned feature state record in Settings_ShellFeatureRecord.
2020-03-25 10:46:22,081 [7] Orchard.Environment.ShellBuilders.CompositionStrategy - (null) - WARN Identified 'Safarnama.Theme' as an orphaned feature state record in Settings_ShellFeatureRecord.
2020-03-25 10:46:22,393 [7] Orchard.Environment.Extensions.ExtensionManager - (null) - WARN No suitable loader found for extension "Terra"
2020-03-25 10:55:16,126 [6] Orchard.Environment.ShellBuilders.CompositionStrategy - (null) - WARN Identified 'Safarnama.Theme' as an orphaned feature state record in Settings_ShellFeatureRecord.
2020-03-25 10:55:16,165 [6] Orchard.Environment.ShellBuilders.CompositionStrategy - (null) - WARN Identified 'Safarnama.Theme' as an orphaned feature state record in Settings_ShellFeatureRecord.
2020-03-25 10:55:16,449 [6] Orchard.Environment.Extensions.ExtensionManager - (null) - WARN No suitable loader found for extension "Terra"
2020-03-25 11:01:45,673 [8] Orchard.Environment.ShellBuilders.CompositionStrategy - (null) - WARN Identified 'Safarnama.Theme' as an orphaned feature state record in Settings_ShellFeatureRecord.
2020-03-25 11:01:45,704 [8] Orchard.Environment.ShellBuilders.CompositionStrategy - (null) - WARN Identified 'Safarnama.Theme' as an orphaned feature state record in Settings_ShellFeatureRecord.
2020-03-25 11:01:46,042 [8] Orchard.Environment.Extensions.ExtensionManager - (null) - WARN No suitable loader found for extension "Terra"
2020-03-25 11:16:55,177 [6] Orchard.Environment.ShellBuilders.CompositionStrategy - (null) - WARN Identified 'Safarnama.Theme' as an orphaned feature state record in Settings_ShellFeatureRecord.
2020-03-25 11:16:55,224 [6] Orchard.Environment.ShellBuilders.CompositionStrategy - (null) - WARN Identified 'Safarnama.Theme' as an orphaned feature state record in Settings_ShellFeatureRecord.
2020-03-25 11:16:56,617 [6] Orchard.Environment.Extensions.ExtensionManager - (null) - WARN No suitable loader found for extension "Terra"
2020-03-25 11:19:34,646 [6] Orchard.Environment.ShellBuilders.CompositionStrategy - (null) - WARN Identified 'Safarnama.Theme' as an orphaned feature state record in Settings_ShellFeatureRecord.
2020-03-25 11:19:34,735 [6] Orchard.Environment.ShellBuilders.CompositionStrategy - (null) - WARN Identified 'Safarnama.Theme' as an orphaned feature state record in Settings_ShellFeatureRecord.
2020-03-25 11:19:35,019 [6] Orchard.Environment.Extensions.ExtensionManager - (null) - WARN No suitable loader found for extension "Terra"
2020-03-25 11:26:19,293 [7] Orchard.Environment.ShellBuilders.CompositionStrategy - (null) - WARN Identified 'Safarnama.Theme' as an orphaned feature state record in Settings_ShellFeatureRecord.
2020-03-25 11:26:19,355 [7] Orchard.Environment.ShellBuilders.CompositionStrategy - (null) - WARN Identified 'Safarnama.Theme' as an orphaned feature state record in Settings_ShellFeatureRecord.
2020-03-25 11:26:21,065 [7] Orchard.Environment.Extensions.ExtensionManager - (null) - WARN No suitable loader found for extension "Terra"
2020-03-25 11:26:54,185 [7] Orchard.Exceptions.DefaultExceptionPolicy - Default - ERROR An unexpected exception was caught
System.Web.HttpException (0x80004005): 'https: /cdnjs.cloudflare.com/ajax/libs/font-awesome/4.7.0/css/font-awesome.min.css' is not a valid virtual path.
   at System.Web.Util.UrlPath.CheckValidVirtualPath(String path)
   at System.Web.Util.UrlPath.Combine(String appPath, String basepath, String relative)
   at System.Web.VirtualPath.Combine(VirtualPath relativePath)
   at System.Web.VirtualPath.Combine(VirtualPath v1, VirtualPath v2)
   at System.Web.VirtualPathUtility.Combine(String basePath, String relativePath)
   at System.Web.WebPages.UrlUtil.GenerateClientUrl(HttpContextBase httpContext, String basePath, String path, Object[] pathParts)
   at System.Web.WebPages.WebPageExecutingBase.Href(String path, Object[] pathParts)
   at Orchard.Mvc.ViewEngines.Razor.WebViewPage`1.Href(String path, Object[] pathParts) in E:\priyanka\New Project\Orchard-dev\Orchard-dev\src\Orchard\Mvc\ViewEngines\Razor\WebViewPage.cs:line 200
   at ASP._Page_Themes_SafarnamaTheme_Views_Layout_cshtml.Execute() in E:\priyanka\New Project\Orchard-dev\Orchard-dev\src\Orchard.Web\Themes\SafarnamaTheme\Views\Layout.cshtml:line 50
   at System.Web.WebPages.WebPageBase.ExecutePageHierarchy()
   at System.Web.Mvc.WebViewPage.ExecutePageHierarchy()
   at System.Web.WebPages.WebPageBase.ExecutePageHierarchy(WebPageContext pageContext, TextWriter writer, WebPageRenderingBase startPage)
   at System.Web.Mvc.RazorView.RenderView(ViewContext viewContext, TextWriter writer, Object instance)
   at System.Web.Mvc.BuildManagerCompiledView.Render(ViewContext viewContext, TextWriter writer)
   at System.Web.Mvc.HtmlHelper.RenderPartialInternal(String partialViewName, ViewDataDictionary viewData, Object model, TextWriter writer, ViewEngineCollection viewEngineCollection)
   at System.Web.Mvc.Html.PartialExtensions.Partial(HtmlHelper htmlHelper, String partialViewName, Object model, ViewDataDictionary viewData)
   at System.Web.Mvc.Html.PartialExtensions.Partial(HtmlHelper htmlHelper, String partialViewName, Object model)
   at Orchard.DisplayManagement.Descriptors.ShapeTemplateStrategy.ShapeTemplateBindingStrategy.Render(ShapeDescriptor shapeDescriptor, DisplayContext displayContext, HarvestShapeInfo harvestShapeInfo, HarvestShapeHit harvestShapeHit) in E:\priyanka\New Project\Orchard-dev\Orchard-dev\src\Orchard\DisplayManagement\Descriptors\ShapeTemplateStrategy\ShapeTemplateBindingStrategy.cs:line 151
   at Orchard.DisplayManagement.Descriptors.ShapeTemplateStrategy.ShapeTemplateBindingStrategy.<>c__DisplayClass20_7.<Discover>b__14(DisplayContext displayContext) in E:\priyanka\New Project\Orchard-dev\Orchard-dev\src\Orchard\DisplayManagement\Descriptors\ShapeTemplateStrategy\ShapeTemplateBindingStrategy.cs:line 133
   at Orchard.DisplayManagement.Descriptors.ShapeAlterationBuilder.<>c__DisplayClass7_1.<BoundAs>b__1(DisplayContext displayContext) in E:\priyanka\New Project\Orchard-dev\Orchard-dev\src\Orchard\DisplayManagement\Descriptors\ShapeAlterationBuilder.cs:line 56
   at Orchard.DisplayManagement.Implementation.DefaultDisplayManager.Process(ShapeBinding shapeBinding, IShape shape, DisplayContext context) in E:\priyanka\New Project\Orchard-dev\Orchard-dev\src\Orchard\DisplayManagement\Implementation\DefaultDisplayManager.cs:line 207
   at Orchard.DisplayManagement.Implementation.DefaultDisplayManager.Execute(DisplayContext context) in E:\priyanka\New Project\Orchard-dev\Orchard-dev\src\Orchard\DisplayManagement\Implementation\DefaultDisplayManager.cs:line 103
   at Orchard.DisplayManagement.Implementation.DisplayHelper.ShapeExecute(Object shape) in E:\priyanka\New Project\Orchard-dev\Orchard-dev\src\Orchard\DisplayManagement\Implementation\DisplayHelper.cs:line 86
   at Orchard.DisplayManagement.Implementation.DisplayHelper.Invoke(String name, INamedEnumerable`1 parameters) in E:\priyanka\New Project\Orchard-dev\Orchard-dev\src\Orchard\DisplayManagement\Implementation\DisplayHelper.cs:line 44
   at Orchard.DisplayManagement.Implementation.DisplayHelper.TryInvoke(InvokeBinder binder, Object[] args, Object& result) in E:\priyanka\New Project\Orchard-dev\Orchard-dev\src\Orchard\DisplayManagement\Implementation\DisplayHelper.cs:line 29
   at CallSite.Target(Closure , CallSite , Object , Object )
   at System.Dynamic.UpdateDelegates.UpdateAndExecute2[T0,T1,TRet](CallSite site, T0 arg0, T1 arg1)
   at Orchard.Mvc.ViewEngines.ThemeAwareness.LayoutAwareViewEngine.<>c__DisplayClass9_0.<FindView>b__0(ViewContext viewContext, TextWriter writer, IViewDataContainer viewDataContainer) in E:\priyanka\New Project\Orchard-dev\Orchard-dev\src\Orchard\Mvc\ViewEngines\ThemeAwareness\LayoutAwareViewEngine.cs:line 63
   at Orchard.Mvc.ViewEngines.ThemeAwareness.LayoutAwareViewEngine.LayoutView.Render(ViewContext viewContext, TextWriter writer) in E:\priyanka\New Project\Orchard-dev\Orchard-dev\src\Orchard\Mvc\ViewEngines\ThemeAwareness\LayoutAwareViewEngine.cs:line 90
   at System.Web.Mvc.ViewResultBase.ExecuteResult(ControllerContext context)
   at System.Web.Mvc.ControllerActionInvoker.InvokeActionResult(ControllerContext controllerContext, ActionResult actionResult)
   at System.Web.Mvc.ControllerActionInvoker.InvokeActionResultFilterRecursive(IList`1 filters, Int32 filterIndex, ResultExecutingContext preContext, ControllerContext controllerContext, ActionResult actionResult)
   at System.Web.Mvc.ControllerActionInvoker.InvokeActionResultFilterRecursive(IList`1 filters, Int32 filterIndex, ResultExecutingContext preContext, ControllerContext controllerContext, ActionResult actionResult)
   at System.Web.Mvc.ControllerActionInvoker.InvokeActionResultFilterRecursive(IList`1 filters, Int32 filterIndex, ResultExecutingContext preContext, ControllerContext controllerContext, ActionResult actionResult)
   at System.Web.Mvc.ControllerActionInvoker.InvokeActionResultFilterRecursive(IList`1 filters, Int32 filterIndex, ResultExecutingContext preContext, ControllerContext controllerContext, ActionResult actionResult)
   at System.Web.Mvc.ControllerActionInvoker.InvokeActionResultFilterRecursive(IList`1 filters, Int32 filterIndex, ResultExecutingContext preContext, ControllerContext controllerContext, ActionResult actionResult)
   at System.Web.Mvc.ControllerActionInvoker.InvokeActionResultFilterRecursive(IList`1 filters, Int32 filterIndex, ResultExecutingContext preContext, ControllerContext controllerContext, ActionResult actionResult)
   at System.Web.Mvc.ControllerActionInvoker.InvokeActionResultFilterRecursive(IList`1 filters, Int32 filterIndex, ResultExecutingContext preContext, ControllerContext controllerContext, ActionResult actionResult)
   at System.Web.Mvc.ControllerActionInvoker.InvokeActionResultFilterRecursive(IList`1 filters, Int32 filterIndex, ResultExecutingContext preContext, ControllerContext controllerContext, ActionResult actionResult)
   at System.Web.Mvc.ControllerActionInvoker.InvokeActionResultFilterRecursive(IList`1 filters, Int32 filterIndex, ResultExecutingContext preContext, ControllerContext controllerContext, ActionResult actionResult)
2020-03-25 11:32:14,804 [7] Orchard.Environment.ShellBuilders.CompositionStrategy - (null) - WARN Identified 'Safarnama.Theme' as an orphaned feature state record in Settings_ShellFeatureRecord.
2020-03-25 11:32:14,820 [7] Orchard.Environment.ShellBuilders.CompositionStrategy - (null) - WARN Identified 'Safarnama.Theme' as an orphaned feature state record in Settings_ShellFeatureRecord.
2020-03-25 11:32:15,116 [7] Orchard.Environment.Extensions.ExtensionManager - (null) - WARN No suitable loader found for extension "Terra"
2020-03-25 11:35:58,785 [26] Orchard.Exceptions.DefaultExceptionPolicy - Default - ERROR An unexpected exception was caught
System.Web.HttpException (0x80004005): 'https: /cdnjs.cloudflare.com/ajax/libs/font-awesome/4.7.0/css/font-awesome.min.css' is not a valid virtual path.
   at System.Web.Util.UrlPath.CheckValidVirtualPath(String path)
   at System.Web.Util.UrlPath.Combine(String appPath, String basepath, String relative)
   at System.Web.VirtualPath.Combine(VirtualPath relativePath)
   at System.Web.VirtualPath.Combine(VirtualPath v1, VirtualPath v2)
   at System.Web.VirtualPathUtility.Combine(String basePath, String relativePath)
   at System.Web.WebPages.UrlUtil.GenerateClientUrl(HttpContextBase httpContext, String basePath, String path, Object[] pathParts)
   at System.Web.WebPages.WebPageExecutingBase.Href(String path, Object[] pathParts)
   at Orchard.Mvc.ViewEngines.Razor.WebViewPage`1.Href(String path, Object[] pathParts) in E:\priyanka\New Project\Orchard-dev\Orchard-dev\src\Orchard\Mvc\ViewEngines\Razor\WebViewPage.cs:line 200
   at ASP._Page_Themes_SafarnamaTheme_Views_Layout_cshtml.Execute() in E:\priyanka\New Project\Orchard-dev\Orchard-dev\src\Orchard.Web\Themes\SafarnamaTheme\Views\Layout.cshtml:line 50
   at System.Web.WebPages.WebPageBase.ExecutePageHierarchy()
   at System.Web.Mvc.WebViewPage.ExecutePageHierarchy()
   at System.Web.WebPages.WebPageBase.ExecutePageHierarchy(WebPageContext pageContext, TextWriter writer, WebPageRenderingBase startPage)
   at System.Web.Mvc.RazorView.RenderView(ViewContext viewContext, TextWriter writer, Object instance)
   at System.Web.Mvc.BuildManagerCompiledView.Render(ViewContext viewContext, TextWriter writer)
   at System.Web.Mvc.HtmlHelper.RenderPartialInternal(String partialViewName, ViewDataDictionary viewData, Object model, TextWriter writer, ViewEngineCollection viewEngineCollection)
   at System.Web.Mvc.Html.PartialExtensions.Partial(HtmlHelper htmlHelper, String partialViewName, Object model, ViewDataDictionary viewData)
   at System.Web.Mvc.Html.PartialExtensions.Partial(HtmlHelper htmlHelper, String partialViewName, Object model)
   at Orchard.DisplayManagement.Descriptors.ShapeTemplateStrategy.ShapeTemplateBindingStrategy.Render(ShapeDescriptor shapeDescriptor, DisplayContext displayContext, HarvestShapeInfo harvestShapeInfo, HarvestShapeHit harvestShapeHit) in E:\priyanka\New Project\Orchard-dev\Orchard-dev\src\Orchard\DisplayManagement\Descriptors\ShapeTemplateStrategy\ShapeTemplateBindingStrategy.cs:line 151
   at Orchard.DisplayManagement.Descriptors.ShapeTemplateStrategy.ShapeTemplateBindingStrategy.<>c__DisplayClass20_7.<Discover>b__14(DisplayContext displayContext) in E:\priyanka\New Project\Orchard-dev\Orchard-dev\src\Orchard\DisplayManagement\Descriptors\ShapeTemplateStrategy\ShapeTemplateBindingStrategy.cs:line 133
   at Orchard.DisplayManagement.Descriptors.ShapeAlterationBuilder.<>c__DisplayClass7_1.<BoundAs>b__1(DisplayContext displayContext) in E:\priyanka\New Project\Orchard-dev\Orchard-dev\src\Orchard\DisplayManagement\Descriptors\ShapeAlterationBuilder.cs:line 56
   at Orchard.DisplayManagement.Implementation.DefaultDisplayManager.Process(ShapeBinding shapeBinding, IShape shape, DisplayContext context) in E:\priyanka\New Project\Orchard-dev\Orchard-dev\src\Orchard\DisplayManagement\Implementation\DefaultDisplayManager.cs:line 207
   at Orchard.DisplayManagement.Implementation.DefaultDisplayManager.Execute(DisplayContext context) in E:\priyanka\New Project\Orchard-dev\Orchard-dev\src\Orchard\DisplayManagement\Implementation\DefaultDisplayManager.cs:line 103
   at Orchard.DisplayManagement.Implementation.DisplayHelper.ShapeExecute(Object shape) in E:\priyanka\New Project\Orchard-dev\Orchard-dev\src\Orchard\DisplayManagement\Implementation\DisplayHelper.cs:line 86
   at Orchard.DisplayManagement.Implementation.DisplayHelper.Invoke(String name, INamedEnumerable`1 parameters) in E:\priyanka\New Project\Orchard-dev\Orchard-dev\src\Orchard\DisplayManagement\Implementation\DisplayHelper.cs:line 44
   at Orchard.DisplayManagement.Implementation.DisplayHelper.TryInvoke(InvokeBinder binder, Object[] args, Object& result) in E:\priyanka\New Project\Orchard-dev\Orchard-dev\src\Orchard\DisplayManagement\Implementation\DisplayHelper.cs:line 29
   at CallSite.Target(Closure , CallSite , Object , Object )
   at Orchard.Mvc.ViewEngines.ThemeAwareness.LayoutAwareViewEngine.<>c__DisplayClass9_0.<FindView>b__0(ViewContext viewContext, TextWriter writer, IViewDataContainer viewDataContainer) in E:\priyanka\New Project\Orchard-dev\Orchard-dev\src\Orchard\Mvc\ViewEngines\ThemeAwareness\LayoutAwareViewEngine.cs:line 63
   at Orchard.Mvc.ViewEngines.ThemeAwareness.LayoutAwareViewEngine.LayoutView.Render(ViewContext viewContext, TextWriter writer) in E:\priyanka\New Project\Orchard-dev\Orchard-dev\src\Orchard\Mvc\ViewEngines\ThemeAwareness\LayoutAwareViewEngine.cs:line 90
   at System.Web.Mvc.ViewResultBase.ExecuteResult(ControllerContext context)
   at System.Web.Mvc.ControllerActionInvoker.InvokeActionResult(ControllerContext controllerContext, ActionResult actionResult)
   at System.Web.Mvc.ControllerActionInvoker.InvokeActionResultFilterRecursive(IList`1 filters, Int32 filterIndex, ResultExecutingContext preContext, ControllerContext controllerContext, ActionResult actionResult)
   at System.Web.Mvc.ControllerActionInvoker.InvokeActionResultFilterRecursive(IList`1 filters, Int32 filterIndex, ResultExecutingContext preContext, ControllerContext controllerContext, ActionResult actionResult)
   at System.Web.Mvc.ControllerActionInvoker.InvokeActionResultFilterRecursive(IList`1 filters, Int32 filterIndex, ResultExecutingContext preContext, ControllerContext controllerContext, ActionResult actionResult)
   at System.Web.Mvc.ControllerActionInvoker.InvokeActionResultFilterRecursive(IList`1 filters, Int32 filterIndex, ResultExecutingContext preContext, ControllerContext controllerContext, ActionResult actionResult)
   at System.Web.Mvc.ControllerActionInvoker.InvokeActionResultFilterRecursive(IList`1 filters, Int32 filterIndex, ResultExecutingContext preContext, ControllerContext controllerContext, ActionResult actionResult)
   at System.Web.Mvc.ControllerActionInvoker.InvokeActionResultFilterRecursive(IList`1 filters, Int32 filterIndex, ResultExecutingContext preContext, ControllerContext controllerContext, ActionResult actionResult)
   at System.Web.Mvc.ControllerActionInvoker.InvokeActionResultFilterRecursive(IList`1 filters, Int32 filterIndex, ResultExecutingContext preContext, ControllerContext controllerContext, ActionResult actionResult)
   at System.Web.Mvc.ControllerActionInvoker.InvokeActionResultFilterRecursive(IList`1 filters, Int32 filterIndex, ResultExecutingContext preContext, ControllerContext controllerContext, ActionResult actionResult)
   at System.Web.Mvc.ControllerActionInvoker.InvokeActionResultFilterRecursive(IList`1 filters, Int32 filterIndex, ResultExecutingContext preContext, ControllerContext controllerContext, ActionResult actionResult)
2020-03-25 11:35:58,785 [28] Orchard.Exceptions.DefaultExceptionPolicy - Default - ERROR An unexpected exception was caught
System.Web.HttpException (0x80004005): 'https: /cdnjs.cloudflare.com/ajax/libs/font-awesome/4.7.0/css/font-awesome.min.css' is not a valid virtual path.
   at System.Web.Util.UrlPath.CheckValidVirtualPath(String path)
   at System.Web.Util.UrlPath.Combine(String appPath, String basepath, String relative)
   at System.Web.VirtualPath.Combine(VirtualPath relativePath)
   at System.Web.VirtualPath.Combine(VirtualPath v1, VirtualPath v2)
   at System.Web.VirtualPathUtility.Combine(String basePath, String relativePath)
   at System.Web.WebPages.UrlUtil.GenerateClientUrl(HttpContextBase httpContext, String basePath, String path, Object[] pathParts)
   at System.Web.WebPages.WebPageExecutingBase.Href(String path, Object[] pathParts)
   at Orchard.Mvc.ViewEngines.Razor.WebViewPage`1.Href(String path, Object[] pathParts) in E:\priyanka\New Project\Orchard-dev\Orchard-dev\src\Orchard\Mvc\ViewEngines\Razor\WebViewPage.cs:line 200
   at ASP._Page_Themes_SafarnamaTheme_Views_Layout_cshtml.Execute() in E:\priyanka\New Project\Orchard-dev\Orchard-dev\src\Orchard.Web\Themes\SafarnamaTheme\Views\Layout.cshtml:line 50
   at System.Web.WebPages.WebPageBase.ExecutePageHierarchy()
   at System.Web.Mvc.WebViewPage.ExecutePageHierarchy()
   at System.Web.WebPages.WebPageBase.ExecutePageHierarchy(WebPageContext pageContext, TextWriter writer, WebPageRenderingBase startPage)
   at System.Web.Mvc.RazorView.RenderView(ViewContext viewContext, TextWriter writer, Object instance)
   at System.Web.Mvc.BuildManagerCompiledView.Render(ViewContext viewContext, TextWriter writer)
   at System.Web.Mvc.HtmlHelper.RenderPartialInternal(String partialViewName, ViewDataDictionary viewData, Object model, TextWriter writer, ViewEngineCollection viewEngineCollection)
   at System.Web.Mvc.Html.PartialExtensions.Partial(HtmlHelper htmlHelper, String partialViewName, Object model, ViewDataDictionary viewData)
   at System.Web.Mvc.Html.PartialExtensions.Partial(HtmlHelper htmlHelper, String partialViewName, Object model)
   at Orchard.DisplayManagement.Descriptors.ShapeTemplateStrategy.ShapeTemplateBindingStrategy.Render(ShapeDescriptor shapeDescriptor, DisplayContext displayContext, HarvestShapeInfo harvestShapeInfo, HarvestShapeHit harvestShapeHit) in E:\priyanka\New Project\Orchard-dev\Orchard-dev\src\Orchard\DisplayManagement\Descriptors\ShapeTemplateStrategy\ShapeTemplateBindingStrategy.cs:line 151
   at Orchard.DisplayManagement.Descriptors.ShapeTemplateStrategy.ShapeTemplateBindingStrategy.<>c__DisplayClass20_7.<Discover>b__14(DisplayContext displayContext) in E:\priyanka\New Project\Orchard-dev\Orchard-dev\src\Orchard\DisplayManagement\Descriptors\ShapeTemplateStrategy\ShapeTemplateBindingStrategy.cs:line 133
   at Orchard.DisplayManagement.Descriptors.ShapeAlterationBuilder.<>c__DisplayClass7_1.<BoundAs>b__1(DisplayContext displayContext) in E:\priyanka\New Project\Orchard-dev\Orchard-dev\src\Orchard\DisplayManagement\Descriptors\ShapeAlterationBuilder.cs:line 56
   at Orchard.DisplayManagement.Implementation.DefaultDisplayManager.Process(ShapeBinding shapeBinding, IShape shape, DisplayContext context) in E:\priyanka\New Project\Orchard-dev\Orchard-dev\src\Orchard\DisplayManagement\Implementation\DefaultDisplayManager.cs:line 207
   at Orchard.DisplayManagement.Implementation.DefaultDisplayManager.Execute(DisplayContext context) in E:\priyanka\New Project\Orchard-dev\Orchard-dev\src\Orchard\DisplayManagement\Implementation\DefaultDisplayManager.cs:line 103
   at Orchard.DisplayManagement.Implementation.DisplayHelper.ShapeExecute(Object shape) in E:\priyanka\New Project\Orchard-dev\Orchard-dev\src\Orchard\DisplayManagement\Implementation\DisplayHelper.cs:line 86
   at Orchard.DisplayManagement.Implementation.DisplayHelper.Invoke(String name, INamedEnumerable`1 parameters) in E:\priyanka\New Project\Orchard-dev\Orchard-dev\src\Orchard\DisplayManagement\Implementation\DisplayHelper.cs:line 44
   at Orchard.DisplayManagement.Implementation.DisplayHelper.TryInvoke(InvokeBinder binder, Object[] args, Object& result) in E:\priyanka\New Project\Orchard-dev\Orchard-dev\src\Orchard\DisplayManagement\Implementation\DisplayHelper.cs:line 29
   at CallSite.Target(Closure , CallSite , Object , Object )
   at Orchard.Mvc.ViewEngines.ThemeAwareness.LayoutAwareViewEngine.<>c__DisplayClass9_0.<FindView>b__0(ViewContext viewContext, TextWriter writer, IViewDataContainer viewDataContainer) in E:\priyanka\New Project\Orchard-dev\Orchard-dev\src\Orchard\Mvc\ViewEngines\ThemeAwareness\LayoutAwareViewEngine.cs:line 63
   at Orchard.Mvc.ViewEngines.ThemeAwareness.LayoutAwareViewEngine.LayoutView.Render(ViewContext viewContext, TextWriter writer) in E:\priyanka\New Project\Orchard-dev\Orchard-dev\src\Orchard\Mvc\ViewEngines\ThemeAwareness\LayoutAwareViewEngine.cs:line 90
   at System.Web.Mvc.ViewResultBase.ExecuteResult(ControllerContext context)
   at System.Web.Mvc.ControllerActionInvoker.InvokeActionResult(ControllerContext controllerContext, ActionResult actionResult)
   at System.Web.Mvc.ControllerActionInvoker.InvokeActionResultFilterRecursive(IList`1 filters, Int32 filterIndex, ResultExecutingContext preContext, ControllerContext controllerContext, ActionResult actionResult)
   at System.Web.Mvc.ControllerActionInvoker.InvokeActionResultFilterRecursive(IList`1 filters, Int32 filterIndex, ResultExecutingContext preContext, ControllerContext controllerContext, ActionResult actionResult)
   at System.Web.Mvc.ControllerActionInvoker.InvokeActionResultFilterRecursive(IList`1 filters, Int32 filterIndex, ResultExecutingContext preContext, ControllerContext controllerContext, ActionResult actionResult)
   at System.Web.Mvc.ControllerActionInvoker.InvokeActionResultFilterRecursive(IList`1 filters, Int32 filterIndex, ResultExecutingContext preContext, ControllerContext controllerContext, ActionResult actionResult)
   at System.Web.Mvc.ControllerActionInvoker.InvokeActionResultFilterRecursive(IList`1 filters, Int32 filterIndex, ResultExecutingContext preContext, ControllerContext controllerContext, ActionResult actionResult)
   at System.Web.Mvc.ControllerActionInvoker.InvokeActionResultFilterRecursive(IList`1 filters, Int32 filterIndex, ResultExecutingContext preContext, ControllerContext controllerContext, ActionResult actionResult)
   at System.Web.Mvc.ControllerActionInvoker.InvokeActionResultFilterRecursive(IList`1 filters, Int32 filterIndex, ResultExecutingContext preContext, ControllerContext controllerContext, ActionResult actionResult)
   at System.Web.Mvc.ControllerActionInvoker.InvokeActionResultFilterRecursive(IList`1 filters, Int32 filterIndex, ResultExecutingContext preContext, ControllerContext controllerContext, ActionResult actionResult)
   at System.Web.Mvc.ControllerActionInvoker.InvokeActionResultFilterRecursive(IList`1 filters, Int32 filterIndex, ResultExecutingContext preContext, ControllerContext controllerContext, ActionResult actionResult)
2020-03-25 11:58:59,202 [52] Orchard.Exceptions.DefaultExceptionPolicy - Default - ERROR An unexpected exception was caught
System.Web.HttpException (0x80004005): 'https: /cdnjs.cloudflare.com/ajax/libs/font-awesome/4.7.0/css/font-awesome.min.css' is not a valid virtual path.
   at System.Web.Util.UrlPath.CheckValidVirtualPath(String path)
   at System.Web.Util.UrlPath.Combine(String appPath, String basepath, String relative)
   at System.Web.VirtualPath.Combine(VirtualPath relativePath)
   at System.Web.VirtualPath.Combine(VirtualPath v1, VirtualPath v2)
   at System.Web.VirtualPathUtility.Combine(String basePath, String relativePath)
   at System.Web.WebPages.UrlUtil.GenerateClientUrl(HttpContextBase httpContext, String basePath, String path, Object[] pathParts)
   at System.Web.WebPages.WebPageExecutingBase.Href(String path, Object[] pathParts)
   at Orchard.Mvc.ViewEngines.Razor.WebViewPage`1.Href(String path, Object[] pathParts) in E:\priyanka\New Project\Orchard-dev\Orchard-dev\src\Orchard\Mvc\ViewEngines\Razor\WebViewPage.cs:line 200
   at ASP._Page_Themes_SafarnamaTheme_Views_Layout_cshtml.Execute() in E:\priyanka\New Project\Orchard-dev\Orchard-dev\src\Orchard.Web\Themes\SafarnamaTheme\Views\Layout.cshtml:line 46
   at System.Web.WebPages.WebPageBase.ExecutePageHierarchy()
   at System.Web.Mvc.WebViewPage.ExecutePageHierarchy()
   at System.Web.WebPages.WebPageBase.ExecutePageHierarchy(WebPageContext pageContext, TextWriter writer, WebPageRenderingBase startPage)
   at System.Web.Mvc.RazorView.RenderView(ViewContext viewContext, TextWriter writer, Object instance)
   at System.Web.Mvc.BuildManagerCompiledView.Render(ViewContext viewContext, TextWriter writer)
   at System.Web.Mvc.HtmlHelper.RenderPartialInternal(String partialViewName, ViewDataDictionary viewData, Object model, TextWriter writer, ViewEngineCollection viewEngineCollection)
   at System.Web.Mvc.Html.PartialExtensions.Partial(HtmlHelper htmlHelper, String partialViewName, Object model, ViewDataDictionary viewData)
   at System.Web.Mvc.Html.PartialExtensions.Partial(HtmlHelper htmlHelper, String partialViewName, Object model)
   at Orchard.DisplayManagement.Descriptors.ShapeTemplateStrategy.ShapeTemplateBindingStrategy.Render(ShapeDescriptor shapeDescriptor, DisplayContext displayContext, HarvestShapeInfo harvestShapeInfo, HarvestShapeHit harvestShapeHit) in E:\priyanka\New Project\Orchard-dev\Orchard-dev\src\Orchard\DisplayManagement\Descriptors\ShapeTemplateStrategy\ShapeTemplateBindingStrategy.cs:line 151
   at Orchard.DisplayManagement.Descriptors.ShapeTemplateStrategy.ShapeTemplateBindingStrategy.<>c__DisplayClass20_7.<Discover>b__14(DisplayContext displayContext) in E:\priyanka\New Project\Orchard-dev\Orchard-dev\src\Orchard\DisplayManagement\Descriptors\ShapeTemplateStrategy\ShapeTemplateBindingStrategy.cs:line 133
   at Orchard.DisplayManagement.Descriptors.ShapeAlterationBuilder.<>c__DisplayClass7_1.<BoundAs>b__1(DisplayContext displayContext) in E:\priyanka\New Project\Orchard-dev\Orchard-dev\src\Orchard\DisplayManagement\Descriptors\ShapeAlterationBuilder.cs:line 56
   at Orchard.DisplayManagement.Implementation.DefaultDisplayManager.Process(ShapeBinding shapeBinding, IShape shape, DisplayContext context) in E:\priyanka\New Project\Orchard-dev\Orchard-dev\src\Orchard\DisplayManagement\Implementation\DefaultDisplayManager.cs:line 207
   at Orchard.DisplayManagement.Implementation.DefaultDisplayManager.Execute(DisplayContext context) in E:\priyanka\New Project\Orchard-dev\Orchard-dev\src\Orchard\DisplayManagement\Implementation\DefaultDisplayManager.cs:line 103
   at Orchard.DisplayManagement.Implementation.DisplayHelper.ShapeExecute(Object shape) in E:\priyanka\New Project\Orchard-dev\Orchard-dev\src\Orchard\DisplayManagement\Implementation\DisplayHelper.cs:line 86
   at Orchard.DisplayManagement.Implementation.DisplayHelper.Invoke(String name, INamedEnumerable`1 parameters) in E:\priyanka\New Project\Orchard-dev\Orchard-dev\src\Orchard\DisplayManagement\Implementation\DisplayHelper.cs:line 44
   at Orchard.DisplayManagement.Implementation.DisplayHelper.TryInvoke(InvokeBinder binder, Object[] args, Object& result) in E:\priyanka\New Project\Orchard-dev\Orchard-dev\src\Orchard\DisplayManagement\Implementation\DisplayHelper.cs:line 29
   at CallSite.Target(Closure , CallSite , Object , Object )
   at Orchard.Mvc.ViewEngines.ThemeAwareness.LayoutAwareViewEngine.<>c__DisplayClass9_0.<FindView>b__0(ViewContext viewContext, TextWriter writer, IViewDataContainer viewDataContainer) in E:\priyanka\New Project\Orchard-dev\Orchard-dev\src\Orchard\Mvc\ViewEngines\ThemeAwareness\LayoutAwareViewEngine.cs:line 63
   at Orchard.Mvc.ViewEngines.ThemeAwareness.LayoutAwareViewEngine.LayoutView.Render(ViewContext viewContext, TextWriter writer) in E:\priyanka\New Project\Orchard-dev\Orchard-dev\src\Orchard\Mvc\ViewEngines\ThemeAwareness\LayoutAwareViewEngine.cs:line 90
   at System.Web.Mvc.ViewResultBase.ExecuteResult(ControllerContext context)
   at System.Web.Mvc.ControllerActionInvoker.InvokeActionResult(ControllerContext controllerContext, ActionResult actionResult)
   at System.Web.Mvc.ControllerActionInvoker.InvokeActionResultFilterRecursive(IList`1 filters, Int32 filterIndex, ResultExecutingContext preContext, ControllerContext controllerContext, ActionResult actionResult)
   at System.Web.Mvc.ControllerActionInvoker.InvokeActionResultFilterRecursive(IList`1 filters, Int32 filterIndex, ResultExecutingContext preContext, ControllerContext controllerContext, ActionResult actionResult)
   at System.Web.Mvc.ControllerActionInvoker.InvokeActionResultFilterRecursive(IList`1 filters, Int32 filterIndex, ResultExecutingContext preContext, ControllerContext controllerContext, ActionResult actionResult)
   at System.Web.Mvc.ControllerActionInvoker.InvokeActionResultFilterRecursive(IList`1 filters, Int32 filterIndex, ResultExecutingContext preContext, ControllerContext controllerContext, ActionResult actionResult)
   at System.Web.Mvc.ControllerActionInvoker.InvokeActionResultFilterRecursive(IList`1 filters, Int32 filterIndex, ResultExecutingContext preContext, ControllerContext controllerContext, ActionResult actionResult)
   at System.Web.Mvc.ControllerActionInvoker.InvokeActionResultFilterRecursive(IList`1 filters, Int32 filterIndex, ResultExecutingContext preContext, ControllerContext controllerContext, ActionResult actionResult)
   at System.Web.Mvc.ControllerActionInvoker.InvokeActionResultFilterRecursive(IList`1 filters, Int32 filterIndex, ResultExecutingContext preContext, ControllerContext controllerContext, ActionResult actionResult)
   at System.Web.Mvc.ControllerActionInvoker.InvokeActionResultFilterRecursive(IList`1 filters, Int32 filterIndex, ResultExecutingContext preContext, ControllerContext controllerContext, ActionResult actionResult)
   at System.Web.Mvc.ControllerActionInvoker.InvokeActionResultFilterRecursive(IList`1 filters, Int32 filterIndex, ResultExecutingContext preContext, ControllerContext controllerContext, ActionResult actionResult)
2020-03-25 12:06:53,419 [60] Orchard.Exceptions.DefaultExceptionPolicy - Default - ERROR An unexpected exception was caught
Microsoft.CSharp.RuntimeBinder.RuntimeBinderException: 'Orchard.Core.Navigation.ViewModels.NavigationManagementViewModel' does not contain a definition for 'Id'
   at CallSite.Target(Closure , CallSite , Object , String )
   at System.Dynamic.UpdateDelegates.UpdateAndExecute2[T0,T1,TRet](CallSite site, T0 arg0, T1 arg1)
   at ASP._Page_Themes_SafarnamaTheme_Views_index_cshtml.Execute() in E:\priyanka\New Project\Orchard-dev\Orchard-dev\src\Orchard.Web\Themes\SafarnamaTheme\Views\index.cshtml:line 36
   at System.Web.WebPages.WebPageBase.ExecutePageHierarchy()
   at System.Web.Mvc.WebViewPage.ExecutePageHierarchy()
   at System.Web.WebPages.WebPageBase.ExecutePageHierarchy(WebPageContext pageContext, TextWriter writer, WebPageRenderingBase startPage)
   at System.Web.Mvc.RazorView.RenderView(ViewContext viewContext, TextWriter writer, Object instance)
   at System.Web.Mvc.BuildManagerCompiledView.Render(ViewContext viewContext, TextWriter writer)
   at Orchard.Mvc.ViewEngines.ThemeAwareness.LayoutAwareViewEngine.<>c__DisplayClass9_0.<FindView>b__0(ViewContext viewContext, TextWriter writer, IViewDataContainer viewDataContainer) in E:\priyanka\New Project\Orchard-dev\Orchard-dev\src\Orchard\Mvc\ViewEngines\ThemeAwareness\LayoutAwareViewEngine.cs:line 59
   at Orchard.Mvc.ViewEngines.ThemeAwareness.LayoutAwareViewEngine.LayoutView.Render(ViewContext viewContext, TextWriter writer) in E:\priyanka\New Project\Orchard-dev\Orchard-dev\src\Orchard\Mvc\ViewEngines\ThemeAwareness\LayoutAwareViewEngine.cs:line 90
   at System.Web.Mvc.ViewResultBase.ExecuteResult(ControllerContext context)
   at System.Web.Mvc.ControllerActionInvoker.InvokeActionResult(ControllerContext controllerContext, ActionResult actionResult)
   at System.Web.Mvc.ControllerActionInvoker.InvokeActionResultFilterRecursive(IList`1 filters, Int32 filterIndex, ResultExecutingContext preContext, ControllerContext controllerContext, ActionResult actionResult)
   at System.Web.Mvc.ControllerActionInvoker.InvokeActionResultFilterRecursive(IList`1 filters, Int32 filterIndex, ResultExecutingContext preContext, ControllerContext controllerContext, ActionResult actionResult)
   at System.Web.Mvc.ControllerActionInvoker.InvokeActionResultFilterRecursive(IList`1 filters, Int32 filterIndex, ResultExecutingContext preContext, ControllerContext controllerContext, ActionResult actionResult)
   at System.Web.Mvc.ControllerActionInvoker.InvokeActionResultFilterRecursive(IList`1 filters, Int32 filterIndex, ResultExecutingContext preContext, ControllerContext controllerContext, ActionResult actionResult)
   at System.Web.Mvc.ControllerActionInvoker.InvokeActionResultFilterRecursive(IList`1 filters, Int32 filterIndex, ResultExecutingContext preContext, ControllerContext controllerContext, ActionResult actionResult)
   at System.Web.Mvc.ControllerActionInvoker.InvokeActionResultFilterRecursive(IList`1 filters, Int32 filterIndex, ResultExecutingContext preContext, ControllerContext controllerContext, ActionResult actionResult)
   at System.Web.Mvc.ControllerActionInvoker.InvokeActionResultFilterRecursive(IList`1 filters, Int32 filterIndex, ResultExecutingContext preContext, ControllerContext controllerContext, ActionResult actionResult)
   at System.Web.Mvc.ControllerActionInvoker.InvokeActionResultFilterRecursive(IList`1 filters, Int32 filterIndex, ResultExecutingContext preContext, ControllerContext controllerContext, ActionResult actionResult)
   at System.Web.Mvc.ControllerActionInvoker.InvokeActionResultFilterRecursive(IList`1 filters, Int32 filterIndex, ResultExecutingContext preContext, ControllerContext controllerContext, ActionResult actionResult)
2020-03-25 12:06:53,420 [42] Orchard.Exceptions.DefaultExceptionPolicy - Default - ERROR An unexpected exception was caught
Microsoft.CSharp.RuntimeBinder.RuntimeBinderException: 'Orchard.Core.Navigation.ViewModels.NavigationManagementViewModel' does not contain a definition for 'Id'
   at CallSite.Target(Closure , CallSite , Object , String )
   at System.Dynamic.UpdateDelegates.UpdateAndExecute2[T0,T1,TRet](CallSite site, T0 arg0, T1 arg1)
   at ASP._Page_Themes_SafarnamaTheme_Views_index_cshtml.Execute() in E:\priyanka\New Project\Orchard-dev\Orchard-dev\src\Orchard.Web\Themes\SafarnamaTheme\Views\index.cshtml:line 36
   at System.Web.WebPages.WebPageBase.ExecutePageHierarchy()
   at System.Web.Mvc.WebViewPage.ExecutePageHierarchy()
   at System.Web.WebPages.WebPageBase.ExecutePageHierarchy(WebPageContext pageContext, TextWriter writer, WebPageRenderingBase startPage)
   at System.Web.Mvc.RazorView.RenderView(ViewContext viewContext, TextWriter writer, Object instance)
   at System.Web.Mvc.BuildManagerCompiledView.Render(ViewContext viewContext, TextWriter writer)
   at Orchard.Mvc.ViewEngines.ThemeAwareness.LayoutAwareViewEngine.<>c__DisplayClass9_0.<FindView>b__0(ViewContext viewContext, TextWriter writer, IViewDataContainer viewDataContainer) in E:\priyanka\New Project\Orchard-dev\Orchard-dev\src\Orchard\Mvc\ViewEngines\ThemeAwareness\LayoutAwareViewEngine.cs:line 59
   at Orchard.Mvc.ViewEngines.ThemeAwareness.LayoutAwareViewEngine.LayoutView.Render(ViewContext viewContext, TextWriter writer) in E:\priyanka\New Project\Orchard-dev\Orchard-dev\src\Orchard\Mvc\ViewEngines\ThemeAwareness\LayoutAwareViewEngine.cs:line 90
   at System.Web.Mvc.ViewResultBase.ExecuteResult(ControllerContext context)
   at System.Web.Mvc.ControllerActionInvoker.InvokeActionResult(ControllerContext controllerContext, ActionResult actionResult)
   at System.Web.Mvc.ControllerActionInvoker.InvokeActionResultFilterRecursive(IList`1 filters, Int32 filterIndex, ResultExecutingContext preContext, ControllerContext controllerContext, ActionResult actionResult)
   at System.Web.Mvc.ControllerActionInvoker.InvokeActionResultFilterRecursive(IList`1 filters, Int32 filterIndex, ResultExecutingContext preContext, ControllerContext controllerContext, ActionResult actionResult)
   at System.Web.Mvc.ControllerActionInvoker.InvokeActionResultFilterRecursive(IList`1 filters, Int32 filterIndex, ResultExecutingContext preContext, ControllerContext controllerContext, ActionResult actionResult)
   at System.Web.Mvc.ControllerActionInvoker.InvokeActionResultFilterRecursive(IList`1 filters, Int32 filterIndex, ResultExecutingContext preContext, ControllerContext controllerContext, ActionResult actionResult)
   at System.Web.Mvc.ControllerActionInvoker.InvokeActionResultFilterRecursive(IList`1 filters, Int32 filterIndex, ResultExecutingContext preContext, ControllerContext controllerContext, ActionResult actionResult)
   at System.Web.Mvc.ControllerActionInvoker.InvokeActionResultFilterRecursive(IList`1 filters, Int32 filterIndex, ResultExecutingContext preContext, ControllerContext controllerContext, ActionResult actionResult)
   at System.Web.Mvc.ControllerActionInvoker.InvokeActionResultFilterRecursive(IList`1 filters, Int32 filterIndex, ResultExecutingContext preContext, ControllerContext controllerContext, ActionResult actionResult)
   at System.Web.Mvc.ControllerActionInvoker.InvokeActionResultFilterRecursive(IList`1 filters, Int32 filterIndex, ResultExecutingContext preContext, ControllerContext controllerContext, ActionResult actionResult)
   at System.Web.Mvc.ControllerActionInvoker.InvokeActionResultFilterRecursive(IList`1 filters, Int32 filterIndex, ResultExecutingContext preContext, ControllerContext controllerContext, ActionResult actionResult)
2020-03-25 12:09:16,249 [6] Orchard.Environment.ShellBuilders.CompositionStrategy - (null) - WARN Identified 'Safarnama.Theme' as an orphaned feature state record in Settings_ShellFeatureRecord.
2020-03-25 12:09:16,297 [6] Orchard.Environment.ShellBuilders.CompositionStrategy - (null) - WARN Identified 'Safarnama.Theme' as an orphaned feature state record in Settings_ShellFeatureRecord.
2020-03-25 12:09:16,968 [6] Orchard.Environment.Extensions.ExtensionManager - (null) - WARN No suitable loader found for extension "Terra"
2020-03-25 12:12:23,571 [19] Orchard.Exceptions.DefaultExceptionPolicy - Default - ERROR An unexpected exception was caught
Microsoft.CSharp.RuntimeBinder.RuntimeBinderException: 'Orchard.Core.Navigation.ViewModels.NavigationManagementViewModel' does not contain a definition for 'Id'
   at CallSite.Target(Closure , CallSite , Object , String )
   at System.Dynamic.UpdateDelegates.UpdateAndExecute2[T0,T1,TRet](CallSite site, T0 arg0, T1 arg1)
   at ASP._Page_Themes_SafarnamaTheme_Views_index_cshtml.Execute() in E:\priyanka\New Project\Orchard-dev\Orchard-dev\src\Orchard.Web\Themes\SafarnamaTheme\Views\index.cshtml:line 36
   at System.Web.WebPages.WebPageBase.ExecutePageHierarchy()
   at System.Web.Mvc.WebViewPage.ExecutePageHierarchy()
   at System.Web.WebPages.WebPageBase.ExecutePageHierarchy(WebPageContext pageContext, TextWriter writer, WebPageRenderingBase startPage)
   at System.Web.Mvc.RazorView.RenderView(ViewContext viewContext, TextWriter writer, Object instance)
   at System.Web.Mvc.BuildManagerCompiledView.Render(ViewContext viewContext, TextWriter writer)
   at Orchard.Mvc.ViewEngines.ThemeAwareness.LayoutAwareViewEngine.<>c__DisplayClass9_0.<FindView>b__0(ViewContext viewContext, TextWriter writer, IViewDataContainer viewDataContainer) in E:\priyanka\New Project\Orchard-dev\Orchard-dev\src\Orchard\Mvc\ViewEngines\ThemeAwareness\LayoutAwareViewEngine.cs:line 59
   at Orchard.Mvc.ViewEngines.ThemeAwareness.LayoutAwareViewEngine.LayoutView.Render(ViewContext viewContext, TextWriter writer) in E:\priyanka\New Project\Orchard-dev\Orchard-dev\src\Orchard\Mvc\ViewEngines\ThemeAwareness\LayoutAwareViewEngine.cs:line 90
   at System.Web.Mvc.ViewResultBase.ExecuteResult(ControllerContext context)
   at System.Web.Mvc.ControllerActionInvoker.InvokeActionResult(ControllerContext controllerContext, ActionResult actionResult)
   at System.Web.Mvc.ControllerActionInvoker.InvokeActionResultFilterRecursive(IList`1 filters, Int32 filterIndex, ResultExecutingContext preContext, ControllerContext controllerContext, ActionResult actionResult)
   at System.Web.Mvc.ControllerActionInvoker.InvokeActionResultFilterRecursive(IList`1 filters, Int32 filterIndex, ResultExecutingContext preContext, ControllerContext controllerContext, ActionResult actionResult)
   at System.Web.Mvc.ControllerActionInvoker.InvokeActionResultFilterRecursive(IList`1 filters, Int32 filterIndex, ResultExecutingContext preContext, ControllerContext controllerContext, ActionResult actionResult)
   at System.Web.Mvc.ControllerActionInvoker.InvokeActionResultFilterRecursive(IList`1 filters, Int32 filterIndex, ResultExecutingContext preContext, ControllerContext controllerContext, ActionResult actionResult)
   at System.Web.Mvc.ControllerActionInvoker.InvokeActionResultFilterRecursive(IList`1 filters, Int32 filterIndex, ResultExecutingContext preContext, ControllerContext controllerContext, ActionResult actionResult)
   at System.Web.Mvc.ControllerActionInvoker.InvokeActionResultFilterRecursive(IList`1 filters, Int32 filterIndex, ResultExecutingContext preContext, ControllerContext controllerContext, ActionResult actionResult)
   at System.Web.Mvc.ControllerActionInvoker.InvokeActionResultFilterRecursive(IList`1 filters, Int32 filterIndex, ResultExecutingContext preContext, ControllerContext controllerContext, ActionResult actionResult)
   at System.Web.Mvc.ControllerActionInvoker.InvokeActionResultFilterRecursive(IList`1 filters, Int32 filterIndex, ResultExecutingContext preContext, ControllerContext controllerContext, ActionResult actionResult)
   at System.Web.Mvc.ControllerActionInvoker.InvokeActionResultFilterRecursive(IList`1 filters, Int32 filterIndex, ResultExecutingContext preContext, ControllerContext controllerContext, ActionResult actionResult)
2020-03-25 12:20:47,979 [7] Orchard.Environment.ShellBuilders.CompositionStrategy - (null) - WARN Identified 'Safarnama.Theme' as an orphaned feature state record in Settings_ShellFeatureRecord.
2020-03-25 12:20:48,014 [7] Orchard.Environment.ShellBuilders.CompositionStrategy - (null) - WARN Identified 'Safarnama.Theme' as an orphaned feature state record in Settings_ShellFeatureRecord.
2020-03-25 12:20:49,700 [7] Orchard.Environment.Extensions.ExtensionManager - (null) - WARN No suitable loader found for extension "Terra"
2020-03-25 13:05:03,413 [6] Orchard.Environment.ShellBuilders.CompositionStrategy - (null) - WARN Identified 'Safarnama.Theme' as an orphaned feature state record in Settings_ShellFeatureRecord.
2020-03-25 13:05:03,462 [6] Orchard.Environment.ShellBuilders.CompositionStrategy - (null) - WARN Identified 'Safarnama.Theme' as an orphaned feature state record in Settings_ShellFeatureRecord.
2020-03-25 13:05:04,980 [6] Orchard.Environment.Extensions.ExtensionManager - (null) - WARN No suitable loader found for extension "Terra"
2020-03-25 13:11:56,523 [7] Orchard.Environment.ShellBuilders.CompositionStrategy - (null) - WARN Identified 'Safarnama.Theme' as an orphaned feature state record in Settings_ShellFeatureRecord.
2020-03-25 13:11:56,555 [7] Orchard.Environment.ShellBuilders.CompositionStrategy - (null) - WARN Identified 'Safarnama.Theme' as an orphaned feature state record in Settings_ShellFeatureRecord.
2020-03-25 13:11:56,948 [7] Orchard.Environment.Extensions.ExtensionManager - (null) - WARN No suitable loader found for extension "Terra"
2020-03-25 13:18:07,869 [7] Orchard.Environment.ShellBuilders.CompositionStrategy - (null) - WARN Identified 'SafarnamaTheme' as an orphaned feature state record in Settings_ShellFeatureRecord.
2020-03-25 13:18:07,893 [7] Orchard.Environment.ShellBuilders.CompositionStrategy - (null) - WARN Identified 'SafarnamaTheme' as an orphaned feature state record in Settings_ShellFeatureRecord.
2020-03-25 13:18:07,893 [7] Orchard.Environment.ShellBuilders.CompositionStrategy - (null) - WARN Identified 'SafarnamaTheme' as an orphaned feature state record in Settings_ShellFeatureRecord.
2020-03-25 13:18:07,893 [7] Orchard.Environment.ShellBuilders.CompositionStrategy - (null) - WARN Identified 'SafarnamaTheme' as an orphaned feature state record in Settings_ShellFeatureRecord.
2020-03-25 13:18:07,893 [7] Orchard.Environment.ShellBuilders.CompositionStrategy - (null) - WARN Identified 'Safarnama.Theme' as an orphaned feature state record in Settings_ShellFeatureRecord.
2020-03-25 13:18:07,909 [7] Orchard.Environment.ShellBuilders.CompositionStrategy - (null) - WARN Identified 'Safarnama.Theme' as an orphaned feature state record in Settings_ShellFeatureRecord.
2020-03-25 13:18:07,909 [7] Orchard.Environment.ShellBuilders.CompositionStrategy - (null) - WARN Identified 'SafarnamaTheme' as an orphaned feature state record in Settings_ShellFeatureRecord.
2020-03-25 13:18:07,909 [7] Orchard.Environment.ShellBuilders.CompositionStrategy - (null) - WARN Identified 'SafarnamaTheme' as an orphaned feature state record in Settings_ShellFeatureRecord.
2020-03-25 13:18:07,909 [7] Orchard.Environment.ShellBuilders.CompositionStrategy - (null) - WARN Identified 'SafarnamaTheme' as an orphaned feature state record in Settings_ShellFeatureRecord.
2020-03-25 13:18:07,909 [7] Orchard.Environment.ShellBuilders.CompositionStrategy - (null) - WARN Identified 'SafarnamaTheme' as an orphaned feature state record in Settings_ShellFeatureRecord.
2020-03-25 13:18:07,909 [7] Orchard.Environment.ShellBuilders.CompositionStrategy - (null) - WARN Identified 'SafarnamaTheme' as an orphaned feature state record in Settings_ShellFeatureRecord.
2020-03-25 13:18:07,909 [7] Orchard.Environment.ShellBuilders.CompositionStrategy - (null) - WARN Identified 'SafarnamaTheme' as an orphaned feature state record in Settings_ShellFeatureRecord.
2020-03-25 13:18:07,924 [7] Orchard.Environment.ShellBuilders.CompositionStrategy - (null) - WARN Identified 'SafarnamaTheme' as an orphaned feature state record in Settings_ShellFeatureRecord.
2020-03-25 13:18:07,924 [7] Orchard.Environment.ShellBuilders.CompositionStrategy - (null) - WARN Identified 'SafarnamaTheme' as an orphaned feature state record in Settings_ShellFeatureRecord.
2020-03-25 13:18:07,924 [7] Orchard.Environment.ShellBuilders.CompositionStrategy - (null) - WARN Identified 'SafarnamaTheme' as an orphaned feature state record in Settings_ShellFeatureRecord.
2020-03-25 13:18:07,924 [7] Orchard.Environment.ShellBuilders.CompositionStrategy - (null) - WARN Identified 'SafarnamaTheme' as an orphaned feature state record in Settings_ShellFeatureRecord.
2020-03-25 13:18:09,199 [7] Orchard.Environment.Extensions.ExtensionManager - (null) - WARN No suitable loader found for extension "Terra"
2020-03-25 13:21:11,588 [19] Orchard.Environment.ShellBuilders.CompositionStrategy - (null) - WARN Identified 'SafarnamaTheme' as an orphaned feature state record in Settings_ShellFeatureRecord.
2020-03-25 13:21:11,588 [19] Orchard.Environment.ShellBuilders.CompositionStrategy - (null) - WARN Identified 'SafarnamaTheme' as an orphaned feature state record in Settings_ShellFeatureRecord.
2020-03-25 13:21:11,604 [19] Orchard.Environment.ShellBuilders.CompositionStrategy - (null) - WARN Identified 'SafarnamaTheme' as an orphaned feature state record in Settings_ShellFeatureRecord.
2020-03-25 13:21:11,604 [19] Orchard.Environment.ShellBuilders.CompositionStrategy - (null) - WARN Identified 'SafarnamaTheme' as an orphaned feature state record in Settings_ShellFeatureRecord.
2020-03-25 13:21:11,620 [19] Orchard.Environment.ShellBuilders.CompositionStrategy - (null) - WARN Identified 'Safarnama.Theme' as an orphaned feature state record in Settings_ShellFeatureRecord.
2020-03-25 13:21:11,620 [19] Orchard.Environment.ShellBuilders.CompositionStrategy - (null) - WARN Identified 'Safarnama.Theme' as an orphaned feature state record in Settings_ShellFeatureRecord.
2020-03-25 13:21:11,620 [19] Orchard.Environment.ShellBuilders.CompositionStrategy - (null) - WARN Identified 'SafarnamaTheme' as an orphaned feature state record in Settings_ShellFeatureRecord.
2020-03-25 13:21:11,620 [19] Orchard.Environment.ShellBuilders.CompositionStrategy - (null) - WARN Identified 'SafarnamaTheme' as an orphaned feature state record in Settings_ShellFeatureRecord.
2020-03-25 13:21:11,620 [19] Orchard.Environment.ShellBuilders.CompositionStrategy - (null) - WARN Identified 'SafarnamaTheme' as an orphaned feature state record in Settings_ShellFeatureRecord.
2020-03-25 13:21:11,635 [19] Orchard.Environment.ShellBuilders.CompositionStrategy - (null) - WARN Identified 'SafarnamaTheme' as an orphaned feature state record in Settings_ShellFeatureRecord.
2020-03-25 13:21:11,635 [19] Orchard.Environment.ShellBuilders.CompositionStrategy - (null) - WARN Identified 'SafarnamaTheme' as an orphaned feature state record in Settings_ShellFeatureRecord.
2020-03-25 13:21:11,635 [19] Orchard.Environment.ShellBuilders.CompositionStrategy - (null) - WARN Identified 'SafarnamaTheme' as an orphaned feature state record in Settings_ShellFeatureRecord.
2020-03-25 13:21:11,635 [19] Orchard.Environment.ShellBuilders.CompositionStrategy - (null) - WARN Identified 'SafarnamaTheme' as an orphaned feature state record in Settings_ShellFeatureRecord.
2020-03-25 13:21:11,635 [19] Orchard.Environment.ShellBuilders.CompositionStrategy - (null) - WARN Identified 'SafarnamaTheme' as an orphaned feature state record in Settings_ShellFeatureRecord.
2020-03-25 13:21:11,635 [19] Orchard.Environment.ShellBuilders.CompositionStrategy - (null) - WARN Identified 'SafarnamaTheme' as an orphaned feature state record in Settings_ShellFeatureRecord.
2020-03-25 13:21:11,635 [19] Orchard.Environment.ShellBuilders.CompositionStrategy - (null) - WARN Identified 'SafarnamaTheme' as an orphaned feature state record in Settings_ShellFeatureRecord.
2020-03-25 13:21:12,026 [19] Orchard.Environment.ShellBuilders.CompositionStrategy - (null) - WARN Identified 'SafarnamaTheme' as an orphaned feature state record in Settings_ShellFeatureRecord.
2020-03-25 13:21:12,026 [19] Orchard.Environment.ShellBuilders.CompositionStrategy - (null) - WARN Identified 'SafarnamaTheme' as an orphaned feature state record in Settings_ShellFeatureRecord.
2020-03-25 13:21:12,041 [19] Orchard.Environment.ShellBuilders.CompositionStrategy - (null) - WARN Identified 'SafarnamaTheme' as an orphaned feature state record in Settings_ShellFeatureRecord.
2020-03-25 13:21:12,041 [19] Orchard.Environment.ShellBuilders.CompositionStrategy - (null) - WARN Identified 'SafarnamaTheme' as an orphaned feature state record in Settings_ShellFeatureRecord.
2020-03-25 13:21:12,041 [19] Orchard.Environment.ShellBuilders.CompositionStrategy - (null) - WARN Identified 'Safarnama.Theme' as an orphaned feature state record in Settings_ShellFeatureRecord.
2020-03-25 13:21:12,041 [19] Orchard.Environment.ShellBuilders.CompositionStrategy - (null) - WARN Identified 'Safarnama.Theme' as an orphaned feature state record in Settings_ShellFeatureRecord.
2020-03-25 13:21:12,041 [19] Orchard.Environment.ShellBuilders.CompositionStrategy - (null) - WARN Identified 'SafarnamaTheme' as an orphaned feature state record in Settings_ShellFeatureRecord.
2020-03-25 13:21:12,057 [19] Orchard.Environment.ShellBuilders.CompositionStrategy - (null) - WARN Identified 'SafarnamaTheme' as an orphaned feature state record in Settings_ShellFeatureRecord.
2020-03-25 13:21:12,057 [19] Orchard.Environment.ShellBuilders.CompositionStrategy - (null) - WARN Identified 'SafarnamaTheme' as an orphaned feature state record in Settings_ShellFeatureRecord.
2020-03-25 13:21:12,057 [19] Orchard.Environment.ShellBuilders.CompositionStrategy - (null) - WARN Identified 'SafarnamaTheme' as an orphaned feature state record in Settings_ShellFeatureRecord.
2020-03-25 13:21:12,057 [19] Orchard.Environment.ShellBuilders.CompositionStrategy - (null) - WARN Identified 'SafarnamaTheme' as an orphaned feature state record in Settings_ShellFeatureRecord.
2020-03-25 13:21:12,057 [19] Orchard.Environment.ShellBuilders.CompositionStrategy - (null) - WARN Identified 'SafarnamaTheme' as an orphaned feature state record in Settings_ShellFeatureRecord.
2020-03-25 13:21:12,057 [19] Orchard.Environment.ShellBuilders.CompositionStrategy - (null) - WARN Identified 'SafarnamaTheme' as an orphaned feature state record in Settings_ShellFeatureRecord.
2020-03-25 13:21:12,073 [19] Orchard.Environment.ShellBuilders.CompositionStrategy - (null) - WARN Identified 'SafarnamaTheme' as an orphaned feature state record in Settings_ShellFeatureRecord.
2020-03-25 13:21:12,073 [19] Orchard.Environment.ShellBuilders.CompositionStrategy - (null) - WARN Identified 'SafarnamaTheme' as an orphaned feature state record in Settings_ShellFeatureRecord.
2020-03-25 13:21:12,073 [19] Orchard.Environment.ShellBuilders.CompositionStrategy - (null) - WARN Identified 'SafarnamaTheme' as an orphaned feature state record in Settings_ShellFeatureRecord.
2020-03-25 13:21:31,192 [19] Orchard.Environment.ShellBuilders.CompositionStrategy - (null) - WARN Identified 'SafarnamaTheme' as an orphaned feature state record in Settings_ShellFeatureRecord.
2020-03-25 13:21:31,208 [19] Orchard.Environment.ShellBuilders.CompositionStrategy - (null) - WARN Identified 'SafarnamaTheme' as an orphaned feature state record in Settings_ShellFeatureRecord.
2020-03-25 13:21:31,208 [19] Orchard.Environment.ShellBuilders.CompositionStrategy - (null) - WARN Identified 'SafarnamaTheme' as an orphaned feature state record in Settings_ShellFeatureRecord.
2020-03-25 13:21:31,208 [19] Orchard.Environment.ShellBuilders.CompositionStrategy - (null) - WARN Identified 'SafarnamaTheme' as an orphaned feature state record in Settings_ShellFeatureRecord.
2020-03-25 13:21:31,208 [19] Orchard.Environment.ShellBuilders.CompositionStrategy - (null) - WARN Identified 'Safarnama.Theme' as an orphaned feature state record in Settings_ShellFeatureRecord.
2020-03-25 13:21:31,208 [19] Orchard.Environment.ShellBuilders.CompositionStrategy - (null) - WARN Identified 'Safarnama.Theme' as an orphaned feature state record in Settings_ShellFeatureRecord.
2020-03-25 13:21:31,223 [19] Orchard.Environment.ShellBuilders.CompositionStrategy - (null) - WARN Identified 'SafarnamaTheme' as an orphaned feature state record in Settings_ShellFeatureRecord.
2020-03-25 13:21:31,223 [19] Orchard.Environment.ShellBuilders.CompositionStrategy - (null) - WARN Identified 'SafarnamaTheme' as an orphaned feature state record in Settings_ShellFeatureRecord.
2020-03-25 13:21:31,223 [19] Orchard.Environment.ShellBuilders.CompositionStrategy - (null) - WARN Identified 'SafarnamaTheme' as an orphaned feature state record in Settings_ShellFeatureRecord.
2020-03-25 13:21:31,223 [19] Orchard.Environment.ShellBuilders.CompositionStrategy - (null) - WARN Identified 'SafarnamaTheme' as an orphaned feature state record in Settings_ShellFeatureRecord.
2020-03-25 13:21:31,223 [19] Orchard.Environment.ShellBuilders.CompositionStrategy - (null) - WARN Identified 'SafarnamaTheme' as an orphaned feature state record in Settings_ShellFeatureRecord.
2020-03-25 13:21:31,223 [19] Orchard.Environment.ShellBuilders.CompositionStrategy - (null) - WARN Identified 'SafarnamaTheme' as an orphaned feature state record in Settings_ShellFeatureRecord.
2020-03-25 13:21:31,239 [19] Orchard.Environment.ShellBuilders.CompositionStrategy - (null) - WARN Identified 'SafarnamaTheme' as an orphaned feature state record in Settings_ShellFeatureRecord.
2020-03-25 13:21:31,239 [19] Orchard.Environment.ShellBuilders.CompositionStrategy - (null) - WARN Identified 'SafarnamaTheme' as an orphaned feature state record in Settings_ShellFeatureRecord.
2020-03-25 13:21:31,239 [19] Orchard.Environment.ShellBuilders.CompositionStrategy - (null) - WARN Identified 'SafarnamaTheme' as an orphaned feature state record in Settings_ShellFeatureRecord.
2020-03-25 13:21:31,239 [19] Orchard.Environment.ShellBuilders.CompositionStrategy - (null) - WARN Identified 'SafarnamaTheme' as an orphaned feature state record in Settings_ShellFeatureRecord.
2020-03-25 13:21:31,770 [19] Orchard.Environment.ShellBuilders.CompositionStrategy - (null) - WARN Identified 'SafarnamaTheme' as an orphaned feature state record in Settings_ShellFeatureRecord.
2020-03-25 13:21:31,773 [19] Orchard.Environment.ShellBuilders.CompositionStrategy - (null) - WARN Identified 'SafarnamaTheme' as an orphaned feature state record in Settings_ShellFeatureRecord.
2020-03-25 13:21:31,775 [19] Orchard.Environment.ShellBuilders.CompositionStrategy - (null) - WARN Identified 'SafarnamaTheme' as an orphaned feature state record in Settings_ShellFeatureRecord.
2020-03-25 13:21:31,777 [19] Orchard.Environment.ShellBuilders.CompositionStrategy - (null) - WARN Identified 'SafarnamaTheme' as an orphaned feature state record in Settings_ShellFeatureRecord.
2020-03-25 13:21:31,779 [19] Orchard.Environment.ShellBuilders.CompositionStrategy - (null) - WARN Identified 'Safarnama.Theme' as an orphaned feature state record in Settings_ShellFeatureRecord.
2020-03-25 13:21:31,781 [19] Orchard.Environment.ShellBuilders.CompositionStrategy - (null) - WARN Identified 'Safarnama.Theme' as an orphaned feature state record in Settings_ShellFeatureRecord.
2020-03-25 13:21:31,783 [19] Orchard.Environment.ShellBuilders.CompositionStrategy - (null) - WARN Identified 'SafarnamaTheme' as an orphaned feature state record in Settings_ShellFeatureRecord.
2020-03-25 13:21:31,785 [19] Orchard.Environment.ShellBuilders.CompositionStrategy - (null) - WARN Identified 'SafarnamaTheme' as an orphaned feature state record in Settings_ShellFeatureRecord.
2020-03-25 13:21:31,787 [19] Orchard.Environment.ShellBuilders.CompositionStrategy - (null) - WARN Identified 'SafarnamaTheme' as an orphaned feature state record in Settings_ShellFeatureRecord.
2020-03-25 13:21:31,790 [19] Orchard.Environment.ShellBuilders.CompositionStrategy - (null) - WARN Identified 'SafarnamaTheme' as an orphaned feature state record in Settings_ShellFeatureRecord.
2020-03-25 13:21:31,792 [19] Orchard.Environment.ShellBuilders.CompositionStrategy - (null) - WARN Identified 'SafarnamaTheme' as an orphaned feature state record in Settings_ShellFeatureRecord.
2020-03-25 13:21:31,794 [19] Orchard.Environment.ShellBuilders.CompositionStrategy - (null) - WARN Identified 'SafarnamaTheme' as an orphaned feature state record in Settings_ShellFeatureRecord.
2020-03-25 13:21:31,796 [19] Orchard.Environment.ShellBuilders.CompositionStrategy - (null) - WARN Identified 'SafarnamaTheme' as an orphaned feature state record in Settings_ShellFeatureRecord.
2020-03-25 13:21:31,799 [19] Orchard.Environment.ShellBuilders.CompositionStrategy - (null) - WARN Identified 'SafarnamaTheme' as an orphaned feature state record in Settings_ShellFeatureRecord.
2020-03-25 13:21:31,801 [19] Orchard.Environment.ShellBuilders.CompositionStrategy - (null) - WARN Identified 'SafarnamaTheme' as an orphaned feature state record in Settings_ShellFeatureRecord.
2020-03-25 13:21:31,803 [19] Orchard.Environment.ShellBuilders.CompositionStrategy - (null) - WARN Identified 'SafarnamaTheme' as an orphaned feature state record in Settings_ShellFeatureRecord.
2020-03-25 13:27:42,641 [1] Orchard.Environment.ShellBuilders.CompositionStrategy - (null) - WARN Identified 'SafarnamaTheme' as an orphaned feature state record in Settings_ShellFeatureRecord.
2020-03-25 13:27:42,797 [1] Orchard.Environment.ShellBuilders.CompositionStrategy - (null) - WARN Identified 'SafarnamaTheme' as an orphaned feature state record in Settings_ShellFeatureRecord.
2020-03-25 13:27:42,797 [1] Orchard.Environment.ShellBuilders.CompositionStrategy - (null) - WARN Identified 'SafarnamaTheme' as an orphaned feature state record in Settings_ShellFeatureRecord.
2020-03-25 13:27:42,797 [1] Orchard.Environment.ShellBuilders.CompositionStrategy - (null) - WARN Identified 'SafarnamaTheme' as an orphaned feature state record in Settings_ShellFeatureRecord.
2020-03-25 13:27:42,797 [1] Orchard.Environment.ShellBuilders.CompositionStrategy - (null) - WARN Identified 'Safarnama.Theme' as an orphaned feature state record in Settings_ShellFeatureRecord.
2020-03-25 13:27:42,797 [1] Orchard.Environment.ShellBuilders.CompositionStrategy - (null) - WARN Identified 'Safarnama.Theme' as an orphaned feature state record in Settings_ShellFeatureRecord.
2020-03-25 13:27:42,797 [1] Orchard.Environment.ShellBuilders.CompositionStrategy - (null) - WARN Identified 'SafarnamaTheme' as an orphaned feature state record in Settings_ShellFeatureRecord.
2020-03-25 13:27:42,797 [1] Orchard.Environment.ShellBuilders.CompositionStrategy - (null) - WARN Identified 'SafarnamaTheme' as an orphaned feature state record in Settings_ShellFeatureRecord.
2020-03-25 13:27:42,797 [1] Orchard.Environment.ShellBuilders.CompositionStrategy - (null) - WARN Identified 'SafarnamaTheme' as an orphaned feature state record in Settings_ShellFeatureRecord.
2020-03-25 13:27:42,797 [1] Orchard.Environment.ShellBuilders.CompositionStrategy - (null) - WARN Identified 'SafarnamaTheme' as an orphaned feature state record in Settings_ShellFeatureRecord.
2020-03-25 13:27:42,797 [1] Orchard.Environment.ShellBuilders.CompositionStrategy - (null) - WARN Identified 'SafarnamaTheme' as an orphaned feature state record in Settings_ShellFeatureRecord.
2020-03-25 13:27:42,797 [1] Orchard.Environment.ShellBuilders.CompositionStrategy - (null) - WARN Identified 'SafarnamaTheme' as an orphaned feature state record in Settings_ShellFeatureRecord.
2020-03-25 13:27:42,797 [1] Orchard.Environment.ShellBuilders.CompositionStrategy - (null) - WARN Identified 'SafarnamaTheme' as an orphaned feature state record in Settings_ShellFeatureRecord.
2020-03-25 13:27:42,813 [1] Orchard.Environment.ShellBuilders.CompositionStrategy - (null) - WARN Identified 'SafarnamaTheme' as an orphaned feature state record in Settings_ShellFeatureRecord.
2020-03-25 13:27:42,813 [1] Orchard.Environment.ShellBuilders.CompositionStrategy - (null) - WARN Identified 'SafarnamaTheme' as an orphaned feature state record in Settings_ShellFeatureRecord.
2020-03-25 13:27:42,813 [1] Orchard.Environment.ShellBuilders.CompositionStrategy - (null) - WARN Identified 'SafarnamaTheme' as an orphaned feature state record in Settings_ShellFeatureRecord.
2020-03-25 13:27:43,771 [1] Orchard.Environment.Extensions.ExtensionManager - (null) - WARN No suitable loader found for extension "Terra"
2020-03-25 13:29:50,063 [1] Orchard.Environment.ShellBuilders.CompositionStrategy - (null) - WARN Identified 'SafarnamaTheme' as an orphaned feature state record in Settings_ShellFeatureRecord.
2020-03-25 13:29:50,065 [1] Orchard.Environment.ShellBuilders.CompositionStrategy - (null) - WARN Identified 'SafarnamaTheme' as an orphaned feature state record in Settings_ShellFeatureRecord.
2020-03-25 13:29:50,066 [1] Orchard.Environment.ShellBuilders.CompositionStrategy - (null) - WARN Identified 'SafarnamaTheme' as an orphaned feature state record in Settings_ShellFeatureRecord.
2020-03-25 13:29:50,068 [1] Orchard.Environment.ShellBuilders.CompositionStrategy - (null) - WARN Identified 'SafarnamaTheme' as an orphaned feature state record in Settings_ShellFeatureRecord.
2020-03-25 13:29:50,069 [1] Orchard.Environment.ShellBuilders.CompositionStrategy - (null) - WARN Identified 'Safarnama.Theme' as an orphaned feature state record in Settings_ShellFeatureRecord.
2020-03-25 13:29:50,070 [1] Orchard.Environment.ShellBuilders.CompositionStrategy - (null) - WARN Identified 'Safarnama.Theme' as an orphaned feature state record in Settings_ShellFeatureRecord.
2020-03-25 13:29:50,071 [1] Orchard.Environment.ShellBuilders.CompositionStrategy - (null) - WARN Identified 'SafarnamaTheme' as an orphaned feature state record in Settings_ShellFeatureRecord.
2020-03-25 13:29:50,072 [1] Orchard.Environment.ShellBuilders.CompositionStrategy - (null) - WARN Identified 'SafarnamaTheme' as an orphaned feature state record in Settings_ShellFeatureRecord.
2020-03-25 13:29:50,073 [1] Orchard.Environment.ShellBuilders.CompositionStrategy - (null) - WARN Identified 'SafarnamaTheme' as an orphaned feature state record in Settings_ShellFeatureRecord.
2020-03-25 13:29:50,074 [1] Orchard.Environment.ShellBuilders.CompositionStrategy - (null) - WARN Identified 'SafarnamaTheme' as an orphaned feature state record in Settings_ShellFeatureRecord.
2020-03-25 13:29:50,076 [1] Orchard.Environment.ShellBuilders.CompositionStrategy - (null) - WARN Identified 'SafarnamaTheme' as an orphaned feature state record in Settings_ShellFeatureRecord.
2020-03-25 13:29:50,077 [1] Orchard.Environment.ShellBuilders.CompositionStrategy - (null) - WARN Identified 'SafarnamaTheme' as an orphaned feature state record in Settings_ShellFeatureRecord.
2020-03-25 13:29:50,078 [1] Orchard.Environment.ShellBuilders.CompositionStrategy - (null) - WARN Identified 'SafarnamaTheme' as an orphaned feature state record in Settings_ShellFeatureRecord.
2020-03-25 13:29:50,079 [1] Orchard.Environment.ShellBuilders.CompositionStrategy - (null) - WARN Identified 'SafarnamaTheme' as an orphaned feature state record in Settings_ShellFeatureRecord.
2020-03-25 13:29:50,080 [1] Orchard.Environment.ShellBuilders.CompositionStrategy - (null) - WARN Identified 'SafarnamaTheme' as an orphaned feature state record in Settings_ShellFeatureRecord.
2020-03-25 13:29:50,081 [1] Orchard.Environment.ShellBuilders.CompositionStrategy - (null) - WARN Identified 'SafarnamaTheme' as an orphaned feature state record in Settings_ShellFeatureRecord.
2020-03-25 13:32:22,245 [7] Orchard.Environment.ShellBuilders.CompositionStrategy - (null) - WARN Identified 'Safarnama.Theme' as an orphaned feature state record in Settings_ShellFeatureRecord.
2020-03-25 13:32:22,276 [7] Orchard.Environment.ShellBuilders.CompositionStrategy - (null) - WARN Identified 'Safarnama.Theme' as an orphaned feature state record in Settings_ShellFeatureRecord.
2020-03-25 13:32:22,624 [7] Orchard.Environment.Extensions.ExtensionManager - (null) - WARN No suitable loader found for extension "Terra"
2020-03-25 13:35:04,145 [17] Orchard.Environment.ShellBuilders.CompositionStrategy - (null) - WARN Identified 'Safarnama.Theme' as an orphaned feature state record in Settings_ShellFeatureRecord.
2020-03-25 13:35:04,145 [17] Orchard.Environment.ShellBuilders.CompositionStrategy - (null) - WARN Identified 'Safarnama.Theme' as an orphaned feature state record in Settings_ShellFeatureRecord.
2020-03-25 13:35:04,579 [17] Orchard.Environment.ShellBuilders.CompositionStrategy - (null) - WARN Identified 'Safarnama.Theme' as an orphaned feature state record in Settings_ShellFeatureRecord.
2020-03-25 13:35:04,582 [17] Orchard.Environment.ShellBuilders.CompositionStrategy - (null) - WARN Identified 'Safarnama.Theme' as an orphaned feature state record in Settings_ShellFeatureRecord.
2020-03-25 13:36:49,926 [14] Orchard.Environment.ShellBuilders.CompositionStrategy - (null) - WARN Identified 'Safarnama.Theme' as an orphaned feature state record in Settings_ShellFeatureRecord.
2020-03-25 13:36:49,942 [14] Orchard.Environment.ShellBuilders.CompositionStrategy - (null) - WARN Identified 'Safarnama.Theme' as an orphaned feature state record in Settings_ShellFeatureRecord.
2020-03-25 13:36:50,317 [14] Orchard.Environment.ShellBuilders.CompositionStrategy - (null) - WARN Identified 'Safarnama.Theme' as an orphaned feature state record in Settings_ShellFeatureRecord.
2020-03-25 13:36:50,317 [14] Orchard.Environment.ShellBuilders.CompositionStrategy - (null) - WARN Identified 'Safarnama.Theme' as an orphaned feature state record in Settings_ShellFeatureRecord.
2020-03-25 14:19:36,938 [6] Orchard.Environment.ShellBuilders.CompositionStrategy - (null) - WARN Identified 'Safarnama.Theme' as an orphaned feature state record in Settings_ShellFeatureRecord.
2020-03-25 14:19:36,982 [6] Orchard.Environment.ShellBuilders.CompositionStrategy - (null) - WARN Identified 'Safarnama.Theme' as an orphaned feature state record in Settings_ShellFeatureRecord.
2020-03-25 14:19:37,298 [6] Orchard.Environment.Extensions.ExtensionManager - (null) - WARN No suitable loader found for extension "Terra"
2020-03-25 14:22:31,267 [6] Orchard.Environment.ShellBuilders.CompositionStrategy - (null) - WARN Identified 'Safarnama.Theme' as an orphaned feature state record in Settings_ShellFeatureRecord.
2020-03-25 14:22:31,290 [6] Orchard.Environment.ShellBuilders.CompositionStrategy - (null) - WARN Identified 'Safarnama.Theme' as an orphaned feature state record in Settings_ShellFeatureRecord.
2020-03-25 14:22:31,591 [6] Orchard.Environment.Extensions.ExtensionManager - (null) - WARN No suitable loader found for extension "Terra"
2020-03-25 14:28:24,443 [6] Orchard.Environment.ShellBuilders.CompositionStrategy - (null) - WARN Identified 'Safarnama.Theme' as an orphaned feature state record in Settings_ShellFeatureRecord.
2020-03-25 14:28:24,474 [6] Orchard.Environment.ShellBuilders.CompositionStrategy - (null) - WARN Identified 'Safarnama.Theme' as an orphaned feature state record in Settings_ShellFeatureRecord.
2020-03-25 14:28:25,957 [6] Orchard.Environment.Extensions.ExtensionManager - (null) - WARN No suitable loader found for extension "Terra"
2020-03-25 14:37:42,585 [6] Orchard.Environment.ShellBuilders.CompositionStrategy - (null) - WARN Identified 'Safarnama.Theme' as an orphaned feature state record in Settings_ShellFeatureRecord.
2020-03-25 14:37:42,617 [6] Orchard.Environment.ShellBuilders.CompositionStrategy - (null) - WARN Identified 'Safarnama.Theme' as an orphaned feature state record in Settings_ShellFeatureRecord.
2020-03-25 14:37:43,032 [6] Orchard.Environment.Extensions.ExtensionManager - (null) - WARN No suitable loader found for extension "Terra"
2020-03-25 15:17:18,843 [6] Orchard.Environment.ShellBuilders.CompositionStrategy - (null) - WARN Identified 'Safarnama.Theme' as an orphaned feature state record in Settings_ShellFeatureRecord.
2020-03-25 15:17:18,874 [6] Orchard.Environment.ShellBuilders.CompositionStrategy - (null) - WARN Identified 'Safarnama.Theme' as an orphaned feature state record in Settings_ShellFeatureRecord.
2020-03-25 15:17:19,210 [6] Orchard.Environment.Extensions.ExtensionManager - (null) - WARN No suitable loader found for extension "Terra"
2020-03-25 15:22:30,108 [7] Orchard.Environment.ShellBuilders.CompositionStrategy - (null) - WARN Identified 'Safarnama.Theme' as an orphaned feature state record in Settings_ShellFeatureRecord.
2020-03-25 15:22:30,145 [7] Orchard.Environment.ShellBuilders.CompositionStrategy - (null) - WARN Identified 'Safarnama.Theme' as an orphaned feature state record in Settings_ShellFeatureRecord.
2020-03-25 15:22:30,443 [7] Orchard.Environment.Extensions.ExtensionManager - (null) - WARN No suitable loader found for extension "Terra"
2020-03-25 15:50:55,547 [6] Orchard.Environment.ShellBuilders.CompositionStrategy - (null) - WARN Identified 'Safarnama.Theme' as an orphaned feature state record in Settings_ShellFeatureRecord.
2020-03-25 15:50:55,589 [6] Orchard.Environment.ShellBuilders.CompositionStrategy - (null) - WARN Identified 'Safarnama.Theme' as an orphaned feature state record in Settings_ShellFeatureRecord.
2020-03-25 15:50:56,803 [6] Orchard.Environment.Extensions.ExtensionManager - (null) - WARN No suitable loader found for extension "Terra"
2020-03-25 16:16:45,998 [6] Orchard.Environment.ShellBuilders.CompositionStrategy - (null) - WARN Identified 'Safarnama.Theme' as an orphaned feature state record in Settings_ShellFeatureRecord.
2020-03-25 16:16:46,056 [6] Orchard.Environment.ShellBuilders.CompositionStrategy - (null) - WARN Identified 'Safarnama.Theme' as an orphaned feature state record in Settings_ShellFeatureRecord.
2020-03-25 16:16:46,432 [6] Orchard.Environment.Extensions.ExtensionManager - (null) - WARN No suitable loader found for extension "Terra"
2020-03-25 18:53:42,695 [6] Orchard.Environment.ShellBuilders.CompositionStrategy - (null) - WARN Identified 'Safarnama.Theme' as an orphaned feature state record in Settings_ShellFeatureRecord.
2020-03-25 18:53:42,742 [6] Orchard.Environment.ShellBuilders.CompositionStrategy - (null) - WARN Identified 'Safarnama.Theme' as an orphaned feature state record in Settings_ShellFeatureRecord.
2020-03-25 18:53:43,925 [6] Orchard.Environment.Extensions.ExtensionManager - (null) - WARN No suitable loader found for extension "Terra"
