2020-03-24 09:43:28,703 [7] Orchard.Environment.ShellBuilders.CompositionStrategy - (null) - WARN Identified 'Safarnama.Theme' as an orphaned feature state record in Settings_ShellFeatureRecord.
2020-03-24 09:43:28,750 [7] Orchard.Environment.ShellBuilders.CompositionStrategy - (null) - WARN Identified 'Safarnama.Theme' as an orphaned feature state record in Settings_ShellFeatureRecord.
2020-03-24 09:43:29,859 [7] Orchard.Environment.Extensions.ExtensionManager - (null) - WARN No suitable loader found for extension "Terra"
2020-03-24 11:53:54,514 [80] Orchard.Environment.ShellBuilders.CompositionStrategy - (null) - WARN Identified 'Safarnama.Theme' as an orphaned feature state record in Settings_ShellFeatureRecord.
2020-03-24 11:53:54,999 [80] Orchard.Environment.ShellBuilders.CompositionStrategy - (null) - WARN Identified 'Safarnama.Theme' as an orphaned feature state record in Settings_ShellFeatureRecord.
2020-03-24 11:53:54,999 [80] Orchard.Environment.ShellBuilders.CompositionStrategy - (null) - WARN Identified 'Safarnama.Theme' as an orphaned feature state record in Settings_ShellFeatureRecord.
2020-03-24 11:53:55,371 [80] Orchard.Environment.ShellBuilders.CompositionStrategy - (null) - WARN Identified 'Safarnama.Theme' as an orphaned feature state record in Settings_ShellFeatureRecord.
2020-03-24 11:53:55,374 [80] Orchard.Environment.ShellBuilders.CompositionStrategy - (null) - WARN Identified 'Safarnama.Theme' as an orphaned feature state record in Settings_ShellFeatureRecord.
2020-03-24 11:54:18,535 [80] Orchard.Environment.ShellBuilders.CompositionStrategy - (null) - WARN Identified 'Safarnama.Theme' as an orphaned feature state record in Settings_ShellFeatureRecord.
2020-03-24 11:54:18,965 [80] Orchard.Environment.ShellBuilders.CompositionStrategy - (null) - WARN Identified 'Safarnama.Theme' as an orphaned feature state record in Settings_ShellFeatureRecord.
2020-03-24 11:54:18,968 [80] Orchard.Environment.ShellBuilders.CompositionStrategy - (null) - WARN Identified 'Safarnama.Theme' as an orphaned feature state record in Settings_ShellFeatureRecord.
2020-03-24 11:54:19,297 [80] Orchard.Environment.ShellBuilders.CompositionStrategy - (null) - WARN Identified 'Safarnama.Theme' as an orphaned feature state record in Settings_ShellFeatureRecord.
2020-03-24 11:54:19,300 [80] Orchard.Environment.ShellBuilders.CompositionStrategy - (null) - WARN Identified 'Safarnama.Theme' as an orphaned feature state record in Settings_ShellFeatureRecord.
2020-03-24 11:54:46,005 [81] Orchard.Environment.ShellBuilders.CompositionStrategy - (null) - WARN Identified 'Safarnama.Theme' as an orphaned feature state record in Settings_ShellFeatureRecord.
2020-03-24 11:54:46,426 [81] Orchard.Environment.ShellBuilders.CompositionStrategy - (null) - WARN Identified 'Safarnama.Theme' as an orphaned feature state record in Settings_ShellFeatureRecord.
2020-03-24 11:54:46,429 [81] Orchard.Environment.ShellBuilders.CompositionStrategy - (null) - WARN Identified 'Safarnama.Theme' as an orphaned feature state record in Settings_ShellFeatureRecord.
2020-03-24 11:54:46,774 [81] Orchard.Environment.ShellBuilders.CompositionStrategy - (null) - WARN Identified 'Safarnama.Theme' as an orphaned feature state record in Settings_ShellFeatureRecord.
2020-03-24 11:54:46,777 [81] Orchard.Environment.ShellBuilders.CompositionStrategy - (null) - WARN Identified 'Safarnama.Theme' as an orphaned feature state record in Settings_ShellFeatureRecord.
2020-03-24 11:55:01,085 [10] Orchard.Environment.ShellBuilders.CompositionStrategy - (null) - WARN Identified 'Safarnama.Theme' as an orphaned feature state record in Settings_ShellFeatureRecord.
2020-03-24 11:55:01,523 [10] Orchard.Environment.ShellBuilders.CompositionStrategy - (null) - WARN Identified 'Safarnama.Theme' as an orphaned feature state record in Settings_ShellFeatureRecord.
2020-03-24 11:55:01,523 [10] Orchard.Environment.ShellBuilders.CompositionStrategy - (null) - WARN Identified 'Safarnama.Theme' as an orphaned feature state record in Settings_ShellFeatureRecord.
2020-03-24 11:55:01,851 [10] Orchard.Environment.ShellBuilders.CompositionStrategy - (null) - WARN Identified 'Safarnama.Theme' as an orphaned feature state record in Settings_ShellFeatureRecord.
2020-03-24 11:55:01,866 [10] Orchard.Environment.ShellBuilders.CompositionStrategy - (null) - WARN Identified 'Safarnama.Theme' as an orphaned feature state record in Settings_ShellFeatureRecord.
2020-03-24 12:00:04,020 [64] Orchard.Tasks.SweepGenerator - (null) - WARN Problem in background tasks
Autofac.Core.DependencyResolutionException: Circular component dependency detected: System.Web.HttpContextBase -> Orchard.Core.Settings.Services.SiteService -> Orchard.Glimpse.AlternateImplementation.GlimpseWidgetContentManagerDecorator -> System.Web.Mvc.UrlHelper -> System.Web.Routing.RequestContext -> Orchard.Core.Settings.Services.SiteService.
   at Autofac.Core.Resolving.CircularDependencyDetector.CheckForCircularDependency(IComponentRegistration registration, Stack`1 activationStack, Int32 callDepth)
   at Autofac.Core.Resolving.ResolveOperation.GetOrCreateInstance(ISharingLifetimeScope currentOperationScope, IComponentRegistration registration, IEnumerable`1 parameters)
   at Autofac.Core.Resolving.InstanceLookup.ResolveComponent(IComponentRegistration registration, IEnumerable`1 parameters)
   at Autofac.ResolutionExtensions.TryResolveService(IComponentContext context, Service service, IEnumerable`1 parameters, Object& instance)
   at Autofac.ResolutionExtensions.ResolveService(IComponentContext context, Service service, IEnumerable`1 parameters)
   at Autofac.ResolutionExtensions.Resolve[TService](IComponentContext context, IEnumerable`1 parameters)
   at Autofac.ResolutionExtensions.Resolve[TService](IComponentContext context)
   at Orchard.Mvc.MvcModule.HttpContextBaseFactory(IComponentContext context) in E:\priyanka\New Project\Orchard-dev\Orchard-dev\src\Orchard\Mvc\MvcModule.cs:line 36
   at Orchard.Mvc.MvcModule.RequestContextFactory(IComponentContext context) in E:\priyanka\New Project\Orchard-dev\Orchard-dev\src\Orchard\Mvc\MvcModule.cs:line 55
   at Autofac.RegistrationExtensions.<>c__DisplayClass10`1.<Register>b__f(IComponentContext c, IEnumerable`1 p)
   at Autofac.Builder.RegistrationBuilder.<>c__DisplayClass1`1.<ForDelegate>b__0(IComponentContext c, IEnumerable`1 p)
   at Autofac.Core.Activators.Delegate.DelegateActivator.ActivateInstance(IComponentContext context, IEnumerable`1 parameters)
   at Autofac.Core.Resolving.InstanceLookup.Activate(IEnumerable`1 parameters)
   at Autofac.Core.Resolving.InstanceLookup.Execute()
   at Autofac.Core.Resolving.ResolveOperation.GetOrCreateInstance(ISharingLifetimeScope currentOperationScope, IComponentRegistration registration, IEnumerable`1 parameters)
   at Autofac.Core.Resolving.InstanceLookup.ResolveComponent(IComponentRegistration registration, IEnumerable`1 parameters)
   at Autofac.ResolutionExtensions.TryResolveService(IComponentContext context, Service service, IEnumerable`1 parameters, Object& instance)
   at Autofac.ResolutionExtensions.ResolveService(IComponentContext context, Service service, IEnumerable`1 parameters)
   at Autofac.ResolutionExtensions.Resolve[TService](IComponentContext context, IEnumerable`1 parameters)
   at Autofac.ResolutionExtensions.Resolve[TService](IComponentContext context)
   at Orchard.Mvc.MvcModule.UrlHelperFactory(IComponentContext context) in E:\priyanka\New Project\Orchard-dev\Orchard-dev\src\Orchard\Mvc\MvcModule.cs:line 78
   at Autofac.RegistrationExtensions.<>c__DisplayClass10`1.<Register>b__f(IComponentContext c, IEnumerable`1 p)
   at Autofac.Builder.RegistrationBuilder.<>c__DisplayClass1`1.<ForDelegate>b__0(IComponentContext c, IEnumerable`1 p)
   at Autofac.Core.Activators.Delegate.DelegateActivator.ActivateInstance(IComponentContext context, IEnumerable`1 parameters)
   at Autofac.Core.Resolving.InstanceLookup.Activate(IEnumerable`1 parameters)
   at Autofac.Core.Resolving.InstanceLookup.Execute()
   at Autofac.Core.Resolving.ResolveOperation.GetOrCreateInstance(ISharingLifetimeScope currentOperationScope, IComponentRegistration registration, IEnumerable`1 parameters)
   at Autofac.Core.Resolving.InstanceLookup.ResolveComponent(IComponentRegistration registration, IEnumerable`1 parameters)
   at Autofac.Core.Activators.Reflection.AutowiringParameter.<>c__DisplayClass2.<CanSupplyValue>b__0()
   at Autofac.Core.Activators.Reflection.ConstructorParameterBinding.Instantiate()
   at Autofac.Core.Activators.Reflection.ReflectionActivator.ActivateInstance(IComponentContext context, IEnumerable`1 parameters)
   at Autofac.Core.Resolving.InstanceLookup.Activate(IEnumerable`1 parameters)
   at Autofac.Core.Resolving.InstanceLookup.<Execute>b__0()
   at Autofac.Core.Lifetime.LifetimeScope.GetOrCreateAndShare(Guid id, Func`1 creator)
   at Autofac.Core.Resolving.InstanceLookup.Execute()
   at Autofac.Core.Resolving.ResolveOperation.GetOrCreateInstance(ISharingLifetimeScope currentOperationScope, IComponentRegistration registration, IEnumerable`1 parameters)
   at Autofac.Core.Resolving.InstanceLookup.ResolveComponent(IComponentRegistration registration, IEnumerable`1 parameters)
   at Autofac.Core.Activators.Reflection.AutowiringParameter.<>c__DisplayClass2.<CanSupplyValue>b__0()
   at Autofac.Core.Activators.Reflection.ConstructorParameterBinding.Instantiate()
   at Autofac.Core.Activators.Reflection.ReflectionActivator.ActivateInstance(IComponentContext context, IEnumerable`1 parameters)
   at Autofac.Core.Resolving.InstanceLookup.Activate(IEnumerable`1 parameters)
   at Autofac.Core.Resolving.InstanceLookup.<Execute>b__0()
   at Autofac.Core.Lifetime.LifetimeScope.GetOrCreateAndShare(Guid id, Func`1 creator)
   at Autofac.Core.Resolving.InstanceLookup.Execute()
   at Autofac.Core.Resolving.ResolveOperation.GetOrCreateInstance(ISharingLifetimeScope currentOperationScope, IComponentRegistration registration, IEnumerable`1 parameters)
   at Autofac.Core.Resolving.InstanceLookup.ResolveComponent(IComponentRegistration registration, IEnumerable`1 parameters)
   at Autofac.ResolutionExtensions.TryResolveService(IComponentContext context, Service service, IEnumerable`1 parameters, Object& instance)
   at Autofac.ResolutionExtensions.ResolveService(IComponentContext context, Service service, IEnumerable`1 parameters)
   at Autofac.ResolutionExtensions.Resolve[TService](IComponentContext context, IEnumerable`1 parameters)
   at Autofac.ResolutionExtensions.Resolve[TService](IComponentContext context)
   at Orchard.Mvc.MvcModule.HttpContextBaseFactory(IComponentContext context) in E:\priyanka\New Project\Orchard-dev\Orchard-dev\src\Orchard\Mvc\MvcModule.cs:line 36
   at Autofac.RegistrationExtensions.<>c__DisplayClass10`1.<Register>b__f(IComponentContext c, IEnumerable`1 p)
   at Autofac.Builder.RegistrationBuilder.<>c__DisplayClass1`1.<ForDelegate>b__0(IComponentContext c, IEnumerable`1 p)
   at Autofac.Core.Activators.Delegate.DelegateActivator.ActivateInstance(IComponentContext context, IEnumerable`1 parameters)
   at Autofac.Core.Resolving.InstanceLookup.Activate(IEnumerable`1 parameters)
   at Autofac.Core.Resolving.InstanceLookup.Execute()
   at Autofac.Core.Resolving.ResolveOperation.GetOrCreateInstance(ISharingLifetimeScope currentOperationScope, IComponentRegistration registration, IEnumerable`1 parameters)
   at Autofac.Core.Resolving.ResolveOperation.Execute(IComponentRegistration registration, IEnumerable`1 parameters)
   at Autofac.Core.Lifetime.LifetimeScope.ResolveComponent(IComponentRegistration registration, IEnumerable`1 parameters)
   at Autofac.ResolutionExtensions.TryResolveService(IComponentContext context, Service service, IEnumerable`1 parameters, Object& instance)
   at Autofac.ResolutionExtensions.ResolveService(IComponentContext context, Service service, IEnumerable`1 parameters)
   at Autofac.ResolutionExtensions.Resolve[TService](IComponentContext context, IEnumerable`1 parameters)
   at Autofac.ResolutionExtensions.Resolve[TService](IComponentContext context)
   at Orchard.Environment.WorkContextAccessor.CallContextScopeImplementation..ctor(IEnumerable`1 events, ILifetimeScope lifetimeScope, String workContextSlot) in E:\priyanka\New Project\Orchard-dev\Orchard-dev\src\Orchard\Environment\WorkContextAccessor.cs:line 104
   at Orchard.Environment.WorkContextAccessor.CreateWorkContextScope(HttpContextBase httpContext) in E:\priyanka\New Project\Orchard-dev\Orchard-dev\src\Orchard\Environment\WorkContextAccessor.cs:line 55
   at Orchard.Environment.WorkContextAccessor.CreateWorkContextScope() in E:\priyanka\New Project\Orchard-dev\Orchard-dev\src\Orchard\Environment\WorkContextAccessor.cs:line 60
   at Orchard.Tasks.SweepGenerator.DoWork() in E:\priyanka\New Project\Orchard-dev\Orchard-dev\src\Orchard\Tasks\SweepGenerator.cs:line 67
   at Orchard.Tasks.SweepGenerator.Elapsed(Object sender, ElapsedEventArgs e) in E:\priyanka\New Project\Orchard-dev\Orchard-dev\src\Orchard\Tasks\SweepGenerator.cs:line 51
2020-03-24 12:01:11,846 [74] Orchard.Tasks.SweepGenerator - (null) - WARN Problem in background tasks
Autofac.Core.DependencyResolutionException: Circular component dependency detected: System.Web.HttpContextBase -> Orchard.Core.Settings.Services.SiteService -> Orchard.Glimpse.AlternateImplementation.GlimpseWidgetContentManagerDecorator -> System.Web.Mvc.UrlHelper -> System.Web.Routing.RequestContext -> Orchard.Core.Settings.Services.SiteService.
   at Autofac.Core.Resolving.CircularDependencyDetector.CheckForCircularDependency(IComponentRegistration registration, Stack`1 activationStack, Int32 callDepth)
   at Autofac.Core.Resolving.ResolveOperation.GetOrCreateInstance(ISharingLifetimeScope currentOperationScope, IComponentRegistration registration, IEnumerable`1 parameters)
   at Autofac.Core.Resolving.InstanceLookup.ResolveComponent(IComponentRegistration registration, IEnumerable`1 parameters)
   at Autofac.ResolutionExtensions.TryResolveService(IComponentContext context, Service service, IEnumerable`1 parameters, Object& instance)
   at Autofac.ResolutionExtensions.ResolveService(IComponentContext context, Service service, IEnumerable`1 parameters)
   at Autofac.ResolutionExtensions.Resolve[TService](IComponentContext context, IEnumerable`1 parameters)
   at Autofac.ResolutionExtensions.Resolve[TService](IComponentContext context)
   at Orchard.Mvc.MvcModule.HttpContextBaseFactory(IComponentContext context) in E:\priyanka\New Project\Orchard-dev\Orchard-dev\src\Orchard\Mvc\MvcModule.cs:line 36
   at Orchard.Mvc.MvcModule.RequestContextFactory(IComponentContext context) in E:\priyanka\New Project\Orchard-dev\Orchard-dev\src\Orchard\Mvc\MvcModule.cs:line 55
   at Autofac.RegistrationExtensions.<>c__DisplayClass10`1.<Register>b__f(IComponentContext c, IEnumerable`1 p)
   at Autofac.Builder.RegistrationBuilder.<>c__DisplayClass1`1.<ForDelegate>b__0(IComponentContext c, IEnumerable`1 p)
   at Autofac.Core.Activators.Delegate.DelegateActivator.ActivateInstance(IComponentContext context, IEnumerable`1 parameters)
   at Autofac.Core.Resolving.InstanceLookup.Activate(IEnumerable`1 parameters)
   at Autofac.Core.Resolving.InstanceLookup.Execute()
   at Autofac.Core.Resolving.ResolveOperation.GetOrCreateInstance(ISharingLifetimeScope currentOperationScope, IComponentRegistration registration, IEnumerable`1 parameters)
   at Autofac.Core.Resolving.InstanceLookup.ResolveComponent(IComponentRegistration registration, IEnumerable`1 parameters)
   at Autofac.ResolutionExtensions.TryResolveService(IComponentContext context, Service service, IEnumerable`1 parameters, Object& instance)
   at Autofac.ResolutionExtensions.ResolveService(IComponentContext context, Service service, IEnumerable`1 parameters)
   at Autofac.ResolutionExtensions.Resolve[TService](IComponentContext context, IEnumerable`1 parameters)
   at Autofac.ResolutionExtensions.Resolve[TService](IComponentContext context)
   at Orchard.Mvc.MvcModule.UrlHelperFactory(IComponentContext context) in E:\priyanka\New Project\Orchard-dev\Orchard-dev\src\Orchard\Mvc\MvcModule.cs:line 78
   at Autofac.RegistrationExtensions.<>c__DisplayClass10`1.<Register>b__f(IComponentContext c, IEnumerable`1 p)
   at Autofac.Builder.RegistrationBuilder.<>c__DisplayClass1`1.<ForDelegate>b__0(IComponentContext c, IEnumerable`1 p)
   at Autofac.Core.Activators.Delegate.DelegateActivator.ActivateInstance(IComponentContext context, IEnumerable`1 parameters)
   at Autofac.Core.Resolving.InstanceLookup.Activate(IEnumerable`1 parameters)
   at Autofac.Core.Resolving.InstanceLookup.Execute()
   at Autofac.Core.Resolving.ResolveOperation.GetOrCreateInstance(ISharingLifetimeScope currentOperationScope, IComponentRegistration registration, IEnumerable`1 parameters)
   at Autofac.Core.Resolving.InstanceLookup.ResolveComponent(IComponentRegistration registration, IEnumerable`1 parameters)
   at Autofac.Core.Activators.Reflection.AutowiringParameter.<>c__DisplayClass2.<CanSupplyValue>b__0()
   at Autofac.Core.Activators.Reflection.ConstructorParameterBinding.Instantiate()
   at Autofac.Core.Activators.Reflection.ReflectionActivator.ActivateInstance(IComponentContext context, IEnumerable`1 parameters)
   at Autofac.Core.Resolving.InstanceLookup.Activate(IEnumerable`1 parameters)
   at Autofac.Core.Resolving.InstanceLookup.<Execute>b__0()
   at Autofac.Core.Lifetime.LifetimeScope.GetOrCreateAndShare(Guid id, Func`1 creator)
   at Autofac.Core.Resolving.InstanceLookup.Execute()
   at Autofac.Core.Resolving.ResolveOperation.GetOrCreateInstance(ISharingLifetimeScope currentOperationScope, IComponentRegistration registration, IEnumerable`1 parameters)
   at Autofac.Core.Resolving.InstanceLookup.ResolveComponent(IComponentRegistration registration, IEnumerable`1 parameters)
   at Autofac.Core.Activators.Reflection.AutowiringParameter.<>c__DisplayClass2.<CanSupplyValue>b__0()
   at Autofac.Core.Activators.Reflection.ConstructorParameterBinding.Instantiate()
   at Autofac.Core.Activators.Reflection.ReflectionActivator.ActivateInstance(IComponentContext context, IEnumerable`1 parameters)
   at Autofac.Core.Resolving.InstanceLookup.Activate(IEnumerable`1 parameters)
   at Autofac.Core.Resolving.InstanceLookup.<Execute>b__0()
   at Autofac.Core.Lifetime.LifetimeScope.GetOrCreateAndShare(Guid id, Func`1 creator)
   at Autofac.Core.Resolving.InstanceLookup.Execute()
   at Autofac.Core.Resolving.ResolveOperation.GetOrCreateInstance(ISharingLifetimeScope currentOperationScope, IComponentRegistration registration, IEnumerable`1 parameters)
   at Autofac.Core.Resolving.InstanceLookup.ResolveComponent(IComponentRegistration registration, IEnumerable`1 parameters)
   at Autofac.ResolutionExtensions.TryResolveService(IComponentContext context, Service service, IEnumerable`1 parameters, Object& instance)
   at Autofac.ResolutionExtensions.ResolveService(IComponentContext context, Service service, IEnumerable`1 parameters)
   at Autofac.ResolutionExtensions.Resolve[TService](IComponentContext context, IEnumerable`1 parameters)
   at Autofac.ResolutionExtensions.Resolve[TService](IComponentContext context)
   at Orchard.Mvc.MvcModule.HttpContextBaseFactory(IComponentContext context) in E:\priyanka\New Project\Orchard-dev\Orchard-dev\src\Orchard\Mvc\MvcModule.cs:line 36
   at Autofac.RegistrationExtensions.<>c__DisplayClass10`1.<Register>b__f(IComponentContext c, IEnumerable`1 p)
   at Autofac.Builder.RegistrationBuilder.<>c__DisplayClass1`1.<ForDelegate>b__0(IComponentContext c, IEnumerable`1 p)
   at Autofac.Core.Activators.Delegate.DelegateActivator.ActivateInstance(IComponentContext context, IEnumerable`1 parameters)
   at Autofac.Core.Resolving.InstanceLookup.Activate(IEnumerable`1 parameters)
   at Autofac.Core.Resolving.InstanceLookup.Execute()
   at Autofac.Core.Resolving.ResolveOperation.GetOrCreateInstance(ISharingLifetimeScope currentOperationScope, IComponentRegistration registration, IEnumerable`1 parameters)
   at Autofac.Core.Resolving.ResolveOperation.Execute(IComponentRegistration registration, IEnumerable`1 parameters)
   at Autofac.Core.Lifetime.LifetimeScope.ResolveComponent(IComponentRegistration registration, IEnumerable`1 parameters)
   at Autofac.ResolutionExtensions.TryResolveService(IComponentContext context, Service service, IEnumerable`1 parameters, Object& instance)
   at Autofac.ResolutionExtensions.ResolveService(IComponentContext context, Service service, IEnumerable`1 parameters)
   at Autofac.ResolutionExtensions.Resolve[TService](IComponentContext context, IEnumerable`1 parameters)
   at Autofac.ResolutionExtensions.Resolve[TService](IComponentContext context)
   at Orchard.Environment.WorkContextAccessor.CallContextScopeImplementation..ctor(IEnumerable`1 events, ILifetimeScope lifetimeScope, String workContextSlot) in E:\priyanka\New Project\Orchard-dev\Orchard-dev\src\Orchard\Environment\WorkContextAccessor.cs:line 104
   at Orchard.Environment.WorkContextAccessor.CreateWorkContextScope(HttpContextBase httpContext) in E:\priyanka\New Project\Orchard-dev\Orchard-dev\src\Orchard\Environment\WorkContextAccessor.cs:line 55
   at Orchard.Environment.WorkContextAccessor.CreateWorkContextScope() in E:\priyanka\New Project\Orchard-dev\Orchard-dev\src\Orchard\Environment\WorkContextAccessor.cs:line 60
   at Orchard.Tasks.SweepGenerator.DoWork() in E:\priyanka\New Project\Orchard-dev\Orchard-dev\src\Orchard\Tasks\SweepGenerator.cs:line 67
   at Orchard.Tasks.SweepGenerator.Elapsed(Object sender, ElapsedEventArgs e) in E:\priyanka\New Project\Orchard-dev\Orchard-dev\src\Orchard\Tasks\SweepGenerator.cs:line 51
2020-03-24 12:04:21,980 [57] Orchard.Tasks.SweepGenerator - (null) - WARN Problem in background tasks
Autofac.Core.DependencyResolutionException: Circular component dependency detected: System.Web.HttpContextBase -> Orchard.Core.Settings.Services.SiteService -> Orchard.Glimpse.AlternateImplementation.GlimpseWidgetContentManagerDecorator -> System.Web.Mvc.UrlHelper -> System.Web.Routing.RequestContext -> Orchard.Core.Settings.Services.SiteService.
   at Autofac.Core.Resolving.CircularDependencyDetector.CheckForCircularDependency(IComponentRegistration registration, Stack`1 activationStack, Int32 callDepth)
   at Autofac.Core.Resolving.ResolveOperation.GetOrCreateInstance(ISharingLifetimeScope currentOperationScope, IComponentRegistration registration, IEnumerable`1 parameters)
   at Autofac.Core.Resolving.InstanceLookup.ResolveComponent(IComponentRegistration registration, IEnumerable`1 parameters)
   at Autofac.ResolutionExtensions.TryResolveService(IComponentContext context, Service service, IEnumerable`1 parameters, Object& instance)
   at Autofac.ResolutionExtensions.ResolveService(IComponentContext context, Service service, IEnumerable`1 parameters)
   at Autofac.ResolutionExtensions.Resolve[TService](IComponentContext context, IEnumerable`1 parameters)
   at Autofac.ResolutionExtensions.Resolve[TService](IComponentContext context)
   at Orchard.Mvc.MvcModule.HttpContextBaseFactory(IComponentContext context) in E:\priyanka\New Project\Orchard-dev\Orchard-dev\src\Orchard\Mvc\MvcModule.cs:line 36
   at Orchard.Mvc.MvcModule.RequestContextFactory(IComponentContext context) in E:\priyanka\New Project\Orchard-dev\Orchard-dev\src\Orchard\Mvc\MvcModule.cs:line 55
   at Autofac.RegistrationExtensions.<>c__DisplayClass10`1.<Register>b__f(IComponentContext c, IEnumerable`1 p)
   at Autofac.Builder.RegistrationBuilder.<>c__DisplayClass1`1.<ForDelegate>b__0(IComponentContext c, IEnumerable`1 p)
   at Autofac.Core.Activators.Delegate.DelegateActivator.ActivateInstance(IComponentContext context, IEnumerable`1 parameters)
   at Autofac.Core.Resolving.InstanceLookup.Activate(IEnumerable`1 parameters)
   at Autofac.Core.Resolving.InstanceLookup.Execute()
   at Autofac.Core.Resolving.ResolveOperation.GetOrCreateInstance(ISharingLifetimeScope currentOperationScope, IComponentRegistration registration, IEnumerable`1 parameters)
   at Autofac.Core.Resolving.InstanceLookup.ResolveComponent(IComponentRegistration registration, IEnumerable`1 parameters)
   at Autofac.ResolutionExtensions.TryResolveService(IComponentContext context, Service service, IEnumerable`1 parameters, Object& instance)
   at Autofac.ResolutionExtensions.ResolveService(IComponentContext context, Service service, IEnumerable`1 parameters)
   at Autofac.ResolutionExtensions.Resolve[TService](IComponentContext context, IEnumerable`1 parameters)
   at Autofac.ResolutionExtensions.Resolve[TService](IComponentContext context)
   at Orchard.Mvc.MvcModule.UrlHelperFactory(IComponentContext context) in E:\priyanka\New Project\Orchard-dev\Orchard-dev\src\Orchard\Mvc\MvcModule.cs:line 78
   at Autofac.RegistrationExtensions.<>c__DisplayClass10`1.<Register>b__f(IComponentContext c, IEnumerable`1 p)
   at Autofac.Builder.RegistrationBuilder.<>c__DisplayClass1`1.<ForDelegate>b__0(IComponentContext c, IEnumerable`1 p)
   at Autofac.Core.Activators.Delegate.DelegateActivator.ActivateInstance(IComponentContext context, IEnumerable`1 parameters)
   at Autofac.Core.Resolving.InstanceLookup.Activate(IEnumerable`1 parameters)
   at Autofac.Core.Resolving.InstanceLookup.Execute()
   at Autofac.Core.Resolving.ResolveOperation.GetOrCreateInstance(ISharingLifetimeScope currentOperationScope, IComponentRegistration registration, IEnumerable`1 parameters)
   at Autofac.Core.Resolving.InstanceLookup.ResolveComponent(IComponentRegistration registration, IEnumerable`1 parameters)
   at Autofac.Core.Activators.Reflection.AutowiringParameter.<>c__DisplayClass2.<CanSupplyValue>b__0()
   at Autofac.Core.Activators.Reflection.ConstructorParameterBinding.Instantiate()
   at Autofac.Core.Activators.Reflection.ReflectionActivator.ActivateInstance(IComponentContext context, IEnumerable`1 parameters)
   at Autofac.Core.Resolving.InstanceLookup.Activate(IEnumerable`1 parameters)
   at Autofac.Core.Resolving.InstanceLookup.<Execute>b__0()
   at Autofac.Core.Lifetime.LifetimeScope.GetOrCreateAndShare(Guid id, Func`1 creator)
   at Autofac.Core.Resolving.InstanceLookup.Execute()
   at Autofac.Core.Resolving.ResolveOperation.GetOrCreateInstance(ISharingLifetimeScope currentOperationScope, IComponentRegistration registration, IEnumerable`1 parameters)
   at Autofac.Core.Resolving.InstanceLookup.ResolveComponent(IComponentRegistration registration, IEnumerable`1 parameters)
   at Autofac.Core.Activators.Reflection.AutowiringParameter.<>c__DisplayClass2.<CanSupplyValue>b__0()
   at Autofac.Core.Activators.Reflection.ConstructorParameterBinding.Instantiate()
   at Autofac.Core.Activators.Reflection.ReflectionActivator.ActivateInstance(IComponentContext context, IEnumerable`1 parameters)
   at Autofac.Core.Resolving.InstanceLookup.Activate(IEnumerable`1 parameters)
   at Autofac.Core.Resolving.InstanceLookup.<Execute>b__0()
   at Autofac.Core.Lifetime.LifetimeScope.GetOrCreateAndShare(Guid id, Func`1 creator)
   at Autofac.Core.Resolving.InstanceLookup.Execute()
   at Autofac.Core.Resolving.ResolveOperation.GetOrCreateInstance(ISharingLifetimeScope currentOperationScope, IComponentRegistration registration, IEnumerable`1 parameters)
   at Autofac.Core.Resolving.InstanceLookup.ResolveComponent(IComponentRegistration registration, IEnumerable`1 parameters)
   at Autofac.ResolutionExtensions.TryResolveService(IComponentContext context, Service service, IEnumerable`1 parameters, Object& instance)
   at Autofac.ResolutionExtensions.ResolveService(IComponentContext context, Service service, IEnumerable`1 parameters)
   at Autofac.ResolutionExtensions.Resolve[TService](IComponentContext context, IEnumerable`1 parameters)
   at Autofac.ResolutionExtensions.Resolve[TService](IComponentContext context)
   at Orchard.Mvc.MvcModule.HttpContextBaseFactory(IComponentContext context) in E:\priyanka\New Project\Orchard-dev\Orchard-dev\src\Orchard\Mvc\MvcModule.cs:line 36
   at Autofac.RegistrationExtensions.<>c__DisplayClass10`1.<Register>b__f(IComponentContext c, IEnumerable`1 p)
   at Autofac.Builder.RegistrationBuilder.<>c__DisplayClass1`1.<ForDelegate>b__0(IComponentContext c, IEnumerable`1 p)
   at Autofac.Core.Activators.Delegate.DelegateActivator.ActivateInstance(IComponentContext context, IEnumerable`1 parameters)
   at Autofac.Core.Resolving.InstanceLookup.Activate(IEnumerable`1 parameters)
   at Autofac.Core.Resolving.InstanceLookup.Execute()
   at Autofac.Core.Resolving.ResolveOperation.GetOrCreateInstance(ISharingLifetimeScope currentOperationScope, IComponentRegistration registration, IEnumerable`1 parameters)
   at Autofac.Core.Resolving.ResolveOperation.Execute(IComponentRegistration registration, IEnumerable`1 parameters)
   at Autofac.Core.Lifetime.LifetimeScope.ResolveComponent(IComponentRegistration registration, IEnumerable`1 parameters)
   at Autofac.ResolutionExtensions.TryResolveService(IComponentContext context, Service service, IEnumerable`1 parameters, Object& instance)
   at Autofac.ResolutionExtensions.ResolveService(IComponentContext context, Service service, IEnumerable`1 parameters)
   at Autofac.ResolutionExtensions.Resolve[TService](IComponentContext context, IEnumerable`1 parameters)
   at Autofac.ResolutionExtensions.Resolve[TService](IComponentContext context)
   at Orchard.Environment.WorkContextAccessor.CallContextScopeImplementation..ctor(IEnumerable`1 events, ILifetimeScope lifetimeScope, String workContextSlot) in E:\priyanka\New Project\Orchard-dev\Orchard-dev\src\Orchard\Environment\WorkContextAccessor.cs:line 104
   at Orchard.Environment.WorkContextAccessor.CreateWorkContextScope(HttpContextBase httpContext) in E:\priyanka\New Project\Orchard-dev\Orchard-dev\src\Orchard\Environment\WorkContextAccessor.cs:line 55
   at Orchard.Environment.WorkContextAccessor.CreateWorkContextScope() in E:\priyanka\New Project\Orchard-dev\Orchard-dev\src\Orchard\Environment\WorkContextAccessor.cs:line 60
   at Orchard.Tasks.SweepGenerator.DoWork() in E:\priyanka\New Project\Orchard-dev\Orchard-dev\src\Orchard\Tasks\SweepGenerator.cs:line 67
   at Orchard.Tasks.SweepGenerator.Elapsed(Object sender, ElapsedEventArgs e) in E:\priyanka\New Project\Orchard-dev\Orchard-dev\src\Orchard\Tasks\SweepGenerator.cs:line 51
2020-03-24 12:05:26,724 [74] Orchard.Tasks.SweepGenerator - (null) - WARN Problem in background tasks
Autofac.Core.DependencyResolutionException: Circular component dependency detected: System.Web.HttpContextBase -> Orchard.Core.Settings.Services.SiteService -> Orchard.Glimpse.AlternateImplementation.GlimpseWidgetContentManagerDecorator -> System.Web.Mvc.UrlHelper -> System.Web.Routing.RequestContext -> Orchard.Core.Settings.Services.SiteService.
   at Autofac.Core.Resolving.CircularDependencyDetector.CheckForCircularDependency(IComponentRegistration registration, Stack`1 activationStack, Int32 callDepth)
   at Autofac.Core.Resolving.ResolveOperation.GetOrCreateInstance(ISharingLifetimeScope currentOperationScope, IComponentRegistration registration, IEnumerable`1 parameters)
   at Autofac.Core.Resolving.InstanceLookup.ResolveComponent(IComponentRegistration registration, IEnumerable`1 parameters)
   at Autofac.ResolutionExtensions.TryResolveService(IComponentContext context, Service service, IEnumerable`1 parameters, Object& instance)
   at Autofac.ResolutionExtensions.ResolveService(IComponentContext context, Service service, IEnumerable`1 parameters)
   at Autofac.ResolutionExtensions.Resolve[TService](IComponentContext context, IEnumerable`1 parameters)
   at Autofac.ResolutionExtensions.Resolve[TService](IComponentContext context)
   at Orchard.Mvc.MvcModule.HttpContextBaseFactory(IComponentContext context) in E:\priyanka\New Project\Orchard-dev\Orchard-dev\src\Orchard\Mvc\MvcModule.cs:line 36
   at Orchard.Mvc.MvcModule.RequestContextFactory(IComponentContext context) in E:\priyanka\New Project\Orchard-dev\Orchard-dev\src\Orchard\Mvc\MvcModule.cs:line 55
   at Autofac.RegistrationExtensions.<>c__DisplayClass10`1.<Register>b__f(IComponentContext c, IEnumerable`1 p)
   at Autofac.Builder.RegistrationBuilder.<>c__DisplayClass1`1.<ForDelegate>b__0(IComponentContext c, IEnumerable`1 p)
   at Autofac.Core.Activators.Delegate.DelegateActivator.ActivateInstance(IComponentContext context, IEnumerable`1 parameters)
   at Autofac.Core.Resolving.InstanceLookup.Activate(IEnumerable`1 parameters)
   at Autofac.Core.Resolving.InstanceLookup.Execute()
   at Autofac.Core.Resolving.ResolveOperation.GetOrCreateInstance(ISharingLifetimeScope currentOperationScope, IComponentRegistration registration, IEnumerable`1 parameters)
   at Autofac.Core.Resolving.InstanceLookup.ResolveComponent(IComponentRegistration registration, IEnumerable`1 parameters)
   at Autofac.ResolutionExtensions.TryResolveService(IComponentContext context, Service service, IEnumerable`1 parameters, Object& instance)
   at Autofac.ResolutionExtensions.ResolveService(IComponentContext context, Service service, IEnumerable`1 parameters)
   at Autofac.ResolutionExtensions.Resolve[TService](IComponentContext context, IEnumerable`1 parameters)
   at Autofac.ResolutionExtensions.Resolve[TService](IComponentContext context)
   at Orchard.Mvc.MvcModule.UrlHelperFactory(IComponentContext context) in E:\priyanka\New Project\Orchard-dev\Orchard-dev\src\Orchard\Mvc\MvcModule.cs:line 78
   at Autofac.RegistrationExtensions.<>c__DisplayClass10`1.<Register>b__f(IComponentContext c, IEnumerable`1 p)
   at Autofac.Builder.RegistrationBuilder.<>c__DisplayClass1`1.<ForDelegate>b__0(IComponentContext c, IEnumerable`1 p)
   at Autofac.Core.Activators.Delegate.DelegateActivator.ActivateInstance(IComponentContext context, IEnumerable`1 parameters)
   at Autofac.Core.Resolving.InstanceLookup.Activate(IEnumerable`1 parameters)
   at Autofac.Core.Resolving.InstanceLookup.Execute()
   at Autofac.Core.Resolving.ResolveOperation.GetOrCreateInstance(ISharingLifetimeScope currentOperationScope, IComponentRegistration registration, IEnumerable`1 parameters)
   at Autofac.Core.Resolving.InstanceLookup.ResolveComponent(IComponentRegistration registration, IEnumerable`1 parameters)
   at Autofac.Core.Activators.Reflection.AutowiringParameter.<>c__DisplayClass2.<CanSupplyValue>b__0()
   at Autofac.Core.Activators.Reflection.ConstructorParameterBinding.Instantiate()
   at Autofac.Core.Activators.Reflection.ReflectionActivator.ActivateInstance(IComponentContext context, IEnumerable`1 parameters)
   at Autofac.Core.Resolving.InstanceLookup.Activate(IEnumerable`1 parameters)
   at Autofac.Core.Resolving.InstanceLookup.<Execute>b__0()
   at Autofac.Core.Lifetime.LifetimeScope.GetOrCreateAndShare(Guid id, Func`1 creator)
   at Autofac.Core.Resolving.InstanceLookup.Execute()
   at Autofac.Core.Resolving.ResolveOperation.GetOrCreateInstance(ISharingLifetimeScope currentOperationScope, IComponentRegistration registration, IEnumerable`1 parameters)
   at Autofac.Core.Resolving.InstanceLookup.ResolveComponent(IComponentRegistration registration, IEnumerable`1 parameters)
   at Autofac.Core.Activators.Reflection.AutowiringParameter.<>c__DisplayClass2.<CanSupplyValue>b__0()
   at Autofac.Core.Activators.Reflection.ConstructorParameterBinding.Instantiate()
   at Autofac.Core.Activators.Reflection.ReflectionActivator.ActivateInstance(IComponentContext context, IEnumerable`1 parameters)
   at Autofac.Core.Resolving.InstanceLookup.Activate(IEnumerable`1 parameters)
   at Autofac.Core.Resolving.InstanceLookup.<Execute>b__0()
   at Autofac.Core.Lifetime.LifetimeScope.GetOrCreateAndShare(Guid id, Func`1 creator)
   at Autofac.Core.Resolving.InstanceLookup.Execute()
   at Autofac.Core.Resolving.ResolveOperation.GetOrCreateInstance(ISharingLifetimeScope currentOperationScope, IComponentRegistration registration, IEnumerable`1 parameters)
   at Autofac.Core.Resolving.InstanceLookup.ResolveComponent(IComponentRegistration registration, IEnumerable`1 parameters)
   at Autofac.ResolutionExtensions.TryResolveService(IComponentContext context, Service service, IEnumerable`1 parameters, Object& instance)
   at Autofac.ResolutionExtensions.ResolveService(IComponentContext context, Service service, IEnumerable`1 parameters)
   at Autofac.ResolutionExtensions.Resolve[TService](IComponentContext context, IEnumerable`1 parameters)
   at Autofac.ResolutionExtensions.Resolve[TService](IComponentContext context)
   at Orchard.Mvc.MvcModule.HttpContextBaseFactory(IComponentContext context) in E:\priyanka\New Project\Orchard-dev\Orchard-dev\src\Orchard\Mvc\MvcModule.cs:line 36
   at Autofac.RegistrationExtensions.<>c__DisplayClass10`1.<Register>b__f(IComponentContext c, IEnumerable`1 p)
   at Autofac.Builder.RegistrationBuilder.<>c__DisplayClass1`1.<ForDelegate>b__0(IComponentContext c, IEnumerable`1 p)
   at Autofac.Core.Activators.Delegate.DelegateActivator.ActivateInstance(IComponentContext context, IEnumerable`1 parameters)
   at Autofac.Core.Resolving.InstanceLookup.Activate(IEnumerable`1 parameters)
   at Autofac.Core.Resolving.InstanceLookup.Execute()
   at Autofac.Core.Resolving.ResolveOperation.GetOrCreateInstance(ISharingLifetimeScope currentOperationScope, IComponentRegistration registration, IEnumerable`1 parameters)
   at Autofac.Core.Resolving.ResolveOperation.Execute(IComponentRegistration registration, IEnumerable`1 parameters)
   at Autofac.Core.Lifetime.LifetimeScope.ResolveComponent(IComponentRegistration registration, IEnumerable`1 parameters)
   at Autofac.ResolutionExtensions.TryResolveService(IComponentContext context, Service service, IEnumerable`1 parameters, Object& instance)
   at Autofac.ResolutionExtensions.ResolveService(IComponentContext context, Service service, IEnumerable`1 parameters)
   at Autofac.ResolutionExtensions.Resolve[TService](IComponentContext context, IEnumerable`1 parameters)
   at Autofac.ResolutionExtensions.Resolve[TService](IComponentContext context)
   at Orchard.Environment.WorkContextAccessor.CallContextScopeImplementation..ctor(IEnumerable`1 events, ILifetimeScope lifetimeScope, String workContextSlot) in E:\priyanka\New Project\Orchard-dev\Orchard-dev\src\Orchard\Environment\WorkContextAccessor.cs:line 104
   at Orchard.Environment.WorkContextAccessor.CreateWorkContextScope(HttpContextBase httpContext) in E:\priyanka\New Project\Orchard-dev\Orchard-dev\src\Orchard\Environment\WorkContextAccessor.cs:line 55
   at Orchard.Environment.WorkContextAccessor.CreateWorkContextScope() in E:\priyanka\New Project\Orchard-dev\Orchard-dev\src\Orchard\Environment\WorkContextAccessor.cs:line 60
   at Orchard.Tasks.SweepGenerator.DoWork() in E:\priyanka\New Project\Orchard-dev\Orchard-dev\src\Orchard\Tasks\SweepGenerator.cs:line 67
   at Orchard.Tasks.SweepGenerator.Elapsed(Object sender, ElapsedEventArgs e) in E:\priyanka\New Project\Orchard-dev\Orchard-dev\src\Orchard\Tasks\SweepGenerator.cs:line 51
2020-03-24 12:05:33,726 [53] Orchard.Environment.ShellBuilders.CompositionStrategy - (null) - WARN Identified 'Safarnama.Theme' as an orphaned feature state record in Settings_ShellFeatureRecord.
2020-03-24 12:05:34,226 [53] Orchard.Environment.ShellBuilders.CompositionStrategy - (null) - WARN Identified 'Safarnama.Theme' as an orphaned feature state record in Settings_ShellFeatureRecord.
2020-03-24 12:05:34,241 [53] Orchard.Environment.ShellBuilders.CompositionStrategy - (null) - WARN Identified 'Safarnama.Theme' as an orphaned feature state record in Settings_ShellFeatureRecord.
2020-03-24 12:05:34,585 [53] Orchard.Environment.ShellBuilders.CompositionStrategy - (null) - WARN Identified 'Safarnama.Theme' as an orphaned feature state record in Settings_ShellFeatureRecord.
2020-03-24 12:05:34,585 [53] Orchard.Environment.ShellBuilders.CompositionStrategy - (null) - WARN Identified 'Safarnama.Theme' as an orphaned feature state record in Settings_ShellFeatureRecord.
2020-03-24 13:33:05,126 [42] Orchard.Exceptions.DefaultExceptionPolicy - Default - ERROR An unexpected exception was caught
System.NullReferenceException: Object reference not set to an instance of an object.
   at Orchard.Layouts.Controllers.ElementController.Edit(String session) in E:\priyanka\New Project\Orchard-dev\Orchard-dev\src\Orchard.Web\Modules\Orchard.Layouts\Controllers\ElementController.cs:line 66
   at lambda_method(Closure , ControllerBase , Object[] )
   at System.Web.Mvc.ActionMethodDispatcher.Execute(ControllerBase controller, Object[] parameters)
   at System.Web.Mvc.ReflectedActionDescriptor.Execute(ControllerContext controllerContext, IDictionary`2 parameters)
   at System.Web.Mvc.ControllerActionInvoker.InvokeActionMethod(ControllerContext controllerContext, ActionDescriptor actionDescriptor, IDictionary`2 parameters)
   at System.Web.Mvc.Async.AsyncControllerActionInvoker.<BeginInvokeSynchronousActionMethod>b__39(IAsyncResult asyncResult, ActionInvocation innerInvokeState)
   at System.Web.Mvc.Async.AsyncResultWrapper.WrappedAsyncResult`2.CallEndDelegate(IAsyncResult asyncResult)
   at System.Web.Mvc.Async.AsyncResultWrapper.WrappedAsyncResultBase`1.End()
   at System.Web.Mvc.Async.AsyncControllerActionInvoker.EndInvokeActionMethod(IAsyncResult asyncResult)
   at System.Web.Mvc.Async.AsyncControllerActionInvoker.AsyncInvocationWithFilters.<InvokeActionMethodFilterAsynchronouslyRecursive>b__3d()
   at System.Web.Mvc.Async.AsyncControllerActionInvoker.AsyncInvocationWithFilters.<>c__DisplayClass46.<InvokeActionMethodFilterAsynchronouslyRecursive>b__3f()
   at System.Web.Mvc.Async.AsyncControllerActionInvoker.AsyncInvocationWithFilters.<>c__DisplayClass46.<InvokeActionMethodFilterAsynchronouslyRecursive>b__3f()
   at System.Web.Mvc.Async.AsyncControllerActionInvoker.AsyncInvocationWithFilters.<>c__DisplayClass46.<InvokeActionMethodFilterAsynchronouslyRecursive>b__3f()
2020-03-24 17:49:35,474 [6] Orchard.Environment.ShellBuilders.CompositionStrategy - (null) - WARN Identified 'Safarnama.Theme' as an orphaned feature state record in Settings_ShellFeatureRecord.
2020-03-24 17:49:35,510 [6] Orchard.Environment.ShellBuilders.CompositionStrategy - (null) - WARN Identified 'Safarnama.Theme' as an orphaned feature state record in Settings_ShellFeatureRecord.
2020-03-24 17:49:36,984 [6] Orchard.Environment.Extensions.ExtensionManager - (null) - WARN No suitable loader found for extension "Terra"
2020-03-24 18:34:21,074 [14] Orchard.Exceptions.DefaultExceptionPolicy - Default - ERROR An unexpected exception was caught
System.Web.HttpException (0x80004005): The file "~/Themes/SafarnamaTheme/Views/Layout.cshtml" cannot be requested directly because it calls the "RenderBody" method.
   at System.Web.WebPages.WebPageBase.EnsurePageCanBeRequestedDirectly(String methodName)
   at System.Web.WebPages.WebPageBase.RenderBody()
   at ASP._Page_Themes_SafarnamaTheme_Views_Layout_cshtml.Execute() in E:\priyanka\New Project\Orchard-dev\Orchard-dev\src\Orchard.Web\Themes\SafarnamaTheme\Views\Layout.cshtml:line 127
   at System.Web.WebPages.WebPageBase.ExecutePageHierarchy()
   at System.Web.Mvc.WebViewPage.ExecutePageHierarchy()
   at System.Web.WebPages.WebPageBase.ExecutePageHierarchy(WebPageContext pageContext, TextWriter writer, WebPageRenderingBase startPage)
   at System.Web.Mvc.RazorView.RenderView(ViewContext viewContext, TextWriter writer, Object instance)
   at System.Web.Mvc.BuildManagerCompiledView.Render(ViewContext viewContext, TextWriter writer)
   at System.Web.Mvc.HtmlHelper.RenderPartialInternal(String partialViewName, ViewDataDictionary viewData, Object model, TextWriter writer, ViewEngineCollection viewEngineCollection)
   at System.Web.Mvc.Html.PartialExtensions.Partial(HtmlHelper htmlHelper, String partialViewName, Object model, ViewDataDictionary viewData)
   at System.Web.Mvc.Html.PartialExtensions.Partial(HtmlHelper htmlHelper, String partialViewName, Object model)
   at Orchard.DisplayManagement.Descriptors.ShapeTemplateStrategy.ShapeTemplateBindingStrategy.Render(ShapeDescriptor shapeDescriptor, DisplayContext displayContext, HarvestShapeInfo harvestShapeInfo, HarvestShapeHit harvestShapeHit) in E:\priyanka\New Project\Orchard-dev\Orchard-dev\src\Orchard\DisplayManagement\Descriptors\ShapeTemplateStrategy\ShapeTemplateBindingStrategy.cs:line 151
   at Orchard.DisplayManagement.Descriptors.ShapeTemplateStrategy.ShapeTemplateBindingStrategy.<>c__DisplayClass20_7.<Discover>b__14(DisplayContext displayContext) in E:\priyanka\New Project\Orchard-dev\Orchard-dev\src\Orchard\DisplayManagement\Descriptors\ShapeTemplateStrategy\ShapeTemplateBindingStrategy.cs:line 133
   at Orchard.DisplayManagement.Descriptors.ShapeAlterationBuilder.<>c__DisplayClass7_1.<BoundAs>b__1(DisplayContext displayContext) in E:\priyanka\New Project\Orchard-dev\Orchard-dev\src\Orchard\DisplayManagement\Descriptors\ShapeAlterationBuilder.cs:line 56
   at Orchard.DisplayManagement.Implementation.DefaultDisplayManager.Process(ShapeBinding shapeBinding, IShape shape, DisplayContext context) in E:\priyanka\New Project\Orchard-dev\Orchard-dev\src\Orchard\DisplayManagement\Implementation\DefaultDisplayManager.cs:line 207
   at Orchard.DisplayManagement.Implementation.DefaultDisplayManager.Execute(DisplayContext context) in E:\priyanka\New Project\Orchard-dev\Orchard-dev\src\Orchard\DisplayManagement\Implementation\DefaultDisplayManager.cs:line 103
   at Orchard.DisplayManagement.Implementation.DisplayHelper.ShapeExecute(Object shape) in E:\priyanka\New Project\Orchard-dev\Orchard-dev\src\Orchard\DisplayManagement\Implementation\DisplayHelper.cs:line 86
   at Orchard.DisplayManagement.Implementation.DisplayHelper.Invoke(String name, INamedEnumerable`1 parameters) in E:\priyanka\New Project\Orchard-dev\Orchard-dev\src\Orchard\DisplayManagement\Implementation\DisplayHelper.cs:line 44
   at Orchard.DisplayManagement.Implementation.DisplayHelper.TryInvoke(InvokeBinder binder, Object[] args, Object& result) in E:\priyanka\New Project\Orchard-dev\Orchard-dev\src\Orchard\DisplayManagement\Implementation\DisplayHelper.cs:line 29
   at CallSite.Target(Closure , CallSite , Object , Object )
   at System.Dynamic.UpdateDelegates.UpdateAndExecute2[T0,T1,TRet](CallSite site, T0 arg0, T1 arg1)
   at Orchard.Mvc.ViewEngines.ThemeAwareness.LayoutAwareViewEngine.<>c__DisplayClass9_0.<FindView>b__0(ViewContext viewContext, TextWriter writer, IViewDataContainer viewDataContainer) in E:\priyanka\New Project\Orchard-dev\Orchard-dev\src\Orchard\Mvc\ViewEngines\ThemeAwareness\LayoutAwareViewEngine.cs:line 63
   at Orchard.Mvc.ViewEngines.ThemeAwareness.LayoutAwareViewEngine.LayoutView.Render(ViewContext viewContext, TextWriter writer) in E:\priyanka\New Project\Orchard-dev\Orchard-dev\src\Orchard\Mvc\ViewEngines\ThemeAwareness\LayoutAwareViewEngine.cs:line 90
   at System.Web.Mvc.ViewResultBase.ExecuteResult(ControllerContext context)
   at System.Web.Mvc.ControllerActionInvoker.InvokeActionResult(ControllerContext controllerContext, ActionResult actionResult)
   at System.Web.Mvc.ControllerActionInvoker.InvokeActionResultFilterRecursive(IList`1 filters, Int32 filterIndex, ResultExecutingContext preContext, ControllerContext controllerContext, ActionResult actionResult)
   at System.Web.Mvc.ControllerActionInvoker.InvokeActionResultFilterRecursive(IList`1 filters, Int32 filterIndex, ResultExecutingContext preContext, ControllerContext controllerContext, ActionResult actionResult)
   at System.Web.Mvc.ControllerActionInvoker.InvokeActionResultFilterRecursive(IList`1 filters, Int32 filterIndex, ResultExecutingContext preContext, ControllerContext controllerContext, ActionResult actionResult)
   at System.Web.Mvc.ControllerActionInvoker.InvokeActionResultFilterRecursive(IList`1 filters, Int32 filterIndex, ResultExecutingContext preContext, ControllerContext controllerContext, ActionResult actionResult)
   at System.Web.Mvc.ControllerActionInvoker.InvokeActionResultFilterRecursive(IList`1 filters, Int32 filterIndex, ResultExecutingContext preContext, ControllerContext controllerContext, ActionResult actionResult)
   at System.Web.Mvc.ControllerActionInvoker.InvokeActionResultFilterRecursive(IList`1 filters, Int32 filterIndex, ResultExecutingContext preContext, ControllerContext controllerContext, ActionResult actionResult)
   at System.Web.Mvc.ControllerActionInvoker.InvokeActionResultFilterRecursive(IList`1 filters, Int32 filterIndex, ResultExecutingContext preContext, ControllerContext controllerContext, ActionResult actionResult)
   at System.Web.Mvc.ControllerActionInvoker.InvokeActionResultFilterRecursive(IList`1 filters, Int32 filterIndex, ResultExecutingContext preContext, ControllerContext controllerContext, ActionResult actionResult)
   at System.Web.Mvc.ControllerActionInvoker.InvokeActionResultFilterRecursive(IList`1 filters, Int32 filterIndex, ResultExecutingContext preContext, ControllerContext controllerContext, ActionResult actionResult)
2020-03-24 18:34:21,077 [6] Orchard.Exceptions.DefaultExceptionPolicy - Default - ERROR An unexpected exception was caught
System.Web.HttpException (0x80004005): The file "~/Themes/SafarnamaTheme/Views/Layout.cshtml" cannot be requested directly because it calls the "RenderBody" method.
   at System.Web.WebPages.WebPageBase.EnsurePageCanBeRequestedDirectly(String methodName)
   at System.Web.WebPages.WebPageBase.RenderBody()
   at ASP._Page_Themes_SafarnamaTheme_Views_Layout_cshtml.Execute() in E:\priyanka\New Project\Orchard-dev\Orchard-dev\src\Orchard.Web\Themes\SafarnamaTheme\Views\Layout.cshtml:line 127
   at System.Web.WebPages.WebPageBase.ExecutePageHierarchy()
   at System.Web.Mvc.WebViewPage.ExecutePageHierarchy()
   at System.Web.WebPages.WebPageBase.ExecutePageHierarchy(WebPageContext pageContext, TextWriter writer, WebPageRenderingBase startPage)
   at System.Web.Mvc.RazorView.RenderView(ViewContext viewContext, TextWriter writer, Object instance)
   at System.Web.Mvc.BuildManagerCompiledView.Render(ViewContext viewContext, TextWriter writer)
   at System.Web.Mvc.HtmlHelper.RenderPartialInternal(String partialViewName, ViewDataDictionary viewData, Object model, TextWriter writer, ViewEngineCollection viewEngineCollection)
   at System.Web.Mvc.Html.PartialExtensions.Partial(HtmlHelper htmlHelper, String partialViewName, Object model, ViewDataDictionary viewData)
   at System.Web.Mvc.Html.PartialExtensions.Partial(HtmlHelper htmlHelper, String partialViewName, Object model)
   at Orchard.DisplayManagement.Descriptors.ShapeTemplateStrategy.ShapeTemplateBindingStrategy.Render(ShapeDescriptor shapeDescriptor, DisplayContext displayContext, HarvestShapeInfo harvestShapeInfo, HarvestShapeHit harvestShapeHit) in E:\priyanka\New Project\Orchard-dev\Orchard-dev\src\Orchard\DisplayManagement\Descriptors\ShapeTemplateStrategy\ShapeTemplateBindingStrategy.cs:line 151
   at Orchard.DisplayManagement.Descriptors.ShapeTemplateStrategy.ShapeTemplateBindingStrategy.<>c__DisplayClass20_7.<Discover>b__14(DisplayContext displayContext) in E:\priyanka\New Project\Orchard-dev\Orchard-dev\src\Orchard\DisplayManagement\Descriptors\ShapeTemplateStrategy\ShapeTemplateBindingStrategy.cs:line 133
   at Orchard.DisplayManagement.Descriptors.ShapeAlterationBuilder.<>c__DisplayClass7_1.<BoundAs>b__1(DisplayContext displayContext) in E:\priyanka\New Project\Orchard-dev\Orchard-dev\src\Orchard\DisplayManagement\Descriptors\ShapeAlterationBuilder.cs:line 56
   at Orchard.DisplayManagement.Implementation.DefaultDisplayManager.Process(ShapeBinding shapeBinding, IShape shape, DisplayContext context) in E:\priyanka\New Project\Orchard-dev\Orchard-dev\src\Orchard\DisplayManagement\Implementation\DefaultDisplayManager.cs:line 207
   at Orchard.DisplayManagement.Implementation.DefaultDisplayManager.Execute(DisplayContext context) in E:\priyanka\New Project\Orchard-dev\Orchard-dev\src\Orchard\DisplayManagement\Implementation\DefaultDisplayManager.cs:line 103
   at Orchard.DisplayManagement.Implementation.DisplayHelper.ShapeExecute(Object shape) in E:\priyanka\New Project\Orchard-dev\Orchard-dev\src\Orchard\DisplayManagement\Implementation\DisplayHelper.cs:line 86
   at Orchard.DisplayManagement.Implementation.DisplayHelper.Invoke(String name, INamedEnumerable`1 parameters) in E:\priyanka\New Project\Orchard-dev\Orchard-dev\src\Orchard\DisplayManagement\Implementation\DisplayHelper.cs:line 44
   at Orchard.DisplayManagement.Implementation.DisplayHelper.TryInvoke(InvokeBinder binder, Object[] args, Object& result) in E:\priyanka\New Project\Orchard-dev\Orchard-dev\src\Orchard\DisplayManagement\Implementation\DisplayHelper.cs:line 29
   at CallSite.Target(Closure , CallSite , Object , Object )
   at System.Dynamic.UpdateDelegates.UpdateAndExecute2[T0,T1,TRet](CallSite site, T0 arg0, T1 arg1)
   at Orchard.Mvc.ViewEngines.ThemeAwareness.LayoutAwareViewEngine.<>c__DisplayClass9_0.<FindView>b__0(ViewContext viewContext, TextWriter writer, IViewDataContainer viewDataContainer) in E:\priyanka\New Project\Orchard-dev\Orchard-dev\src\Orchard\Mvc\ViewEngines\ThemeAwareness\LayoutAwareViewEngine.cs:line 63
   at Orchard.Mvc.ViewEngines.ThemeAwareness.LayoutAwareViewEngine.LayoutView.Render(ViewContext viewContext, TextWriter writer) in E:\priyanka\New Project\Orchard-dev\Orchard-dev\src\Orchard\Mvc\ViewEngines\ThemeAwareness\LayoutAwareViewEngine.cs:line 90
   at System.Web.Mvc.ViewResultBase.ExecuteResult(ControllerContext context)
   at System.Web.Mvc.ControllerActionInvoker.InvokeActionResult(ControllerContext controllerContext, ActionResult actionResult)
   at System.Web.Mvc.ControllerActionInvoker.InvokeActionResultFilterRecursive(IList`1 filters, Int32 filterIndex, ResultExecutingContext preContext, ControllerContext controllerContext, ActionResult actionResult)
   at System.Web.Mvc.ControllerActionInvoker.InvokeActionResultFilterRecursive(IList`1 filters, Int32 filterIndex, ResultExecutingContext preContext, ControllerContext controllerContext, ActionResult actionResult)
   at System.Web.Mvc.ControllerActionInvoker.InvokeActionResultFilterRecursive(IList`1 filters, Int32 filterIndex, ResultExecutingContext preContext, ControllerContext controllerContext, ActionResult actionResult)
   at System.Web.Mvc.ControllerActionInvoker.InvokeActionResultFilterRecursive(IList`1 filters, Int32 filterIndex, ResultExecutingContext preContext, ControllerContext controllerContext, ActionResult actionResult)
   at System.Web.Mvc.ControllerActionInvoker.InvokeActionResultFilterRecursive(IList`1 filters, Int32 filterIndex, ResultExecutingContext preContext, ControllerContext controllerContext, ActionResult actionResult)
   at System.Web.Mvc.ControllerActionInvoker.InvokeActionResultFilterRecursive(IList`1 filters, Int32 filterIndex, ResultExecutingContext preContext, ControllerContext controllerContext, ActionResult actionResult)
   at System.Web.Mvc.ControllerActionInvoker.InvokeActionResultFilterRecursive(IList`1 filters, Int32 filterIndex, ResultExecutingContext preContext, ControllerContext controllerContext, ActionResult actionResult)
   at System.Web.Mvc.ControllerActionInvoker.InvokeActionResultFilterRecursive(IList`1 filters, Int32 filterIndex, ResultExecutingContext preContext, ControllerContext controllerContext, ActionResult actionResult)
   at System.Web.Mvc.ControllerActionInvoker.InvokeActionResultFilterRecursive(IList`1 filters, Int32 filterIndex, ResultExecutingContext preContext, ControllerContext controllerContext, ActionResult actionResult)
