2020-03-17 10:57:43,725 [7] Orchard.Exceptions.DefaultExceptionPolicy - Default - An unexpected exception was caught [http://localhost:51265/Packaging/PackagingServices/InstallLocally?redirectUrl=%2FAdmin%2FThemes]
Orchard.OrchardException: Select a file to upload.
   at Orchard.Packaging.Controllers.PackagingServicesController.InstallLocally(String redirectUrl) in C:\Priyanka\Orchard-dev\src\Orchard.Web\Modules\Orchard.Packaging\Controllers\PackagingServicesController.cs:line 167
   at lambda_method(Closure , ControllerBase , Object[] )
   at System.Web.Mvc.ActionMethodDispatcher.Execute(ControllerBase controller, Object[] parameters)
   at System.Web.Mvc.ReflectedActionDescriptor.Execute(ControllerContext controllerContext, IDictionary`2 parameters)
   at System.Web.Mvc.ControllerActionInvoker.InvokeActionMethod(ControllerContext controllerContext, ActionDescriptor actionDescriptor, IDictionary`2 parameters)
   at System.Web.Mvc.Async.AsyncControllerActionInvoker.<BeginInvokeSynchronousActionMethod>b__39(IAsyncResult asyncResult, ActionInvocation innerInvokeState)
   at System.Web.Mvc.Async.AsyncResultWrapper.WrappedAsyncResult`2.CallEndDelegate(IAsyncResult asyncResult)
   at System.Web.Mvc.Async.AsyncResultWrapper.WrappedAsyncResultBase`1.End()
   at System.Web.Mvc.Async.AsyncControllerActionInvoker.EndInvokeActionMethod(IAsyncResult asyncResult)
   at System.Web.Mvc.Async.AsyncControllerActionInvoker.AsyncInvocationWithFilters.<InvokeActionMethodFilterAsynchronouslyRecursive>b__3d()
   at System.Web.Mvc.Async.AsyncControllerActionInvoker.AsyncInvocationWithFilters.<>c__DisplayClass46.<InvokeActionMethodFilterAsynchronouslyRecursive>b__3f()
   at System.Web.Mvc.Async.AsyncControllerActionInvoker.AsyncInvocationWithFilters.<>c__DisplayClass46.<InvokeActionMethodFilterAsynchronouslyRecursive>b__3f()
   at System.Web.Mvc.Async.AsyncControllerActionInvoker.AsyncInvocationWithFilters.<>c__DisplayClass46.<InvokeActionMethodFilterAsynchronouslyRecursive>b__3f()
2020-03-17 11:52:49,286 [7] Orchard.Exceptions.DefaultExceptionPolicy - Default - An unexpected exception was caught [http://localhost:51265/Admin/Themes/Preview]
System.NullReferenceException: Object reference not set to an instance of an object.
   at Orchard.Themes.Services.ThemeService.EnableThemeFeatures(String themeName) in C:\Priyanka\Orchard-dev\src\Orchard.Web\Modules\Orchard.Themes\Services\ThemeService.cs:line 88
   at Orchard.Themes.Controllers.AdminController.Preview(String themeId, String returnUrl) in C:\Priyanka\Orchard-dev\src\Orchard.Web\Modules\Orchard.Themes\Controllers\AdminController.cs:line 138
   at lambda_method(Closure , ControllerBase , Object[] )
   at System.Web.Mvc.ActionMethodDispatcher.Execute(ControllerBase controller, Object[] parameters)
   at System.Web.Mvc.ReflectedActionDescriptor.Execute(ControllerContext controllerContext, IDictionary`2 parameters)
   at System.Web.Mvc.ControllerActionInvoker.InvokeActionMethod(ControllerContext controllerContext, ActionDescriptor actionDescriptor, IDictionary`2 parameters)
   at System.Web.Mvc.Async.AsyncControllerActionInvoker.<BeginInvokeSynchronousActionMethod>b__39(IAsyncResult asyncResult, ActionInvocation innerInvokeState)
   at System.Web.Mvc.Async.AsyncResultWrapper.WrappedAsyncResult`2.CallEndDelegate(IAsyncResult asyncResult)
   at System.Web.Mvc.Async.AsyncResultWrapper.WrappedAsyncResultBase`1.End()
   at System.Web.Mvc.Async.AsyncControllerActionInvoker.EndInvokeActionMethod(IAsyncResult asyncResult)
   at System.Web.Mvc.Async.AsyncControllerActionInvoker.AsyncInvocationWithFilters.<InvokeActionMethodFilterAsynchronouslyRecursive>b__3d()
   at System.Web.Mvc.Async.AsyncControllerActionInvoker.AsyncInvocationWithFilters.<>c__DisplayClass46.<InvokeActionMethodFilterAsynchronouslyRecursive>b__3f()
   at System.Web.Mvc.Async.AsyncControllerActionInvoker.AsyncInvocationWithFilters.<>c__DisplayClass46.<InvokeActionMethodFilterAsynchronouslyRecursive>b__3f()
   at System.Web.Mvc.Async.AsyncControllerActionInvoker.AsyncInvocationWithFilters.<>c__DisplayClass46.<InvokeActionMethodFilterAsynchronouslyRecursive>b__3f()
2020-03-17 16:28:56,152 [8] Orchard.Mvc.ViewEngines.ThemeAwareness.ThemeAwareViewEngine - Default - Base theme '$$BaseTheme$$' of theme 'SafarnamaTheme' not found in list of features [http://localhost:51265/]
2020-03-17 18:42:06,868 [26] Orchard.Exceptions.DefaultExceptionPolicy - Default - An unexpected exception was caught [http://localhost:51265/]
System.Web.HttpParseException (0x80004005): The if block is missing a closing "}" character.  Make sure you have a matching "}" character for all the "{" characters within this block, and that none of the "}" characters are being interpreted as markup.

   at System.Web.WebPages.Razor.RazorBuildProvider.EnsureGeneratedCode()
   at System.Web.WebPages.Razor.RazorBuildProvider.get_CodeCompilerType()
   at System.Web.Compilation.BuildProvider.GetCompilerTypeFromBuildProvider(BuildProvider buildProvider)
   at System.Web.Compilation.BuildProvidersCompiler.ProcessBuildProviders()
   at System.Web.Compilation.BuildProvidersCompiler.PerformBuild()
   at System.Web.Compilation.BuildManager.CompileWebFile(VirtualPath virtualPath)
   at System.Web.Compilation.BuildManager.GetVPathBuildResultInternal(VirtualPath virtualPath, Boolean noBuild, Boolean allowCrossApp, Boolean allowBuildInPrecompile, Boolean throwIfNotFound, Boolean ensureIsUpToDate)
   at System.Web.Compilation.BuildManager.GetVPathBuildResultWithNoAssert(HttpContext context, VirtualPath virtualPath, Boolean noBuild, Boolean allowCrossApp, Boolean allowBuildInPrecompile, Boolean throwIfNotFound, Boolean ensureIsUpToDate)
   at System.Web.Compilation.BuildManager.GetVirtualPathObjectFactory(VirtualPath virtualPath, HttpContext context, Boolean allowCrossApp, Boolean throwIfNotFound)
   at System.Web.Compilation.BuildManager.GetCompiledType(VirtualPath virtualPath)
   at System.Web.Compilation.BuildManager.GetCompiledType(String virtualPath)
   at System.Web.Mvc.BuildManagerWrapper.System.Web.Mvc.IBuildManager.GetCompiledType(String virtualPath)
   at System.Web.Mvc.BuildManagerCompiledView.Render(ViewContext viewContext, TextWriter writer)
   at System.Web.Mvc.HtmlHelper.RenderPartialInternal(String partialViewName, ViewDataDictionary viewData, Object model, TextWriter writer, ViewEngineCollection viewEngineCollection)
   at System.Web.Mvc.Html.PartialExtensions.Partial(HtmlHelper htmlHelper, String partialViewName, Object model, ViewDataDictionary viewData)
   at System.Web.Mvc.Html.PartialExtensions.Partial(HtmlHelper htmlHelper, String partialViewName, Object model)
   at Orchard.DisplayManagement.Descriptors.ShapeTemplateStrategy.ShapeTemplateBindingStrategy.Render(ShapeDescriptor shapeDescriptor, DisplayContext displayContext, HarvestShapeInfo harvestShapeInfo, HarvestShapeHit harvestShapeHit) in C:\Priyanka\Orchard-dev\src\Orchard\DisplayManagement\Descriptors\ShapeTemplateStrategy\ShapeTemplateBindingStrategy.cs:line 151
   at Orchard.DisplayManagement.Descriptors.ShapeTemplateStrategy.ShapeTemplateBindingStrategy.<>c__DisplayClass20_7.<Discover>b__14(DisplayContext displayContext) in C:\Priyanka\Orchard-dev\src\Orchard\DisplayManagement\Descriptors\ShapeTemplateStrategy\ShapeTemplateBindingStrategy.cs:line 133
   at Orchard.DisplayManagement.Descriptors.ShapeAlterationBuilder.<>c__DisplayClass7_1.<BoundAs>b__1(DisplayContext displayContext) in C:\Priyanka\Orchard-dev\src\Orchard\DisplayManagement\Descriptors\ShapeAlterationBuilder.cs:line 56
   at Orchard.DisplayManagement.Implementation.DefaultDisplayManager.Process(ShapeBinding shapeBinding, IShape shape, DisplayContext context) in C:\Priyanka\Orchard-dev\src\Orchard\DisplayManagement\Implementation\DefaultDisplayManager.cs:line 207
   at Orchard.DisplayManagement.Implementation.DefaultDisplayManager.Execute(DisplayContext context) in C:\Priyanka\Orchard-dev\src\Orchard\DisplayManagement\Implementation\DefaultDisplayManager.cs:line 103
   at Orchard.DisplayManagement.Implementation.DisplayHelper.ShapeExecute(Object shape) in C:\Priyanka\Orchard-dev\src\Orchard\DisplayManagement\Implementation\DisplayHelper.cs:line 86
   at Orchard.DisplayManagement.Implementation.DisplayHelper.Invoke(String name, INamedEnumerable`1 parameters) in C:\Priyanka\Orchard-dev\src\Orchard\DisplayManagement\Implementation\DisplayHelper.cs:line 44
   at Orchard.DisplayManagement.Implementation.DisplayHelper.TryInvoke(InvokeBinder binder, Object[] args, Object& result) in C:\Priyanka\Orchard-dev\src\Orchard\DisplayManagement\Implementation\DisplayHelper.cs:line 29
   at CallSite.Target(Closure , CallSite , Object , Object )
   at Orchard.Mvc.ViewEngines.ThemeAwareness.LayoutAwareViewEngine.<>c__DisplayClass9_0.<FindView>b__0(ViewContext viewContext, TextWriter writer, IViewDataContainer viewDataContainer) in C:\Priyanka\Orchard-dev\src\Orchard\Mvc\ViewEngines\ThemeAwareness\LayoutAwareViewEngine.cs:line 63
   at Orchard.Mvc.ViewEngines.ThemeAwareness.LayoutAwareViewEngine.LayoutView.Render(ViewContext viewContext, TextWriter writer) in C:\Priyanka\Orchard-dev\src\Orchard\Mvc\ViewEngines\ThemeAwareness\LayoutAwareViewEngine.cs:line 90
   at System.Web.Mvc.ViewResultBase.ExecuteResult(ControllerContext context)
   at System.Web.Mvc.ControllerActionInvoker.InvokeActionResult(ControllerContext controllerContext, ActionResult actionResult)
   at System.Web.Mvc.ControllerActionInvoker.InvokeActionResultFilterRecursive(IList`1 filters, Int32 filterIndex, ResultExecutingContext preContext, ControllerContext controllerContext, ActionResult actionResult)
   at System.Web.Mvc.ControllerActionInvoker.InvokeActionResultFilterRecursive(IList`1 filters, Int32 filterIndex, ResultExecutingContext preContext, ControllerContext controllerContext, ActionResult actionResult)
   at System.Web.Mvc.ControllerActionInvoker.InvokeActionResultFilterRecursive(IList`1 filters, Int32 filterIndex, ResultExecutingContext preContext, ControllerContext controllerContext, ActionResult actionResult)
   at System.Web.Mvc.ControllerActionInvoker.InvokeActionResultFilterRecursive(IList`1 filters, Int32 filterIndex, ResultExecutingContext preContext, ControllerContext controllerContext, ActionResult actionResult)
   at System.Web.Mvc.ControllerActionInvoker.InvokeActionResultFilterRecursive(IList`1 filters, Int32 filterIndex, ResultExecutingContext preContext, ControllerContext controllerContext, ActionResult actionResult)
   at System.Web.Mvc.ControllerActionInvoker.InvokeActionResultFilterRecursive(IList`1 filters, Int32 filterIndex, ResultExecutingContext preContext, ControllerContext controllerContext, ActionResult actionResult)
   at System.Web.Mvc.ControllerActionInvoker.InvokeActionResultFilterRecursive(IList`1 filters, Int32 filterIndex, ResultExecutingContext preContext, ControllerContext controllerContext, ActionResult actionResult)
   at System.Web.Mvc.ControllerActionInvoker.InvokeActionResultFilterRecursive(IList`1 filters, Int32 filterIndex, ResultExecutingContext preContext, ControllerContext controllerContext, ActionResult actionResult)
   at System.Web.Mvc.ControllerActionInvoker.InvokeActionResultFilterRecursive(IList`1 filters, Int32 filterIndex, ResultExecutingContext preContext, ControllerContext controllerContext, ActionResult actionResult)
   at System.Web.Mvc.ControllerActionInvoker.InvokeActionResultFilterRecursive(IList`1 filters, Int32 filterIndex, ResultExecutingContext preContext, ControllerContext controllerContext, ActionResult actionResult)
